2024-06-21T09:26:41.469+07:00  INFO 15604 --- [bookService] [restartedMain] devc.work.BookServiceApplication         : Starting BookServiceApplication using Java 21.0.2 with PID 15604 (E:\OneDrive - buv.edu.vn\JavaLearn\LearnJavaSpringBoot\bookService\target\classes started by Admin in E:\OneDrive - buv.edu.vn\JavaLearn\LearnJavaSpringBoot\bookService)
2024-06-21T09:26:41.488+07:00  INFO 15604 --- [bookService] [restartedMain] devc.work.BookServiceApplication         : No active profile set, falling back to 1 default profile: "default"
2024-06-21T09:26:41.579+07:00  INFO 15604 --- [bookService] [restartedMain] o.s.b.devtools.restart.ChangeableUrls    : The Class-Path manifest attribute in C:\Users\Admin\.m2\repository\org\apache\kafka\kafka-clients\3.7.0\kafka-clients-3.7.0.jar referenced one or more files that do not exist: file:/C:/Users/Admin/.m2/repository/org/apache/kafka/kafka-clients/3.7.0/zstd-jni-1.5.5-6.jar,file:/C:/Users/Admin/.m2/repository/org/apache/kafka/kafka-clients/3.7.0/lz4-java-1.8.0.jar,file:/C:/Users/Admin/.m2/repository/org/apache/kafka/kafka-clients/3.7.0/snappy-java-1.1.10.5.jar,file:/C:/Users/Admin/.m2/repository/org/apache/kafka/kafka-clients/3.7.0/slf4j-api-1.7.36.jar
2024-06-21T09:26:41.580+07:00  INFO 15604 --- [bookService] [restartedMain] .e.DevToolsPropertyDefaultsPostProcessor : Devtools property defaults active! Set 'spring.devtools.add-properties' to 'false' to disable
2024-06-21T09:26:41.581+07:00  INFO 15604 --- [bookService] [restartedMain] .e.DevToolsPropertyDefaultsPostProcessor : For additional web related logging consider setting the 'logging.level.web' property to 'DEBUG'
2024-06-21T09:26:43.191+07:00  INFO 15604 --- [bookService] [restartedMain] .s.d.r.c.RepositoryConfigurationDelegate : Bootstrapping Spring Data JPA repositories in DEFAULT mode.
2024-06-21T09:26:43.296+07:00  INFO 15604 --- [bookService] [restartedMain] .s.d.r.c.RepositoryConfigurationDelegate : Finished Spring Data repository scanning in 91 ms. Found 2 JPA repository interfaces.
2024-06-21T09:26:43.765+07:00  INFO 15604 --- [bookService] [restartedMain] o.s.cloud.context.scope.GenericScope     : BeanFactory id=b3185195-a0f3-3bd5-9cd0-efd4d0f55fc0
2024-06-21T09:26:44.900+07:00  INFO 15604 --- [bookService] [restartedMain] o.s.b.w.embedded.tomcat.TomcatWebServer  : Tomcat initialized with port 5511 (http)
2024-06-21T09:26:44.923+07:00  INFO 15604 --- [bookService] [restartedMain] o.apache.catalina.core.StandardService   : Starting service [Tomcat]
2024-06-21T09:26:44.924+07:00  INFO 15604 --- [bookService] [restartedMain] o.apache.catalina.core.StandardEngine    : Starting Servlet engine: [Apache Tomcat/10.1.24]
2024-06-21T09:26:45.018+07:00  INFO 15604 --- [bookService] [restartedMain] o.a.c.c.C.[Tomcat].[localhost].[/]       : Initializing Spring embedded WebApplicationContext
2024-06-21T09:26:45.018+07:00  INFO 15604 --- [bookService] [restartedMain] w.s.c.ServletWebServerApplicationContext : Root WebApplicationContext: initialization completed in 3436 ms
2024-06-21T09:26:45.301+07:00  INFO 15604 --- [bookService] [restartedMain] o.hibernate.jpa.internal.util.LogHelper  : HHH000204: Processing PersistenceUnitInfo [name: default]
2024-06-21T09:26:45.440+07:00  INFO 15604 --- [bookService] [restartedMain] org.hibernate.Version                    : HHH000412: Hibernate ORM core version 6.5.2.Final
2024-06-21T09:26:45.509+07:00  INFO 15604 --- [bookService] [restartedMain] o.h.c.internal.RegionFactoryInitiator    : HHH000026: Second-level cache disabled
2024-06-21T09:26:46.022+07:00  INFO 15604 --- [bookService] [restartedMain] o.s.o.j.p.SpringPersistenceUnitInfo      : No LoadTimeWeaver setup: ignoring JPA class transformer
2024-06-21T09:26:46.067+07:00  INFO 15604 --- [bookService] [restartedMain] com.zaxxer.hikari.HikariDataSource       : HikariPool-1 - Starting...
2024-06-21T09:26:46.657+07:00  INFO 15604 --- [bookService] [restartedMain] com.zaxxer.hikari.pool.HikariPool        : HikariPool-1 - Added connection com.mysql.cj.jdbc.ConnectionImpl@10cb64f
2024-06-21T09:26:46.661+07:00  INFO 15604 --- [bookService] [restartedMain] com.zaxxer.hikari.HikariDataSource       : HikariPool-1 - Start completed.
2024-06-21T09:26:46.779+07:00  WARN 15604 --- [bookService] [restartedMain] org.hibernate.orm.deprecation            : HHH90000025: MySQLDialect does not need to be specified explicitly using 'hibernate.dialect' (remove the property setting and it will be selected by default)
2024-06-21T09:26:48.157+07:00  INFO 15604 --- [bookService] [restartedMain] o.h.e.t.j.p.i.JtaPlatformInitiator       : HHH000489: No JTA platform available (set 'hibernate.transaction.jta.platform' to enable JTA platform integration)
2024-06-21T09:26:48.304+07:00  INFO 15604 --- [bookService] [restartedMain] j.LocalContainerEntityManagerFactoryBean : Initialized JPA EntityManagerFactory for persistence unit 'default'
2024-06-21T09:26:48.786+07:00  INFO 15604 --- [bookService] [restartedMain] o.s.d.j.r.query.QueryEnhancerFactory     : Hibernate is in classpath; If applicable, HQL parser will be used.
2024-06-21T09:26:49.541+07:00  WARN 15604 --- [bookService] [restartedMain] JpaBaseConfiguration$JpaWebConfiguration : spring.jpa.open-in-view is enabled by default. Therefore, database queries may be performed during view rendering. Explicitly configure spring.jpa.open-in-view to disable this warning
2024-06-21T09:26:50.362+07:00  INFO 15604 --- [bookService] [restartedMain] o.s.b.d.a.OptionalLiveReloadServer       : LiveReload server is running on port 35729
2024-06-21T09:26:51.404+07:00  INFO 15604 --- [bookService] [restartedMain] o.s.cloud.commons.util.InetUtils         : Cannot determine local hostname
2024-06-21T09:26:51.548+07:00  INFO 15604 --- [bookService] [restartedMain] o.s.b.w.embedded.tomcat.TomcatWebServer  : Tomcat started on port 5511 (http) with context path '/'
2024-06-21T09:26:52.578+07:00  INFO 15604 --- [bookService] [restartedMain] o.s.cloud.commons.util.InetUtils         : Cannot determine local hostname
2024-06-21T09:26:52.591+07:00  INFO 15604 --- [bookService] [restartedMain] devc.work.BookServiceApplication         : Started BookServiceApplication in 12.86 seconds (process running for 13.619)
2024-06-21T09:28:13.583+07:00  INFO 15604 --- [bookService] [http-nio-5511-exec-2] o.a.c.c.C.[Tomcat].[localhost].[/]       : Initializing Spring DispatcherServlet 'dispatcherServlet'
2024-06-21T09:28:13.584+07:00  INFO 15604 --- [bookService] [http-nio-5511-exec-2] o.s.web.servlet.DispatcherServlet        : Initializing Servlet 'dispatcherServlet'
2024-06-21T09:28:13.586+07:00  INFO 15604 --- [bookService] [http-nio-5511-exec-2] o.s.web.servlet.DispatcherServlet        : Completed initialization in 1 ms
2024-06-21T09:45:27.502+07:00  WARN 15604 --- [bookService] [HikariPool-1 housekeeper] com.zaxxer.hikari.pool.HikariPool        : HikariPool-1 - Thread starvation or clock leap detected (housekeeper delta=4m40s689ms565µs900ns).
2024-06-21T14:38:11.825+07:00  INFO 19632 --- [bookService] [restartedMain] devc.work.BookServiceApplication         : Starting BookServiceApplication using Java 21.0.2 with PID 19632 (E:\OneDrive - buv.edu.vn\JavaLearn\LearnJavaSpringBoot\bookService\target\classes started by Admin in E:\OneDrive - buv.edu.vn\JavaLearn\LearnJavaSpringBoot\bookService)
2024-06-21T14:38:11.829+07:00  INFO 19632 --- [bookService] [restartedMain] devc.work.BookServiceApplication         : No active profile set, falling back to 1 default profile: "default"
2024-06-21T14:38:11.909+07:00  INFO 19632 --- [bookService] [restartedMain] o.s.b.devtools.restart.ChangeableUrls    : The Class-Path manifest attribute in C:\Users\Admin\.m2\repository\org\apache\kafka\kafka-clients\3.7.0\kafka-clients-3.7.0.jar referenced one or more files that do not exist: file:/C:/Users/Admin/.m2/repository/org/apache/kafka/kafka-clients/3.7.0/zstd-jni-1.5.5-6.jar,file:/C:/Users/Admin/.m2/repository/org/apache/kafka/kafka-clients/3.7.0/lz4-java-1.8.0.jar,file:/C:/Users/Admin/.m2/repository/org/apache/kafka/kafka-clients/3.7.0/snappy-java-1.1.10.5.jar,file:/C:/Users/Admin/.m2/repository/org/apache/kafka/kafka-clients/3.7.0/slf4j-api-1.7.36.jar
2024-06-21T14:38:11.910+07:00  INFO 19632 --- [bookService] [restartedMain] .e.DevToolsPropertyDefaultsPostProcessor : Devtools property defaults active! Set 'spring.devtools.add-properties' to 'false' to disable
2024-06-21T14:38:11.910+07:00  INFO 19632 --- [bookService] [restartedMain] .e.DevToolsPropertyDefaultsPostProcessor : For additional web related logging consider setting the 'logging.level.web' property to 'DEBUG'
2024-06-21T14:38:13.466+07:00  INFO 19632 --- [bookService] [restartedMain] .s.d.r.c.RepositoryConfigurationDelegate : Bootstrapping Spring Data JPA repositories in DEFAULT mode.
2024-06-21T14:38:13.560+07:00  INFO 19632 --- [bookService] [restartedMain] .s.d.r.c.RepositoryConfigurationDelegate : Finished Spring Data repository scanning in 81 ms. Found 2 JPA repository interfaces.
2024-06-21T14:38:13.984+07:00  INFO 19632 --- [bookService] [restartedMain] o.s.cloud.context.scope.GenericScope     : BeanFactory id=b3185195-a0f3-3bd5-9cd0-efd4d0f55fc0
2024-06-21T14:38:14.915+07:00  INFO 19632 --- [bookService] [restartedMain] o.s.b.w.embedded.tomcat.TomcatWebServer  : Tomcat initialized with port 5511 (http)
2024-06-21T14:38:14.935+07:00  INFO 19632 --- [bookService] [restartedMain] o.apache.catalina.core.StandardService   : Starting service [Tomcat]
2024-06-21T14:38:14.935+07:00  INFO 19632 --- [bookService] [restartedMain] o.apache.catalina.core.StandardEngine    : Starting Servlet engine: [Apache Tomcat/10.1.24]
2024-06-21T14:38:15.018+07:00  INFO 19632 --- [bookService] [restartedMain] o.a.c.c.C.[Tomcat].[localhost].[/]       : Initializing Spring embedded WebApplicationContext
2024-06-21T14:38:15.019+07:00  INFO 19632 --- [bookService] [restartedMain] w.s.c.ServletWebServerApplicationContext : Root WebApplicationContext: initialization completed in 3108 ms
2024-06-21T14:38:15.299+07:00  INFO 19632 --- [bookService] [restartedMain] o.hibernate.jpa.internal.util.LogHelper  : HHH000204: Processing PersistenceUnitInfo [name: default]
2024-06-21T14:38:15.419+07:00  INFO 19632 --- [bookService] [restartedMain] org.hibernate.Version                    : HHH000412: Hibernate ORM core version 6.5.2.Final
2024-06-21T14:38:15.483+07:00  INFO 19632 --- [bookService] [restartedMain] o.h.c.internal.RegionFactoryInitiator    : HHH000026: Second-level cache disabled
2024-06-21T14:38:15.979+07:00  INFO 19632 --- [bookService] [restartedMain] o.s.o.j.p.SpringPersistenceUnitInfo      : No LoadTimeWeaver setup: ignoring JPA class transformer
2024-06-21T14:38:16.016+07:00  INFO 19632 --- [bookService] [restartedMain] com.zaxxer.hikari.HikariDataSource       : HikariPool-1 - Starting...
2024-06-21T14:38:16.392+07:00  INFO 19632 --- [bookService] [restartedMain] com.zaxxer.hikari.pool.HikariPool        : HikariPool-1 - Added connection com.mysql.cj.jdbc.ConnectionImpl@43e6dd51
2024-06-21T14:38:16.395+07:00  INFO 19632 --- [bookService] [restartedMain] com.zaxxer.hikari.HikariDataSource       : HikariPool-1 - Start completed.
2024-06-21T14:38:16.469+07:00  WARN 19632 --- [bookService] [restartedMain] org.hibernate.orm.deprecation            : HHH90000025: MySQLDialect does not need to be specified explicitly using 'hibernate.dialect' (remove the property setting and it will be selected by default)
2024-06-21T14:38:17.636+07:00  INFO 19632 --- [bookService] [restartedMain] o.h.e.t.j.p.i.JtaPlatformInitiator       : HHH000489: No JTA platform available (set 'hibernate.transaction.jta.platform' to enable JTA platform integration)
2024-06-21T14:38:17.709+07:00  INFO 19632 --- [bookService] [restartedMain] j.LocalContainerEntityManagerFactoryBean : Initialized JPA EntityManagerFactory for persistence unit 'default'
2024-06-21T14:38:18.212+07:00  INFO 19632 --- [bookService] [restartedMain] o.s.d.j.r.query.QueryEnhancerFactory     : Hibernate is in classpath; If applicable, HQL parser will be used.
2024-06-21T14:38:18.947+07:00  WARN 19632 --- [bookService] [restartedMain] JpaBaseConfiguration$JpaWebConfiguration : spring.jpa.open-in-view is enabled by default. Therefore, database queries may be performed during view rendering. Explicitly configure spring.jpa.open-in-view to disable this warning
2024-06-21T14:38:19.985+07:00  WARN 19632 --- [bookService] [restartedMain] o.s.b.d.a.OptionalLiveReloadServer       : Unable to start LiveReload server
2024-06-21T14:38:21.019+07:00  INFO 19632 --- [bookService] [restartedMain] o.s.cloud.commons.util.InetUtils         : Cannot determine local hostname
2024-06-21T14:38:21.128+07:00  INFO 19632 --- [bookService] [restartedMain] o.s.b.w.embedded.tomcat.TomcatWebServer  : Tomcat started on port 5511 (http) with context path '/'
2024-06-21T14:38:22.152+07:00  INFO 19632 --- [bookService] [restartedMain] o.s.cloud.commons.util.InetUtils         : Cannot determine local hostname
2024-06-21T14:38:22.165+07:00  INFO 19632 --- [bookService] [restartedMain] devc.work.BookServiceApplication         : Started BookServiceApplication in 11.919 seconds (process running for 12.591)
2024-06-21T14:39:30.882+07:00  INFO 19632 --- [bookService] [http-nio-5511-exec-1] o.a.c.c.C.[Tomcat].[localhost].[/]       : Initializing Spring DispatcherServlet 'dispatcherServlet'
2024-06-21T14:39:30.883+07:00  INFO 19632 --- [bookService] [http-nio-5511-exec-1] o.s.web.servlet.DispatcherServlet        : Initializing Servlet 'dispatcherServlet'
2024-06-21T14:39:30.886+07:00  INFO 19632 --- [bookService] [http-nio-5511-exec-1] o.s.web.servlet.DispatcherServlet        : Completed initialization in 2 ms
2024-06-21T15:49:08.719+07:00  INFO 3148 --- [bookService] [restartedMain] devc.work.BookServiceApplication         : Starting BookServiceApplication using Java 21.0.2 with PID 3148 (E:\OneDrive - buv.edu.vn\JavaLearn\LearnJavaSpringBoot\bookService\target\classes started by Admin in E:\OneDrive - buv.edu.vn\JavaLearn\LearnJavaSpringBoot\bookService)
2024-06-21T15:49:08.726+07:00  INFO 3148 --- [bookService] [restartedMain] devc.work.BookServiceApplication         : No active profile set, falling back to 1 default profile: "default"
2024-06-21T15:49:08.848+07:00  INFO 3148 --- [bookService] [restartedMain] o.s.b.devtools.restart.ChangeableUrls    : The Class-Path manifest attribute in C:\Users\Admin\.m2\repository\org\apache\kafka\kafka-clients\3.7.0\kafka-clients-3.7.0.jar referenced one or more files that do not exist: file:/C:/Users/Admin/.m2/repository/org/apache/kafka/kafka-clients/3.7.0/zstd-jni-1.5.5-6.jar,file:/C:/Users/Admin/.m2/repository/org/apache/kafka/kafka-clients/3.7.0/lz4-java-1.8.0.jar,file:/C:/Users/Admin/.m2/repository/org/apache/kafka/kafka-clients/3.7.0/snappy-java-1.1.10.5.jar,file:/C:/Users/Admin/.m2/repository/org/apache/kafka/kafka-clients/3.7.0/slf4j-api-1.7.36.jar
2024-06-21T15:49:08.849+07:00  INFO 3148 --- [bookService] [restartedMain] .e.DevToolsPropertyDefaultsPostProcessor : Devtools property defaults active! Set 'spring.devtools.add-properties' to 'false' to disable
2024-06-21T15:49:08.849+07:00  INFO 3148 --- [bookService] [restartedMain] .e.DevToolsPropertyDefaultsPostProcessor : For additional web related logging consider setting the 'logging.level.web' property to 'DEBUG'
2024-06-21T15:49:11.616+07:00  INFO 3148 --- [bookService] [restartedMain] .s.d.r.c.RepositoryConfigurationDelegate : Bootstrapping Spring Data JPA repositories in DEFAULT mode.
2024-06-21T15:49:11.786+07:00  INFO 3148 --- [bookService] [restartedMain] .s.d.r.c.RepositoryConfigurationDelegate : Finished Spring Data repository scanning in 147 ms. Found 2 JPA repository interfaces.
2024-06-21T15:49:12.692+07:00  INFO 3148 --- [bookService] [restartedMain] o.s.cloud.context.scope.GenericScope     : BeanFactory id=b3185195-a0f3-3bd5-9cd0-efd4d0f55fc0
2024-06-21T15:49:14.900+07:00  INFO 3148 --- [bookService] [restartedMain] o.s.b.w.embedded.tomcat.TomcatWebServer  : Tomcat initialized with port 5511 (http)
2024-06-21T15:49:14.936+07:00  INFO 3148 --- [bookService] [restartedMain] o.apache.catalina.core.StandardService   : Starting service [Tomcat]
2024-06-21T15:49:14.937+07:00  INFO 3148 --- [bookService] [restartedMain] o.apache.catalina.core.StandardEngine    : Starting Servlet engine: [Apache Tomcat/10.1.24]
2024-06-21T15:49:15.114+07:00  INFO 3148 --- [bookService] [restartedMain] o.a.c.c.C.[Tomcat].[localhost].[/]       : Initializing Spring embedded WebApplicationContext
2024-06-21T15:49:15.115+07:00  INFO 3148 --- [bookService] [restartedMain] w.s.c.ServletWebServerApplicationContext : Root WebApplicationContext: initialization completed in 6264 ms
2024-06-21T15:49:15.760+07:00  INFO 3148 --- [bookService] [restartedMain] o.hibernate.jpa.internal.util.LogHelper  : HHH000204: Processing PersistenceUnitInfo [name: default]
2024-06-21T15:49:16.151+07:00  INFO 3148 --- [bookService] [restartedMain] org.hibernate.Version                    : HHH000412: Hibernate ORM core version 6.5.2.Final
2024-06-21T15:49:16.256+07:00  INFO 3148 --- [bookService] [restartedMain] o.h.c.internal.RegionFactoryInitiator    : HHH000026: Second-level cache disabled
2024-06-21T15:49:17.442+07:00  INFO 3148 --- [bookService] [restartedMain] o.s.o.j.p.SpringPersistenceUnitInfo      : No LoadTimeWeaver setup: ignoring JPA class transformer
2024-06-21T15:49:17.496+07:00  INFO 3148 --- [bookService] [restartedMain] com.zaxxer.hikari.HikariDataSource       : HikariPool-1 - Starting...
2024-06-21T15:49:18.243+07:00  INFO 3148 --- [bookService] [restartedMain] com.zaxxer.hikari.pool.HikariPool        : HikariPool-1 - Added connection com.mysql.cj.jdbc.ConnectionImpl@23ebbd67
2024-06-21T15:49:18.248+07:00  INFO 3148 --- [bookService] [restartedMain] com.zaxxer.hikari.HikariDataSource       : HikariPool-1 - Start completed.
2024-06-21T15:49:18.389+07:00  WARN 3148 --- [bookService] [restartedMain] org.hibernate.orm.deprecation            : HHH90000025: MySQLDialect does not need to be specified explicitly using 'hibernate.dialect' (remove the property setting and it will be selected by default)
2024-06-21T15:49:20.508+07:00  INFO 3148 --- [bookService] [restartedMain] o.h.e.t.j.p.i.JtaPlatformInitiator       : HHH000489: No JTA platform available (set 'hibernate.transaction.jta.platform' to enable JTA platform integration)
2024-06-21T15:49:20.633+07:00  INFO 3148 --- [bookService] [restartedMain] j.LocalContainerEntityManagerFactoryBean : Initialized JPA EntityManagerFactory for persistence unit 'default'
2024-06-21T15:49:21.245+07:00  INFO 3148 --- [bookService] [restartedMain] o.s.d.j.r.query.QueryEnhancerFactory     : Hibernate is in classpath; If applicable, HQL parser will be used.
2024-06-21T15:49:22.510+07:00  WARN 3148 --- [bookService] [restartedMain] JpaBaseConfiguration$JpaWebConfiguration : spring.jpa.open-in-view is enabled by default. Therefore, database queries may be performed during view rendering. Explicitly configure spring.jpa.open-in-view to disable this warning
2024-06-21T15:49:23.834+07:00  WARN 3148 --- [bookService] [restartedMain] o.s.b.d.a.OptionalLiveReloadServer       : Unable to start LiveReload server
2024-06-21T15:49:24.883+07:00  INFO 3148 --- [bookService] [restartedMain] o.s.cloud.commons.util.InetUtils         : Cannot determine local hostname
2024-06-21T15:49:25.037+07:00  INFO 3148 --- [bookService] [restartedMain] o.s.b.w.embedded.tomcat.TomcatWebServer  : Tomcat started on port 5511 (http) with context path '/'
2024-06-21T15:49:26.061+07:00  INFO 3148 --- [bookService] [restartedMain] o.s.cloud.commons.util.InetUtils         : Cannot determine local hostname
2024-06-21T15:49:26.076+07:00  INFO 3148 --- [bookService] [restartedMain] devc.work.BookServiceApplication         : Started BookServiceApplication in 19.368 seconds (process running for 20.377)
2024-06-21T15:54:22.294+07:00  INFO 3148 --- [bookService] [http-nio-5511-exec-1] o.a.c.c.C.[Tomcat].[localhost].[/]       : Initializing Spring DispatcherServlet 'dispatcherServlet'
2024-06-21T15:54:22.295+07:00  INFO 3148 --- [bookService] [http-nio-5511-exec-1] o.s.web.servlet.DispatcherServlet        : Initializing Servlet 'dispatcherServlet'
2024-06-21T15:54:22.298+07:00  INFO 3148 --- [bookService] [http-nio-5511-exec-1] o.s.web.servlet.DispatcherServlet        : Completed initialization in 2 ms
2024-06-21T16:20:44.964+07:00  INFO 18132 --- [bookService] [restartedMain] devc.work.BookServiceApplication         : Starting BookServiceApplication using Java 21.0.2 with PID 18132 (E:\OneDrive - buv.edu.vn\JavaLearn\LearnJavaSpringBoot\bookService\target\classes started by Admin in E:\OneDrive - buv.edu.vn\JavaLearn\LearnJavaSpringBoot\bookService)
2024-06-21T16:20:44.968+07:00  INFO 18132 --- [bookService] [restartedMain] devc.work.BookServiceApplication         : No active profile set, falling back to 1 default profile: "default"
2024-06-21T16:20:45.056+07:00  INFO 18132 --- [bookService] [restartedMain] o.s.b.devtools.restart.ChangeableUrls    : The Class-Path manifest attribute in C:\Users\Admin\.m2\repository\org\apache\kafka\kafka-clients\3.7.0\kafka-clients-3.7.0.jar referenced one or more files that do not exist: file:/C:/Users/Admin/.m2/repository/org/apache/kafka/kafka-clients/3.7.0/zstd-jni-1.5.5-6.jar,file:/C:/Users/Admin/.m2/repository/org/apache/kafka/kafka-clients/3.7.0/lz4-java-1.8.0.jar,file:/C:/Users/Admin/.m2/repository/org/apache/kafka/kafka-clients/3.7.0/snappy-java-1.1.10.5.jar,file:/C:/Users/Admin/.m2/repository/org/apache/kafka/kafka-clients/3.7.0/slf4j-api-1.7.36.jar
2024-06-21T16:20:45.056+07:00  INFO 18132 --- [bookService] [restartedMain] .e.DevToolsPropertyDefaultsPostProcessor : Devtools property defaults active! Set 'spring.devtools.add-properties' to 'false' to disable
2024-06-21T16:20:45.057+07:00  INFO 18132 --- [bookService] [restartedMain] .e.DevToolsPropertyDefaultsPostProcessor : For additional web related logging consider setting the 'logging.level.web' property to 'DEBUG'
2024-06-21T16:20:46.496+07:00  INFO 18132 --- [bookService] [restartedMain] .s.d.r.c.RepositoryConfigurationDelegate : Bootstrapping Spring Data JPA repositories in DEFAULT mode.
2024-06-21T16:20:46.588+07:00  INFO 18132 --- [bookService] [restartedMain] .s.d.r.c.RepositoryConfigurationDelegate : Finished Spring Data repository scanning in 81 ms. Found 2 JPA repository interfaces.
2024-06-21T16:20:47.005+07:00  INFO 18132 --- [bookService] [restartedMain] o.s.cloud.context.scope.GenericScope     : BeanFactory id=b3185195-a0f3-3bd5-9cd0-efd4d0f55fc0
2024-06-21T16:20:48.087+07:00  INFO 18132 --- [bookService] [restartedMain] o.s.b.w.embedded.tomcat.TomcatWebServer  : Tomcat initialized with port 5511 (http)
2024-06-21T16:20:48.117+07:00  INFO 18132 --- [bookService] [restartedMain] o.apache.catalina.core.StandardService   : Starting service [Tomcat]
2024-06-21T16:20:48.118+07:00  INFO 18132 --- [bookService] [restartedMain] o.apache.catalina.core.StandardEngine    : Starting Servlet engine: [Apache Tomcat/10.1.24]
2024-06-21T16:20:48.201+07:00  INFO 18132 --- [bookService] [restartedMain] o.a.c.c.C.[Tomcat].[localhost].[/]       : Initializing Spring embedded WebApplicationContext
2024-06-21T16:20:48.202+07:00  INFO 18132 --- [bookService] [restartedMain] w.s.c.ServletWebServerApplicationContext : Root WebApplicationContext: initialization completed in 3143 ms
2024-06-21T16:20:48.477+07:00  INFO 18132 --- [bookService] [restartedMain] o.hibernate.jpa.internal.util.LogHelper  : HHH000204: Processing PersistenceUnitInfo [name: default]
2024-06-21T16:20:48.616+07:00  INFO 18132 --- [bookService] [restartedMain] org.hibernate.Version                    : HHH000412: Hibernate ORM core version 6.5.2.Final
2024-06-21T16:20:48.679+07:00  INFO 18132 --- [bookService] [restartedMain] o.h.c.internal.RegionFactoryInitiator    : HHH000026: Second-level cache disabled
2024-06-21T16:20:49.207+07:00  INFO 18132 --- [bookService] [restartedMain] o.s.o.j.p.SpringPersistenceUnitInfo      : No LoadTimeWeaver setup: ignoring JPA class transformer
2024-06-21T16:20:49.252+07:00  INFO 18132 --- [bookService] [restartedMain] com.zaxxer.hikari.HikariDataSource       : HikariPool-1 - Starting...
2024-06-21T16:20:49.626+07:00  INFO 18132 --- [bookService] [restartedMain] com.zaxxer.hikari.pool.HikariPool        : HikariPool-1 - Added connection com.mysql.cj.jdbc.ConnectionImpl@7d9f81ab
2024-06-21T16:20:49.629+07:00  INFO 18132 --- [bookService] [restartedMain] com.zaxxer.hikari.HikariDataSource       : HikariPool-1 - Start completed.
2024-06-21T16:20:49.714+07:00  WARN 18132 --- [bookService] [restartedMain] org.hibernate.orm.deprecation            : HHH90000025: MySQLDialect does not need to be specified explicitly using 'hibernate.dialect' (remove the property setting and it will be selected by default)
2024-06-21T16:20:50.911+07:00  INFO 18132 --- [bookService] [restartedMain] o.h.e.t.j.p.i.JtaPlatformInitiator       : HHH000489: No JTA platform available (set 'hibernate.transaction.jta.platform' to enable JTA platform integration)
2024-06-21T16:20:51.018+07:00  INFO 18132 --- [bookService] [restartedMain] j.LocalContainerEntityManagerFactoryBean : Initialized JPA EntityManagerFactory for persistence unit 'default'
2024-06-21T16:20:51.488+07:00  INFO 18132 --- [bookService] [restartedMain] o.s.d.j.r.query.QueryEnhancerFactory     : Hibernate is in classpath; If applicable, HQL parser will be used.
2024-06-21T16:20:52.190+07:00  WARN 18132 --- [bookService] [restartedMain] JpaBaseConfiguration$JpaWebConfiguration : spring.jpa.open-in-view is enabled by default. Therefore, database queries may be performed during view rendering. Explicitly configure spring.jpa.open-in-view to disable this warning
2024-06-21T16:20:53.003+07:00  WARN 18132 --- [bookService] [restartedMain] o.s.b.d.a.OptionalLiveReloadServer       : Unable to start LiveReload server
2024-06-21T16:20:54.044+07:00  INFO 18132 --- [bookService] [restartedMain] o.s.cloud.commons.util.InetUtils         : Cannot determine local hostname
2024-06-21T16:20:54.151+07:00  INFO 18132 --- [bookService] [restartedMain] o.s.b.w.embedded.tomcat.TomcatWebServer  : Tomcat started on port 5511 (http) with context path '/'
2024-06-21T16:20:55.172+07:00  INFO 18132 --- [bookService] [restartedMain] o.s.cloud.commons.util.InetUtils         : Cannot determine local hostname
2024-06-21T16:20:55.184+07:00  INFO 18132 --- [bookService] [restartedMain] devc.work.BookServiceApplication         : Started BookServiceApplication in 11.899 seconds (process running for 12.609)
2024-06-21T16:21:01.931+07:00  INFO 18132 --- [bookService] [http-nio-5511-exec-2] o.a.c.c.C.[Tomcat].[localhost].[/]       : Initializing Spring DispatcherServlet 'dispatcherServlet'
2024-06-21T16:21:01.932+07:00  INFO 18132 --- [bookService] [http-nio-5511-exec-2] o.s.web.servlet.DispatcherServlet        : Initializing Servlet 'dispatcherServlet'
2024-06-21T16:21:01.934+07:00  INFO 18132 --- [bookService] [http-nio-5511-exec-2] o.s.web.servlet.DispatcherServlet        : Completed initialization in 2 ms
2024-06-21T16:26:12.220+07:00  INFO 2312 --- [bookService] [restartedMain] devc.work.BookServiceApplication         : Starting BookServiceApplication using Java 21.0.2 with PID 2312 (E:\OneDrive - buv.edu.vn\JavaLearn\LearnJavaSpringBoot\bookService\target\classes started by Admin in E:\OneDrive - buv.edu.vn\JavaLearn\LearnJavaSpringBoot\bookService)
2024-06-21T16:26:12.224+07:00  INFO 2312 --- [bookService] [restartedMain] devc.work.BookServiceApplication         : No active profile set, falling back to 1 default profile: "default"
2024-06-21T16:26:12.313+07:00  INFO 2312 --- [bookService] [restartedMain] o.s.b.devtools.restart.ChangeableUrls    : The Class-Path manifest attribute in C:\Users\Admin\.m2\repository\org\apache\kafka\kafka-clients\3.7.0\kafka-clients-3.7.0.jar referenced one or more files that do not exist: file:/C:/Users/Admin/.m2/repository/org/apache/kafka/kafka-clients/3.7.0/zstd-jni-1.5.5-6.jar,file:/C:/Users/Admin/.m2/repository/org/apache/kafka/kafka-clients/3.7.0/lz4-java-1.8.0.jar,file:/C:/Users/Admin/.m2/repository/org/apache/kafka/kafka-clients/3.7.0/snappy-java-1.1.10.5.jar,file:/C:/Users/Admin/.m2/repository/org/apache/kafka/kafka-clients/3.7.0/slf4j-api-1.7.36.jar
2024-06-21T16:26:12.314+07:00  INFO 2312 --- [bookService] [restartedMain] .e.DevToolsPropertyDefaultsPostProcessor : Devtools property defaults active! Set 'spring.devtools.add-properties' to 'false' to disable
2024-06-21T16:26:12.314+07:00  INFO 2312 --- [bookService] [restartedMain] .e.DevToolsPropertyDefaultsPostProcessor : For additional web related logging consider setting the 'logging.level.web' property to 'DEBUG'
2024-06-21T16:26:14.375+07:00  INFO 2312 --- [bookService] [restartedMain] .s.d.r.c.RepositoryConfigurationDelegate : Bootstrapping Spring Data JPA repositories in DEFAULT mode.
2024-06-21T16:26:14.460+07:00  INFO 2312 --- [bookService] [restartedMain] .s.d.r.c.RepositoryConfigurationDelegate : Finished Spring Data repository scanning in 74 ms. Found 2 JPA repository interfaces.
2024-06-21T16:26:14.906+07:00  INFO 2312 --- [bookService] [restartedMain] o.s.cloud.context.scope.GenericScope     : BeanFactory id=b3185195-a0f3-3bd5-9cd0-efd4d0f55fc0
2024-06-21T16:26:16.678+07:00  INFO 2312 --- [bookService] [restartedMain] o.s.b.w.embedded.tomcat.TomcatWebServer  : Tomcat initialized with port 5511 (http)
2024-06-21T16:26:16.766+07:00  INFO 2312 --- [bookService] [restartedMain] o.apache.catalina.core.StandardService   : Starting service [Tomcat]
2024-06-21T16:26:16.767+07:00  INFO 2312 --- [bookService] [restartedMain] o.apache.catalina.core.StandardEngine    : Starting Servlet engine: [Apache Tomcat/10.1.24]
2024-06-21T16:26:16.989+07:00  INFO 2312 --- [bookService] [restartedMain] o.a.c.c.C.[Tomcat].[localhost].[/]       : Initializing Spring embedded WebApplicationContext
2024-06-21T16:26:16.990+07:00  INFO 2312 --- [bookService] [restartedMain] w.s.c.ServletWebServerApplicationContext : Root WebApplicationContext: initialization completed in 4674 ms
2024-06-21T16:26:17.455+07:00  INFO 2312 --- [bookService] [restartedMain] o.hibernate.jpa.internal.util.LogHelper  : HHH000204: Processing PersistenceUnitInfo [name: default]
2024-06-21T16:26:17.727+07:00  INFO 2312 --- [bookService] [restartedMain] org.hibernate.Version                    : HHH000412: Hibernate ORM core version 6.5.2.Final
2024-06-21T16:26:17.828+07:00  INFO 2312 --- [bookService] [restartedMain] o.h.c.internal.RegionFactoryInitiator    : HHH000026: Second-level cache disabled
2024-06-21T16:26:18.847+07:00  INFO 2312 --- [bookService] [restartedMain] o.s.o.j.p.SpringPersistenceUnitInfo      : No LoadTimeWeaver setup: ignoring JPA class transformer
2024-06-21T16:26:18.936+07:00  INFO 2312 --- [bookService] [restartedMain] com.zaxxer.hikari.HikariDataSource       : HikariPool-1 - Starting...
2024-06-21T16:26:19.802+07:00  INFO 2312 --- [bookService] [restartedMain] com.zaxxer.hikari.pool.HikariPool        : HikariPool-1 - Added connection com.mysql.cj.jdbc.ConnectionImpl@4cda4cdd
2024-06-21T16:26:19.807+07:00  INFO 2312 --- [bookService] [restartedMain] com.zaxxer.hikari.HikariDataSource       : HikariPool-1 - Start completed.
2024-06-21T16:26:19.944+07:00  WARN 2312 --- [bookService] [restartedMain] org.hibernate.orm.deprecation            : HHH90000025: MySQLDialect does not need to be specified explicitly using 'hibernate.dialect' (remove the property setting and it will be selected by default)
2024-06-21T16:26:22.466+07:00  INFO 2312 --- [bookService] [restartedMain] o.h.e.t.j.p.i.JtaPlatformInitiator       : HHH000489: No JTA platform available (set 'hibernate.transaction.jta.platform' to enable JTA platform integration)
2024-06-21T16:26:22.606+07:00  INFO 2312 --- [bookService] [restartedMain] j.LocalContainerEntityManagerFactoryBean : Initialized JPA EntityManagerFactory for persistence unit 'default'
2024-06-21T16:26:23.350+07:00  INFO 2312 --- [bookService] [restartedMain] o.s.d.j.r.query.QueryEnhancerFactory     : Hibernate is in classpath; If applicable, HQL parser will be used.
2024-06-21T16:26:24.695+07:00  WARN 2312 --- [bookService] [restartedMain] JpaBaseConfiguration$JpaWebConfiguration : spring.jpa.open-in-view is enabled by default. Therefore, database queries may be performed during view rendering. Explicitly configure spring.jpa.open-in-view to disable this warning
2024-06-21T16:26:26.826+07:00  WARN 2312 --- [bookService] [restartedMain] o.s.b.d.a.OptionalLiveReloadServer       : Unable to start LiveReload server
2024-06-21T16:26:27.899+07:00  INFO 2312 --- [bookService] [restartedMain] o.s.cloud.commons.util.InetUtils         : Cannot determine local hostname
2024-06-21T16:26:28.103+07:00  INFO 2312 --- [bookService] [restartedMain] o.s.b.w.embedded.tomcat.TomcatWebServer  : Tomcat started on port 5511 (http) with context path '/'
2024-06-21T16:26:29.133+07:00  INFO 2312 --- [bookService] [restartedMain] o.s.cloud.commons.util.InetUtils         : Cannot determine local hostname
2024-06-21T16:26:29.152+07:00  INFO 2312 --- [bookService] [restartedMain] devc.work.BookServiceApplication         : Started BookServiceApplication in 18.565 seconds (process running for 19.287)
2024-06-21T16:26:46.963+07:00  INFO 2312 --- [bookService] [http-nio-5511-exec-1] o.a.c.c.C.[Tomcat].[localhost].[/]       : Initializing Spring DispatcherServlet 'dispatcherServlet'
2024-06-21T16:26:46.963+07:00  INFO 2312 --- [bookService] [http-nio-5511-exec-1] o.s.web.servlet.DispatcherServlet        : Initializing Servlet 'dispatcherServlet'
2024-06-21T16:26:46.964+07:00  INFO 2312 --- [bookService] [http-nio-5511-exec-1] o.s.web.servlet.DispatcherServlet        : Completed initialization in 1 ms
2024-06-21T16:55:30.930+07:00  INFO 7444 --- [bookService] [restartedMain] devc.work.BookServiceApplication         : Starting BookServiceApplication using Java 21.0.2 with PID 7444 (E:\OneDrive - buv.edu.vn\JavaLearn\LearnJavaSpringBoot\bookService\target\classes started by Admin in E:\OneDrive - buv.edu.vn\JavaLearn\LearnJavaSpringBoot\bookService)
2024-06-21T16:55:30.942+07:00  INFO 7444 --- [bookService] [restartedMain] devc.work.BookServiceApplication         : No active profile set, falling back to 1 default profile: "default"
2024-06-21T16:55:31.124+07:00  INFO 7444 --- [bookService] [restartedMain] o.s.b.devtools.restart.ChangeableUrls    : The Class-Path manifest attribute in C:\Users\Admin\.m2\repository\org\apache\kafka\kafka-clients\3.7.0\kafka-clients-3.7.0.jar referenced one or more files that do not exist: file:/C:/Users/Admin/.m2/repository/org/apache/kafka/kafka-clients/3.7.0/zstd-jni-1.5.5-6.jar,file:/C:/Users/Admin/.m2/repository/org/apache/kafka/kafka-clients/3.7.0/lz4-java-1.8.0.jar,file:/C:/Users/Admin/.m2/repository/org/apache/kafka/kafka-clients/3.7.0/snappy-java-1.1.10.5.jar,file:/C:/Users/Admin/.m2/repository/org/apache/kafka/kafka-clients/3.7.0/slf4j-api-1.7.36.jar
2024-06-21T16:55:31.125+07:00  INFO 7444 --- [bookService] [restartedMain] .e.DevToolsPropertyDefaultsPostProcessor : Devtools property defaults active! Set 'spring.devtools.add-properties' to 'false' to disable
2024-06-21T16:55:31.126+07:00  INFO 7444 --- [bookService] [restartedMain] .e.DevToolsPropertyDefaultsPostProcessor : For additional web related logging consider setting the 'logging.level.web' property to 'DEBUG'
2024-06-21T16:55:33.559+07:00  INFO 7444 --- [bookService] [restartedMain] .s.d.r.c.RepositoryConfigurationDelegate : Bootstrapping Spring Data JPA repositories in DEFAULT mode.
2024-06-21T16:55:33.707+07:00  INFO 7444 --- [bookService] [restartedMain] .s.d.r.c.RepositoryConfigurationDelegate : Finished Spring Data repository scanning in 130 ms. Found 2 JPA repository interfaces.
2024-06-21T16:55:34.307+07:00  INFO 7444 --- [bookService] [restartedMain] o.s.cloud.context.scope.GenericScope     : BeanFactory id=b3185195-a0f3-3bd5-9cd0-efd4d0f55fc0
2024-06-21T16:55:35.773+07:00  INFO 7444 --- [bookService] [restartedMain] o.s.b.w.embedded.tomcat.TomcatWebServer  : Tomcat initialized with port 5511 (http)
2024-06-21T16:55:35.810+07:00  INFO 7444 --- [bookService] [restartedMain] o.apache.catalina.core.StandardService   : Starting service [Tomcat]
2024-06-21T16:55:35.811+07:00  INFO 7444 --- [bookService] [restartedMain] o.apache.catalina.core.StandardEngine    : Starting Servlet engine: [Apache Tomcat/10.1.24]
2024-06-21T16:55:35.936+07:00  INFO 7444 --- [bookService] [restartedMain] o.a.c.c.C.[Tomcat].[localhost].[/]       : Initializing Spring embedded WebApplicationContext
2024-06-21T16:55:35.937+07:00  INFO 7444 --- [bookService] [restartedMain] w.s.c.ServletWebServerApplicationContext : Root WebApplicationContext: initialization completed in 4810 ms
2024-06-21T16:55:36.324+07:00  INFO 7444 --- [bookService] [restartedMain] o.hibernate.jpa.internal.util.LogHelper  : HHH000204: Processing PersistenceUnitInfo [name: default]
2024-06-21T16:55:36.440+07:00  INFO 7444 --- [bookService] [restartedMain] org.hibernate.Version                    : HHH000412: Hibernate ORM core version 6.5.2.Final
2024-06-21T16:55:36.501+07:00  INFO 7444 --- [bookService] [restartedMain] o.h.c.internal.RegionFactoryInitiator    : HHH000026: Second-level cache disabled
2024-06-21T16:55:37.139+07:00  INFO 7444 --- [bookService] [restartedMain] o.s.o.j.p.SpringPersistenceUnitInfo      : No LoadTimeWeaver setup: ignoring JPA class transformer
2024-06-21T16:55:37.200+07:00  INFO 7444 --- [bookService] [restartedMain] com.zaxxer.hikari.HikariDataSource       : HikariPool-1 - Starting...
2024-06-21T16:55:37.714+07:00  INFO 7444 --- [bookService] [restartedMain] com.zaxxer.hikari.pool.HikariPool        : HikariPool-1 - Added connection com.mysql.cj.jdbc.ConnectionImpl@fb69e97
2024-06-21T16:55:37.718+07:00  INFO 7444 --- [bookService] [restartedMain] com.zaxxer.hikari.HikariDataSource       : HikariPool-1 - Start completed.
2024-06-21T16:55:37.811+07:00  WARN 7444 --- [bookService] [restartedMain] org.hibernate.orm.deprecation            : HHH90000025: MySQLDialect does not need to be specified explicitly using 'hibernate.dialect' (remove the property setting and it will be selected by default)
2024-06-21T16:55:39.494+07:00  INFO 7444 --- [bookService] [restartedMain] o.h.e.t.j.p.i.JtaPlatformInitiator       : HHH000489: No JTA platform available (set 'hibernate.transaction.jta.platform' to enable JTA platform integration)
2024-06-21T16:55:39.615+07:00  INFO 7444 --- [bookService] [restartedMain] j.LocalContainerEntityManagerFactoryBean : Initialized JPA EntityManagerFactory for persistence unit 'default'
2024-06-21T16:55:40.174+07:00  INFO 7444 --- [bookService] [restartedMain] o.s.d.j.r.query.QueryEnhancerFactory     : Hibernate is in classpath; If applicable, HQL parser will be used.
2024-06-21T16:55:41.198+07:00  WARN 7444 --- [bookService] [restartedMain] JpaBaseConfiguration$JpaWebConfiguration : spring.jpa.open-in-view is enabled by default. Therefore, database queries may be performed during view rendering. Explicitly configure spring.jpa.open-in-view to disable this warning
2024-06-21T16:55:42.087+07:00  WARN 7444 --- [bookService] [restartedMain] o.s.b.d.a.OptionalLiveReloadServer       : Unable to start LiveReload server
2024-06-21T16:55:43.127+07:00  INFO 7444 --- [bookService] [restartedMain] o.s.cloud.commons.util.InetUtils         : Cannot determine local hostname
2024-06-21T16:55:43.234+07:00  INFO 7444 --- [bookService] [restartedMain] o.s.b.w.embedded.tomcat.TomcatWebServer  : Tomcat started on port 5511 (http) with context path '/'
2024-06-21T16:55:44.258+07:00  INFO 7444 --- [bookService] [restartedMain] o.s.cloud.commons.util.InetUtils         : Cannot determine local hostname
2024-06-21T16:55:44.271+07:00  INFO 7444 --- [bookService] [restartedMain] devc.work.BookServiceApplication         : Started BookServiceApplication in 15.669 seconds (process running for 17.449)
2024-06-21T16:56:36.907+07:00  INFO 7444 --- [bookService] [http-nio-5511-exec-1] o.a.c.c.C.[Tomcat].[localhost].[/]       : Initializing Spring DispatcherServlet 'dispatcherServlet'
2024-06-21T16:56:36.908+07:00  INFO 7444 --- [bookService] [http-nio-5511-exec-1] o.s.web.servlet.DispatcherServlet        : Initializing Servlet 'dispatcherServlet'
2024-06-21T16:56:36.911+07:00  INFO 7444 --- [bookService] [http-nio-5511-exec-1] o.s.web.servlet.DispatcherServlet        : Completed initialization in 3 ms
2024-06-21T17:00:40.913+07:00  INFO 12460 --- [bookService] [restartedMain] devc.work.BookServiceApplication         : Starting BookServiceApplication using Java 21.0.2 with PID 12460 (E:\OneDrive - buv.edu.vn\JavaLearn\LearnJavaSpringBoot\bookService\target\classes started by Admin in E:\OneDrive - buv.edu.vn\JavaLearn\LearnJavaSpringBoot\bookService)
2024-06-21T17:00:40.919+07:00  INFO 12460 --- [bookService] [restartedMain] devc.work.BookServiceApplication         : No active profile set, falling back to 1 default profile: "default"
2024-06-21T17:00:41.046+07:00  INFO 12460 --- [bookService] [restartedMain] o.s.b.devtools.restart.ChangeableUrls    : The Class-Path manifest attribute in C:\Users\Admin\.m2\repository\org\apache\kafka\kafka-clients\3.7.0\kafka-clients-3.7.0.jar referenced one or more files that do not exist: file:/C:/Users/Admin/.m2/repository/org/apache/kafka/kafka-clients/3.7.0/zstd-jni-1.5.5-6.jar,file:/C:/Users/Admin/.m2/repository/org/apache/kafka/kafka-clients/3.7.0/lz4-java-1.8.0.jar,file:/C:/Users/Admin/.m2/repository/org/apache/kafka/kafka-clients/3.7.0/snappy-java-1.1.10.5.jar,file:/C:/Users/Admin/.m2/repository/org/apache/kafka/kafka-clients/3.7.0/slf4j-api-1.7.36.jar
2024-06-21T17:00:41.047+07:00  INFO 12460 --- [bookService] [restartedMain] .e.DevToolsPropertyDefaultsPostProcessor : Devtools property defaults active! Set 'spring.devtools.add-properties' to 'false' to disable
2024-06-21T17:00:41.048+07:00  INFO 12460 --- [bookService] [restartedMain] .e.DevToolsPropertyDefaultsPostProcessor : For additional web related logging consider setting the 'logging.level.web' property to 'DEBUG'
2024-06-21T17:00:43.390+07:00  INFO 12460 --- [bookService] [restartedMain] .s.d.r.c.RepositoryConfigurationDelegate : Bootstrapping Spring Data JPA repositories in DEFAULT mode.
2024-06-21T17:00:43.547+07:00  INFO 12460 --- [bookService] [restartedMain] .s.d.r.c.RepositoryConfigurationDelegate : Finished Spring Data repository scanning in 140 ms. Found 2 JPA repository interfaces.
2024-06-21T17:00:44.386+07:00  INFO 12460 --- [bookService] [restartedMain] o.s.cloud.context.scope.GenericScope     : BeanFactory id=b3185195-a0f3-3bd5-9cd0-efd4d0f55fc0
2024-06-21T17:00:47.502+07:00  INFO 12460 --- [bookService] [restartedMain] o.s.b.w.embedded.tomcat.TomcatWebServer  : Tomcat initialized with port 5511 (http)
2024-06-21T17:00:47.552+07:00  INFO 12460 --- [bookService] [restartedMain] o.apache.catalina.core.StandardService   : Starting service [Tomcat]
2024-06-21T17:00:47.553+07:00  INFO 12460 --- [bookService] [restartedMain] o.apache.catalina.core.StandardEngine    : Starting Servlet engine: [Apache Tomcat/10.1.24]
2024-06-21T17:00:47.695+07:00  INFO 12460 --- [bookService] [restartedMain] o.a.c.c.C.[Tomcat].[localhost].[/]       : Initializing Spring embedded WebApplicationContext
2024-06-21T17:00:47.696+07:00  INFO 12460 --- [bookService] [restartedMain] w.s.c.ServletWebServerApplicationContext : Root WebApplicationContext: initialization completed in 6646 ms
2024-06-21T17:00:48.239+07:00  INFO 12460 --- [bookService] [restartedMain] o.hibernate.jpa.internal.util.LogHelper  : HHH000204: Processing PersistenceUnitInfo [name: default]
2024-06-21T17:00:48.456+07:00  INFO 12460 --- [bookService] [restartedMain] org.hibernate.Version                    : HHH000412: Hibernate ORM core version 6.5.2.Final
2024-06-21T17:00:48.603+07:00  INFO 12460 --- [bookService] [restartedMain] o.h.c.internal.RegionFactoryInitiator    : HHH000026: Second-level cache disabled
2024-06-21T17:00:49.537+07:00  INFO 12460 --- [bookService] [restartedMain] o.s.o.j.p.SpringPersistenceUnitInfo      : No LoadTimeWeaver setup: ignoring JPA class transformer
2024-06-21T17:00:49.606+07:00  INFO 12460 --- [bookService] [restartedMain] com.zaxxer.hikari.HikariDataSource       : HikariPool-1 - Starting...
2024-06-21T17:00:50.547+07:00  INFO 12460 --- [bookService] [restartedMain] com.zaxxer.hikari.pool.HikariPool        : HikariPool-1 - Added connection com.mysql.cj.jdbc.ConnectionImpl@636fcc42
2024-06-21T17:00:50.553+07:00  INFO 12460 --- [bookService] [restartedMain] com.zaxxer.hikari.HikariDataSource       : HikariPool-1 - Start completed.
2024-06-21T17:00:50.816+07:00  WARN 12460 --- [bookService] [restartedMain] org.hibernate.orm.deprecation            : HHH90000025: MySQLDialect does not need to be specified explicitly using 'hibernate.dialect' (remove the property setting and it will be selected by default)
2024-06-21T17:00:53.868+07:00  INFO 12460 --- [bookService] [restartedMain] o.h.e.t.j.p.i.JtaPlatformInitiator       : HHH000489: No JTA platform available (set 'hibernate.transaction.jta.platform' to enable JTA platform integration)
2024-06-21T17:00:54.009+07:00  INFO 12460 --- [bookService] [restartedMain] j.LocalContainerEntityManagerFactoryBean : Initialized JPA EntityManagerFactory for persistence unit 'default'
2024-06-21T17:00:54.927+07:00  INFO 12460 --- [bookService] [restartedMain] o.s.d.j.r.query.QueryEnhancerFactory     : Hibernate is in classpath; If applicable, HQL parser will be used.
2024-06-21T17:00:55.981+07:00  WARN 12460 --- [bookService] [restartedMain] JpaBaseConfiguration$JpaWebConfiguration : spring.jpa.open-in-view is enabled by default. Therefore, database queries may be performed during view rendering. Explicitly configure spring.jpa.open-in-view to disable this warning
2024-06-21T17:00:57.307+07:00  WARN 12460 --- [bookService] [restartedMain] o.s.b.d.a.OptionalLiveReloadServer       : Unable to start LiveReload server
2024-06-21T17:00:58.373+07:00  INFO 12460 --- [bookService] [restartedMain] o.s.cloud.commons.util.InetUtils         : Cannot determine local hostname
2024-06-21T17:00:58.772+07:00  INFO 12460 --- [bookService] [restartedMain] o.s.b.w.embedded.tomcat.TomcatWebServer  : Tomcat started on port 5511 (http) with context path '/'
2024-06-21T17:00:59.141+07:00  INFO 12460 --- [bookService] [http-nio-5511-exec-3] o.a.c.c.C.[Tomcat].[localhost].[/]       : Initializing Spring DispatcherServlet 'dispatcherServlet'
2024-06-21T17:00:59.142+07:00  INFO 12460 --- [bookService] [http-nio-5511-exec-3] o.s.web.servlet.DispatcherServlet        : Initializing Servlet 'dispatcherServlet'
2024-06-21T17:00:59.148+07:00  INFO 12460 --- [bookService] [http-nio-5511-exec-3] o.s.web.servlet.DispatcherServlet        : Completed initialization in 5 ms
2024-06-21T17:00:59.796+07:00  INFO 12460 --- [bookService] [restartedMain] o.s.cloud.commons.util.InetUtils         : Cannot determine local hostname
2024-06-21T17:00:59.815+07:00  INFO 12460 --- [bookService] [restartedMain] devc.work.BookServiceApplication         : Started BookServiceApplication in 21.08 seconds (process running for 21.77)
2024-06-21T17:35:25.035+07:00  INFO 18644 --- [bookService] [restartedMain] devc.work.BookServiceApplication         : Starting BookServiceApplication using Java 21.0.2 with PID 18644 (E:\OneDrive - buv.edu.vn\JavaLearn\LearnJavaSpringBoot\bookService\target\classes started by Admin in E:\OneDrive - buv.edu.vn\JavaLearn\LearnJavaSpringBoot\bookService)
2024-06-21T17:35:25.041+07:00  INFO 18644 --- [bookService] [restartedMain] devc.work.BookServiceApplication         : No active profile set, falling back to 1 default profile: "default"
2024-06-21T17:35:25.145+07:00  INFO 18644 --- [bookService] [restartedMain] o.s.b.devtools.restart.ChangeableUrls    : The Class-Path manifest attribute in C:\Users\Admin\.m2\repository\org\apache\kafka\kafka-clients\3.7.0\kafka-clients-3.7.0.jar referenced one or more files that do not exist: file:/C:/Users/Admin/.m2/repository/org/apache/kafka/kafka-clients/3.7.0/zstd-jni-1.5.5-6.jar,file:/C:/Users/Admin/.m2/repository/org/apache/kafka/kafka-clients/3.7.0/lz4-java-1.8.0.jar,file:/C:/Users/Admin/.m2/repository/org/apache/kafka/kafka-clients/3.7.0/snappy-java-1.1.10.5.jar,file:/C:/Users/Admin/.m2/repository/org/apache/kafka/kafka-clients/3.7.0/slf4j-api-1.7.36.jar
2024-06-21T17:35:25.146+07:00  INFO 18644 --- [bookService] [restartedMain] .e.DevToolsPropertyDefaultsPostProcessor : Devtools property defaults active! Set 'spring.devtools.add-properties' to 'false' to disable
2024-06-21T17:35:25.146+07:00  INFO 18644 --- [bookService] [restartedMain] .e.DevToolsPropertyDefaultsPostProcessor : For additional web related logging consider setting the 'logging.level.web' property to 'DEBUG'
2024-06-21T17:35:27.055+07:00  INFO 18644 --- [bookService] [restartedMain] .s.d.r.c.RepositoryConfigurationDelegate : Bootstrapping Spring Data JPA repositories in DEFAULT mode.
2024-06-21T17:35:27.183+07:00  INFO 18644 --- [bookService] [restartedMain] .s.d.r.c.RepositoryConfigurationDelegate : Finished Spring Data repository scanning in 111 ms. Found 2 JPA repository interfaces.
2024-06-21T17:35:27.768+07:00  INFO 18644 --- [bookService] [restartedMain] o.s.cloud.context.scope.GenericScope     : BeanFactory id=b3185195-a0f3-3bd5-9cd0-efd4d0f55fc0
2024-06-21T17:35:29.357+07:00  INFO 18644 --- [bookService] [restartedMain] o.s.b.w.embedded.tomcat.TomcatWebServer  : Tomcat initialized with port 5511 (http)
2024-06-21T17:35:29.401+07:00  INFO 18644 --- [bookService] [restartedMain] o.apache.catalina.core.StandardService   : Starting service [Tomcat]
2024-06-21T17:35:29.402+07:00  INFO 18644 --- [bookService] [restartedMain] o.apache.catalina.core.StandardEngine    : Starting Servlet engine: [Apache Tomcat/10.1.24]
2024-06-21T17:35:29.527+07:00  INFO 18644 --- [bookService] [restartedMain] o.a.c.c.C.[Tomcat].[localhost].[/]       : Initializing Spring embedded WebApplicationContext
2024-06-21T17:35:29.528+07:00  INFO 18644 --- [bookService] [restartedMain] w.s.c.ServletWebServerApplicationContext : Root WebApplicationContext: initialization completed in 4381 ms
2024-06-21T17:35:29.953+07:00  INFO 18644 --- [bookService] [restartedMain] o.hibernate.jpa.internal.util.LogHelper  : HHH000204: Processing PersistenceUnitInfo [name: default]
2024-06-21T17:35:30.133+07:00  INFO 18644 --- [bookService] [restartedMain] org.hibernate.Version                    : HHH000412: Hibernate ORM core version 6.5.2.Final
2024-06-21T17:35:30.229+07:00  INFO 18644 --- [bookService] [restartedMain] o.h.c.internal.RegionFactoryInitiator    : HHH000026: Second-level cache disabled
2024-06-21T17:35:30.935+07:00  INFO 18644 --- [bookService] [restartedMain] o.s.o.j.p.SpringPersistenceUnitInfo      : No LoadTimeWeaver setup: ignoring JPA class transformer
2024-06-21T17:35:30.981+07:00  INFO 18644 --- [bookService] [restartedMain] com.zaxxer.hikari.HikariDataSource       : HikariPool-1 - Starting...
2024-06-21T17:35:31.554+07:00  INFO 18644 --- [bookService] [restartedMain] com.zaxxer.hikari.pool.HikariPool        : HikariPool-1 - Added connection com.mysql.cj.jdbc.ConnectionImpl@79512bb1
2024-06-21T17:35:31.557+07:00  INFO 18644 --- [bookService] [restartedMain] com.zaxxer.hikari.HikariDataSource       : HikariPool-1 - Start completed.
2024-06-21T17:35:31.694+07:00  WARN 18644 --- [bookService] [restartedMain] org.hibernate.orm.deprecation            : HHH90000025: MySQLDialect does not need to be specified explicitly using 'hibernate.dialect' (remove the property setting and it will be selected by default)
2024-06-21T17:35:33.188+07:00  INFO 18644 --- [bookService] [restartedMain] o.h.e.t.j.p.i.JtaPlatformInitiator       : HHH000489: No JTA platform available (set 'hibernate.transaction.jta.platform' to enable JTA platform integration)
2024-06-21T17:35:33.316+07:00  INFO 18644 --- [bookService] [restartedMain] j.LocalContainerEntityManagerFactoryBean : Initialized JPA EntityManagerFactory for persistence unit 'default'
2024-06-21T17:35:33.841+07:00  INFO 18644 --- [bookService] [restartedMain] o.s.d.j.r.query.QueryEnhancerFactory     : Hibernate is in classpath; If applicable, HQL parser will be used.
2024-06-21T17:35:35.005+07:00  WARN 18644 --- [bookService] [restartedMain] JpaBaseConfiguration$JpaWebConfiguration : spring.jpa.open-in-view is enabled by default. Therefore, database queries may be performed during view rendering. Explicitly configure spring.jpa.open-in-view to disable this warning
2024-06-21T17:36:02.438+07:00  INFO 7248 --- [bookService] [restartedMain] devc.work.BookServiceApplication         : Starting BookServiceApplication using Java 21.0.2 with PID 7248 (E:\OneDrive - buv.edu.vn\JavaLearn\LearnJavaSpringBoot\bookService\target\classes started by Admin in E:\OneDrive - buv.edu.vn\JavaLearn\LearnJavaSpringBoot\bookService)
2024-06-21T17:36:02.443+07:00  INFO 7248 --- [bookService] [restartedMain] devc.work.BookServiceApplication         : No active profile set, falling back to 1 default profile: "default"
2024-06-21T17:36:02.548+07:00  INFO 7248 --- [bookService] [restartedMain] o.s.b.devtools.restart.ChangeableUrls    : The Class-Path manifest attribute in C:\Users\Admin\.m2\repository\org\apache\kafka\kafka-clients\3.7.0\kafka-clients-3.7.0.jar referenced one or more files that do not exist: file:/C:/Users/Admin/.m2/repository/org/apache/kafka/kafka-clients/3.7.0/zstd-jni-1.5.5-6.jar,file:/C:/Users/Admin/.m2/repository/org/apache/kafka/kafka-clients/3.7.0/lz4-java-1.8.0.jar,file:/C:/Users/Admin/.m2/repository/org/apache/kafka/kafka-clients/3.7.0/snappy-java-1.1.10.5.jar,file:/C:/Users/Admin/.m2/repository/org/apache/kafka/kafka-clients/3.7.0/slf4j-api-1.7.36.jar
2024-06-21T17:36:02.549+07:00  INFO 7248 --- [bookService] [restartedMain] .e.DevToolsPropertyDefaultsPostProcessor : Devtools property defaults active! Set 'spring.devtools.add-properties' to 'false' to disable
2024-06-21T17:36:02.549+07:00  INFO 7248 --- [bookService] [restartedMain] .e.DevToolsPropertyDefaultsPostProcessor : For additional web related logging consider setting the 'logging.level.web' property to 'DEBUG'
2024-06-21T17:36:04.399+07:00  INFO 7248 --- [bookService] [restartedMain] .s.d.r.c.RepositoryConfigurationDelegate : Bootstrapping Spring Data JPA repositories in DEFAULT mode.
2024-06-21T17:36:04.529+07:00  INFO 7248 --- [bookService] [restartedMain] .s.d.r.c.RepositoryConfigurationDelegate : Finished Spring Data repository scanning in 109 ms. Found 2 JPA repository interfaces.
2024-06-21T17:36:05.086+07:00  INFO 7248 --- [bookService] [restartedMain] o.s.cloud.context.scope.GenericScope     : BeanFactory id=b3185195-a0f3-3bd5-9cd0-efd4d0f55fc0
2024-06-21T17:36:06.399+07:00  INFO 7248 --- [bookService] [restartedMain] o.s.b.w.embedded.tomcat.TomcatWebServer  : Tomcat initialized with port 5511 (http)
2024-06-21T17:36:06.447+07:00  INFO 7248 --- [bookService] [restartedMain] o.apache.catalina.core.StandardService   : Starting service [Tomcat]
2024-06-21T17:36:06.447+07:00  INFO 7248 --- [bookService] [restartedMain] o.apache.catalina.core.StandardEngine    : Starting Servlet engine: [Apache Tomcat/10.1.24]
2024-06-21T17:36:06.566+07:00  INFO 7248 --- [bookService] [restartedMain] o.a.c.c.C.[Tomcat].[localhost].[/]       : Initializing Spring embedded WebApplicationContext
2024-06-21T17:36:06.566+07:00  INFO 7248 --- [bookService] [restartedMain] w.s.c.ServletWebServerApplicationContext : Root WebApplicationContext: initialization completed in 4015 ms
2024-06-21T17:36:06.915+07:00  INFO 7248 --- [bookService] [restartedMain] o.hibernate.jpa.internal.util.LogHelper  : HHH000204: Processing PersistenceUnitInfo [name: default]
2024-06-21T17:36:07.067+07:00  INFO 7248 --- [bookService] [restartedMain] org.hibernate.Version                    : HHH000412: Hibernate ORM core version 6.5.2.Final
2024-06-21T17:36:07.155+07:00  INFO 7248 --- [bookService] [restartedMain] o.h.c.internal.RegionFactoryInitiator    : HHH000026: Second-level cache disabled
2024-06-21T17:36:07.845+07:00  INFO 7248 --- [bookService] [restartedMain] o.s.o.j.p.SpringPersistenceUnitInfo      : No LoadTimeWeaver setup: ignoring JPA class transformer
2024-06-21T17:36:07.937+07:00  INFO 7248 --- [bookService] [restartedMain] com.zaxxer.hikari.HikariDataSource       : HikariPool-1 - Starting...
2024-06-21T17:36:08.488+07:00  INFO 7248 --- [bookService] [restartedMain] com.zaxxer.hikari.pool.HikariPool        : HikariPool-1 - Added connection com.mysql.cj.jdbc.ConnectionImpl@472d218
2024-06-21T17:36:08.492+07:00  INFO 7248 --- [bookService] [restartedMain] com.zaxxer.hikari.HikariDataSource       : HikariPool-1 - Start completed.
2024-06-21T17:36:08.591+07:00  WARN 7248 --- [bookService] [restartedMain] org.hibernate.orm.deprecation            : HHH90000025: MySQLDialect does not need to be specified explicitly using 'hibernate.dialect' (remove the property setting and it will be selected by default)
2024-06-21T17:36:10.156+07:00  INFO 7248 --- [bookService] [restartedMain] o.h.e.t.j.p.i.JtaPlatformInitiator       : HHH000489: No JTA platform available (set 'hibernate.transaction.jta.platform' to enable JTA platform integration)
2024-06-21T17:36:10.275+07:00  INFO 7248 --- [bookService] [restartedMain] j.LocalContainerEntityManagerFactoryBean : Initialized JPA EntityManagerFactory for persistence unit 'default'
2024-06-21T17:36:10.935+07:00  INFO 7248 --- [bookService] [restartedMain] o.s.d.j.r.query.QueryEnhancerFactory     : Hibernate is in classpath; If applicable, HQL parser will be used.
2024-06-21T17:36:11.899+07:00  WARN 7248 --- [bookService] [restartedMain] JpaBaseConfiguration$JpaWebConfiguration : spring.jpa.open-in-view is enabled by default. Therefore, database queries may be performed during view rendering. Explicitly configure spring.jpa.open-in-view to disable this warning
2024-06-21T17:36:13.099+07:00  INFO 7248 --- [bookService] [restartedMain] o.s.b.d.a.OptionalLiveReloadServer       : LiveReload server is running on port 35729
2024-06-21T17:36:14.195+07:00  INFO 7248 --- [bookService] [restartedMain] o.s.cloud.commons.util.InetUtils         : Cannot determine local hostname
2024-06-21T17:36:14.382+07:00  INFO 7248 --- [bookService] [restartedMain] o.s.b.w.embedded.tomcat.TomcatWebServer  : Tomcat started on port 5511 (http) with context path '/'
2024-06-21T17:36:15.407+07:00  INFO 7248 --- [bookService] [restartedMain] o.s.cloud.commons.util.InetUtils         : Cannot determine local hostname
2024-06-21T17:36:15.429+07:00  INFO 7248 --- [bookService] [restartedMain] devc.work.BookServiceApplication         : Started BookServiceApplication in 14.84 seconds (process running for 15.79)
2024-06-21T17:36:27.842+07:00  INFO 7248 --- [bookService] [http-nio-5511-exec-1] o.a.c.c.C.[Tomcat].[localhost].[/]       : Initializing Spring DispatcherServlet 'dispatcherServlet'
2024-06-21T17:36:27.843+07:00  INFO 7248 --- [bookService] [http-nio-5511-exec-1] o.s.web.servlet.DispatcherServlet        : Initializing Servlet 'dispatcherServlet'
2024-06-21T17:36:27.846+07:00  INFO 7248 --- [bookService] [http-nio-5511-exec-1] o.s.web.servlet.DispatcherServlet        : Completed initialization in 2 ms
2024-06-21T17:48:51.129+07:00  INFO 4308 --- [bookService] [restartedMain] devc.work.BookServiceApplication         : Starting BookServiceApplication using Java 21.0.2 with PID 4308 (E:\OneDrive - buv.edu.vn\JavaLearn\LearnJavaSpringBoot\bookService\target\classes started by Admin in E:\OneDrive - buv.edu.vn\JavaLearn\LearnJavaSpringBoot\bookService)
2024-06-21T17:48:51.136+07:00  INFO 4308 --- [bookService] [restartedMain] devc.work.BookServiceApplication         : No active profile set, falling back to 1 default profile: "default"
2024-06-21T17:48:51.311+07:00  INFO 4308 --- [bookService] [restartedMain] o.s.b.devtools.restart.ChangeableUrls    : The Class-Path manifest attribute in C:\Users\Admin\.m2\repository\org\apache\kafka\kafka-clients\3.7.0\kafka-clients-3.7.0.jar referenced one or more files that do not exist: file:/C:/Users/Admin/.m2/repository/org/apache/kafka/kafka-clients/3.7.0/zstd-jni-1.5.5-6.jar,file:/C:/Users/Admin/.m2/repository/org/apache/kafka/kafka-clients/3.7.0/lz4-java-1.8.0.jar,file:/C:/Users/Admin/.m2/repository/org/apache/kafka/kafka-clients/3.7.0/snappy-java-1.1.10.5.jar,file:/C:/Users/Admin/.m2/repository/org/apache/kafka/kafka-clients/3.7.0/slf4j-api-1.7.36.jar
2024-06-21T17:48:51.312+07:00  INFO 4308 --- [bookService] [restartedMain] .e.DevToolsPropertyDefaultsPostProcessor : Devtools property defaults active! Set 'spring.devtools.add-properties' to 'false' to disable
2024-06-21T17:48:51.313+07:00  INFO 4308 --- [bookService] [restartedMain] .e.DevToolsPropertyDefaultsPostProcessor : For additional web related logging consider setting the 'logging.level.web' property to 'DEBUG'
2024-06-21T17:48:53.114+07:00  INFO 4308 --- [bookService] [restartedMain] .s.d.r.c.RepositoryConfigurationDelegate : Bootstrapping Spring Data JPA repositories in DEFAULT mode.
2024-06-21T17:48:53.204+07:00  INFO 4308 --- [bookService] [restartedMain] .s.d.r.c.RepositoryConfigurationDelegate : Finished Spring Data repository scanning in 78 ms. Found 2 JPA repository interfaces.
2024-06-21T17:48:53.750+07:00  INFO 4308 --- [bookService] [restartedMain] o.s.cloud.context.scope.GenericScope     : BeanFactory id=b3185195-a0f3-3bd5-9cd0-efd4d0f55fc0
2024-06-21T17:48:54.913+07:00  INFO 4308 --- [bookService] [restartedMain] o.s.b.w.embedded.tomcat.TomcatWebServer  : Tomcat initialized with port 5511 (http)
2024-06-21T17:48:54.948+07:00  INFO 4308 --- [bookService] [restartedMain] o.apache.catalina.core.StandardService   : Starting service [Tomcat]
2024-06-21T17:48:54.948+07:00  INFO 4308 --- [bookService] [restartedMain] o.apache.catalina.core.StandardEngine    : Starting Servlet engine: [Apache Tomcat/10.1.24]
2024-06-21T17:48:55.057+07:00  INFO 4308 --- [bookService] [restartedMain] o.a.c.c.C.[Tomcat].[localhost].[/]       : Initializing Spring embedded WebApplicationContext
2024-06-21T17:48:55.058+07:00  INFO 4308 --- [bookService] [restartedMain] w.s.c.ServletWebServerApplicationContext : Root WebApplicationContext: initialization completed in 3743 ms
2024-06-21T17:48:55.388+07:00  INFO 4308 --- [bookService] [restartedMain] o.hibernate.jpa.internal.util.LogHelper  : HHH000204: Processing PersistenceUnitInfo [name: default]
2024-06-21T17:48:55.537+07:00  INFO 4308 --- [bookService] [restartedMain] org.hibernate.Version                    : HHH000412: Hibernate ORM core version 6.5.2.Final
2024-06-21T17:48:55.594+07:00  INFO 4308 --- [bookService] [restartedMain] o.h.c.internal.RegionFactoryInitiator    : HHH000026: Second-level cache disabled
2024-06-21T17:48:56.185+07:00  INFO 4308 --- [bookService] [restartedMain] o.s.o.j.p.SpringPersistenceUnitInfo      : No LoadTimeWeaver setup: ignoring JPA class transformer
2024-06-21T17:48:56.215+07:00  INFO 4308 --- [bookService] [restartedMain] com.zaxxer.hikari.HikariDataSource       : HikariPool-1 - Starting...
2024-06-21T17:48:56.610+07:00  INFO 4308 --- [bookService] [restartedMain] com.zaxxer.hikari.pool.HikariPool        : HikariPool-1 - Added connection com.mysql.cj.jdbc.ConnectionImpl@6ccd1234
2024-06-21T17:48:56.615+07:00  INFO 4308 --- [bookService] [restartedMain] com.zaxxer.hikari.HikariDataSource       : HikariPool-1 - Start completed.
2024-06-21T17:48:56.718+07:00  WARN 4308 --- [bookService] [restartedMain] org.hibernate.orm.deprecation            : HHH90000025: MySQLDialect does not need to be specified explicitly using 'hibernate.dialect' (remove the property setting and it will be selected by default)
2024-06-21T17:48:58.045+07:00  INFO 4308 --- [bookService] [restartedMain] o.h.e.t.j.p.i.JtaPlatformInitiator       : HHH000489: No JTA platform available (set 'hibernate.transaction.jta.platform' to enable JTA platform integration)
2024-06-21T17:48:58.140+07:00  INFO 4308 --- [bookService] [restartedMain] j.LocalContainerEntityManagerFactoryBean : Initialized JPA EntityManagerFactory for persistence unit 'default'
2024-06-21T17:48:58.737+07:00  INFO 4308 --- [bookService] [restartedMain] o.s.d.j.r.query.QueryEnhancerFactory     : Hibernate is in classpath; If applicable, HQL parser will be used.
2024-06-21T17:48:59.695+07:00  WARN 4308 --- [bookService] [restartedMain] JpaBaseConfiguration$JpaWebConfiguration : spring.jpa.open-in-view is enabled by default. Therefore, database queries may be performed during view rendering. Explicitly configure spring.jpa.open-in-view to disable this warning
2024-06-21T17:49:00.850+07:00  WARN 4308 --- [bookService] [restartedMain] o.s.b.d.a.OptionalLiveReloadServer       : Unable to start LiveReload server
2024-06-21T17:49:01.058+07:00  INFO 4308 --- [bookService] [restartedMain] o.s.b.w.embedded.tomcat.TomcatWebServer  : Tomcat started on port 5511 (http) with context path '/'
2024-06-21T17:49:01.096+07:00  INFO 4308 --- [bookService] [restartedMain] devc.work.BookServiceApplication         : Started BookServiceApplication in 11.088 seconds (process running for 12.163)
2024-06-21T17:53:48.751+07:00  INFO 4308 --- [bookService] [http-nio-5511-exec-2] o.a.c.c.C.[Tomcat].[localhost].[/]       : Initializing Spring DispatcherServlet 'dispatcherServlet'
2024-06-21T17:53:48.752+07:00  INFO 4308 --- [bookService] [http-nio-5511-exec-2] o.s.web.servlet.DispatcherServlet        : Initializing Servlet 'dispatcherServlet'
2024-06-21T17:53:48.759+07:00  INFO 4308 --- [bookService] [http-nio-5511-exec-2] o.s.web.servlet.DispatcherServlet        : Completed initialization in 6 ms
2024-06-21T17:53:48.832+07:00  WARN 4308 --- [bookService] [http-nio-5511-exec-2] .w.s.m.s.DefaultHandlerExceptionResolver : Resolved [org.springframework.web.HttpRequestMethodNotSupportedException: Request method 'POST' is not supported]
2024-06-21T18:52:42.248+07:00  INFO 10460 --- [bookService] [restartedMain] devc.work.BookServiceApplication         : Starting BookServiceApplication using Java 21.0.2 with PID 10460 (E:\OneDrive - buv.edu.vn\JavaLearn\LearnJavaSpringBoot\bookService\target\classes started by Admin in E:\OneDrive - buv.edu.vn\JavaLearn\LearnJavaSpringBoot\bookService)
2024-06-21T18:52:42.259+07:00  INFO 10460 --- [bookService] [restartedMain] devc.work.BookServiceApplication         : No active profile set, falling back to 1 default profile: "default"
2024-06-21T18:52:42.601+07:00  INFO 10460 --- [bookService] [restartedMain] o.s.b.devtools.restart.ChangeableUrls    : The Class-Path manifest attribute in C:\Users\Admin\.m2\repository\org\apache\kafka\kafka-clients\3.7.0\kafka-clients-3.7.0.jar referenced one or more files that do not exist: file:/C:/Users/Admin/.m2/repository/org/apache/kafka/kafka-clients/3.7.0/zstd-jni-1.5.5-6.jar,file:/C:/Users/Admin/.m2/repository/org/apache/kafka/kafka-clients/3.7.0/lz4-java-1.8.0.jar,file:/C:/Users/Admin/.m2/repository/org/apache/kafka/kafka-clients/3.7.0/snappy-java-1.1.10.5.jar,file:/C:/Users/Admin/.m2/repository/org/apache/kafka/kafka-clients/3.7.0/slf4j-api-1.7.36.jar
2024-06-21T18:52:42.602+07:00  INFO 10460 --- [bookService] [restartedMain] .e.DevToolsPropertyDefaultsPostProcessor : Devtools property defaults active! Set 'spring.devtools.add-properties' to 'false' to disable
2024-06-21T18:52:42.609+07:00  INFO 10460 --- [bookService] [restartedMain] .e.DevToolsPropertyDefaultsPostProcessor : For additional web related logging consider setting the 'logging.level.web' property to 'DEBUG'
2024-06-21T18:52:46.789+07:00  INFO 10460 --- [bookService] [restartedMain] .s.d.r.c.RepositoryConfigurationDelegate : Bootstrapping Spring Data JPA repositories in DEFAULT mode.
2024-06-21T18:52:47.035+07:00  INFO 10460 --- [bookService] [restartedMain] .s.d.r.c.RepositoryConfigurationDelegate : Finished Spring Data repository scanning in 221 ms. Found 2 JPA repository interfaces.
2024-06-21T18:52:48.274+07:00  INFO 10460 --- [bookService] [restartedMain] o.s.cloud.context.scope.GenericScope     : BeanFactory id=b3185195-a0f3-3bd5-9cd0-efd4d0f55fc0
2024-06-21T18:52:50.943+07:00  INFO 10460 --- [bookService] [restartedMain] o.s.b.w.embedded.tomcat.TomcatWebServer  : Tomcat initialized with port 5511 (http)
2024-06-21T18:52:51.019+07:00  INFO 10460 --- [bookService] [restartedMain] o.apache.catalina.core.StandardService   : Starting service [Tomcat]
2024-06-21T18:52:51.021+07:00  INFO 10460 --- [bookService] [restartedMain] o.apache.catalina.core.StandardEngine    : Starting Servlet engine: [Apache Tomcat/10.1.24]
2024-06-21T18:52:51.271+07:00  INFO 10460 --- [bookService] [restartedMain] o.a.c.c.C.[Tomcat].[localhost].[/]       : Initializing Spring embedded WebApplicationContext
2024-06-21T18:52:51.272+07:00  INFO 10460 --- [bookService] [restartedMain] w.s.c.ServletWebServerApplicationContext : Root WebApplicationContext: initialization completed in 8656 ms
2024-06-21T18:52:52.127+07:00  INFO 10460 --- [bookService] [restartedMain] o.hibernate.jpa.internal.util.LogHelper  : HHH000204: Processing PersistenceUnitInfo [name: default]
2024-06-21T18:52:52.478+07:00  INFO 10460 --- [bookService] [restartedMain] org.hibernate.Version                    : HHH000412: Hibernate ORM core version 6.5.2.Final
2024-06-21T18:52:52.679+07:00  INFO 10460 --- [bookService] [restartedMain] o.h.c.internal.RegionFactoryInitiator    : HHH000026: Second-level cache disabled
2024-06-21T18:52:54.369+07:00  INFO 10460 --- [bookService] [restartedMain] o.s.o.j.p.SpringPersistenceUnitInfo      : No LoadTimeWeaver setup: ignoring JPA class transformer
2024-06-21T18:52:54.539+07:00  INFO 10460 --- [bookService] [restartedMain] com.zaxxer.hikari.HikariDataSource       : HikariPool-1 - Starting...
2024-06-21T18:52:55.949+07:00  INFO 10460 --- [bookService] [restartedMain] com.zaxxer.hikari.pool.HikariPool        : HikariPool-1 - Added connection com.mysql.cj.jdbc.ConnectionImpl@75ace1d6
2024-06-21T18:52:55.956+07:00  INFO 10460 --- [bookService] [restartedMain] com.zaxxer.hikari.HikariDataSource       : HikariPool-1 - Start completed.
2024-06-21T18:52:56.415+07:00  WARN 10460 --- [bookService] [restartedMain] org.hibernate.orm.deprecation            : HHH90000025: MySQLDialect does not need to be specified explicitly using 'hibernate.dialect' (remove the property setting and it will be selected by default)
2024-06-21T18:52:59.427+07:00  INFO 10460 --- [bookService] [restartedMain] o.h.e.t.j.p.i.JtaPlatformInitiator       : HHH000489: No JTA platform available (set 'hibernate.transaction.jta.platform' to enable JTA platform integration)
2024-06-21T18:52:59.643+07:00  INFO 10460 --- [bookService] [restartedMain] j.LocalContainerEntityManagerFactoryBean : Initialized JPA EntityManagerFactory for persistence unit 'default'
2024-06-21T18:53:00.599+07:00  INFO 10460 --- [bookService] [restartedMain] o.s.d.j.r.query.QueryEnhancerFactory     : Hibernate is in classpath; If applicable, HQL parser will be used.
2024-06-21T18:53:02.239+07:00  WARN 10460 --- [bookService] [restartedMain] JpaBaseConfiguration$JpaWebConfiguration : spring.jpa.open-in-view is enabled by default. Therefore, database queries may be performed during view rendering. Explicitly configure spring.jpa.open-in-view to disable this warning
2024-06-21T18:53:04.212+07:00  WARN 10460 --- [bookService] [restartedMain] o.s.b.d.a.OptionalLiveReloadServer       : Unable to start LiveReload server
2024-06-21T18:53:05.285+07:00  INFO 10460 --- [bookService] [restartedMain] o.s.cloud.commons.util.InetUtils         : Cannot determine local hostname
2024-06-21T18:53:05.536+07:00  INFO 10460 --- [bookService] [restartedMain] o.s.b.w.embedded.tomcat.TomcatWebServer  : Tomcat started on port 5511 (http) with context path '/'
2024-06-21T18:53:06.568+07:00  INFO 10460 --- [bookService] [restartedMain] o.s.cloud.commons.util.InetUtils         : Cannot determine local hostname
2024-06-21T18:53:06.606+07:00  INFO 10460 --- [bookService] [restartedMain] devc.work.BookServiceApplication         : Started BookServiceApplication in 27.076 seconds (process running for 28.777)
2024-06-21T19:00:29.419+07:00  INFO 10460 --- [bookService] [http-nio-5511-exec-8] o.a.c.c.C.[Tomcat].[localhost].[/]       : Initializing Spring DispatcherServlet 'dispatcherServlet'
2024-06-21T19:00:29.432+07:00  INFO 10460 --- [bookService] [http-nio-5511-exec-8] o.s.web.servlet.DispatcherServlet        : Initializing Servlet 'dispatcherServlet'
2024-06-21T19:00:29.500+07:00  INFO 10460 --- [bookService] [http-nio-5511-exec-8] o.s.web.servlet.DispatcherServlet        : Completed initialization in 67 ms
2024-06-21T19:02:38.963+07:00  WARN 10460 --- [bookService] [http-nio-5511-exec-2] .w.s.m.s.DefaultHandlerExceptionResolver : Resolved [org.springframework.web.HttpRequestMethodNotSupportedException: Request method 'GET' is not supported]
2024-06-21T19:08:49.233+07:00  WARN 10460 --- [bookService] [http-nio-5511-exec-10] .w.s.m.s.DefaultHandlerExceptionResolver : Resolved [org.springframework.web.HttpRequestMethodNotSupportedException: Request method 'GET' is not supported]
2024-06-21T19:08:52.679+07:00  WARN 10460 --- [bookService] [http-nio-5511-exec-8] .w.s.m.s.DefaultHandlerExceptionResolver : Resolved [org.springframework.web.HttpRequestMethodNotSupportedException: Request method 'GET' is not supported]
2024-06-21T20:41:55.584+07:00  INFO 24928 --- [bookService] [restartedMain] devc.work.BookServiceApplication         : Starting BookServiceApplication using Java 21.0.2 with PID 24928 (E:\OneDrive - buv.edu.vn\JavaLearn\LearnJavaSpringBoot\bookService\target\classes started by Admin in E:\OneDrive - buv.edu.vn\JavaLearn\LearnJavaSpringBoot\bookService)
2024-06-21T20:41:55.591+07:00  INFO 24928 --- [bookService] [restartedMain] devc.work.BookServiceApplication         : No active profile set, falling back to 1 default profile: "default"
2024-06-21T20:41:55.753+07:00  INFO 24928 --- [bookService] [restartedMain] o.s.b.devtools.restart.ChangeableUrls    : The Class-Path manifest attribute in C:\Users\Admin\.m2\repository\org\apache\kafka\kafka-clients\3.7.0\kafka-clients-3.7.0.jar referenced one or more files that do not exist: file:/C:/Users/Admin/.m2/repository/org/apache/kafka/kafka-clients/3.7.0/zstd-jni-1.5.5-6.jar,file:/C:/Users/Admin/.m2/repository/org/apache/kafka/kafka-clients/3.7.0/lz4-java-1.8.0.jar,file:/C:/Users/Admin/.m2/repository/org/apache/kafka/kafka-clients/3.7.0/snappy-java-1.1.10.5.jar,file:/C:/Users/Admin/.m2/repository/org/apache/kafka/kafka-clients/3.7.0/slf4j-api-1.7.36.jar
2024-06-21T20:41:55.753+07:00  INFO 24928 --- [bookService] [restartedMain] .e.DevToolsPropertyDefaultsPostProcessor : Devtools property defaults active! Set 'spring.devtools.add-properties' to 'false' to disable
2024-06-21T20:41:55.754+07:00  INFO 24928 --- [bookService] [restartedMain] .e.DevToolsPropertyDefaultsPostProcessor : For additional web related logging consider setting the 'logging.level.web' property to 'DEBUG'
2024-06-21T20:41:59.209+07:00  INFO 24928 --- [bookService] [restartedMain] .s.d.r.c.RepositoryConfigurationDelegate : Bootstrapping Spring Data JPA repositories in DEFAULT mode.
2024-06-21T20:41:59.412+07:00  INFO 24928 --- [bookService] [restartedMain] .s.d.r.c.RepositoryConfigurationDelegate : Finished Spring Data repository scanning in 181 ms. Found 2 JPA repository interfaces.
2024-06-21T20:42:00.338+07:00  INFO 24928 --- [bookService] [restartedMain] o.s.cloud.context.scope.GenericScope     : BeanFactory id=b3185195-a0f3-3bd5-9cd0-efd4d0f55fc0
2024-06-21T20:42:02.754+07:00  INFO 24928 --- [bookService] [restartedMain] o.s.b.w.embedded.tomcat.TomcatWebServer  : Tomcat initialized with port 5511 (http)
2024-06-21T20:42:02.807+07:00  INFO 24928 --- [bookService] [restartedMain] o.apache.catalina.core.StandardService   : Starting service [Tomcat]
2024-06-21T20:42:02.810+07:00  INFO 24928 --- [bookService] [restartedMain] o.apache.catalina.core.StandardEngine    : Starting Servlet engine: [Apache Tomcat/10.1.24]
2024-06-21T20:42:03.069+07:00  INFO 24928 --- [bookService] [restartedMain] o.a.c.c.C.[Tomcat].[localhost].[/]       : Initializing Spring embedded WebApplicationContext
2024-06-21T20:42:03.071+07:00  INFO 24928 --- [bookService] [restartedMain] w.s.c.ServletWebServerApplicationContext : Root WebApplicationContext: initialization completed in 7316 ms
2024-06-21T20:42:03.902+07:00  INFO 24928 --- [bookService] [restartedMain] o.hibernate.jpa.internal.util.LogHelper  : HHH000204: Processing PersistenceUnitInfo [name: default]
2024-06-21T20:42:04.145+07:00  INFO 24928 --- [bookService] [restartedMain] org.hibernate.Version                    : HHH000412: Hibernate ORM core version 6.5.2.Final
2024-06-21T20:42:04.304+07:00  INFO 24928 --- [bookService] [restartedMain] o.h.c.internal.RegionFactoryInitiator    : HHH000026: Second-level cache disabled
2024-06-21T20:42:05.590+07:00  INFO 24928 --- [bookService] [restartedMain] o.s.o.j.p.SpringPersistenceUnitInfo      : No LoadTimeWeaver setup: ignoring JPA class transformer
2024-06-21T20:42:05.729+07:00  INFO 24928 --- [bookService] [restartedMain] com.zaxxer.hikari.HikariDataSource       : HikariPool-1 - Starting...
2024-06-21T20:42:07.044+07:00  INFO 24928 --- [bookService] [restartedMain] com.zaxxer.hikari.pool.HikariPool        : HikariPool-1 - Added connection com.mysql.cj.jdbc.ConnectionImpl@7dcf1e21
2024-06-21T20:42:07.051+07:00  INFO 24928 --- [bookService] [restartedMain] com.zaxxer.hikari.HikariDataSource       : HikariPool-1 - Start completed.
2024-06-21T20:42:07.308+07:00  WARN 24928 --- [bookService] [restartedMain] org.hibernate.orm.deprecation            : HHH90000025: MySQLDialect does not need to be specified explicitly using 'hibernate.dialect' (remove the property setting and it will be selected by default)
2024-06-21T20:42:10.160+07:00  INFO 24928 --- [bookService] [restartedMain] o.h.e.t.j.p.i.JtaPlatformInitiator       : HHH000489: No JTA platform available (set 'hibernate.transaction.jta.platform' to enable JTA platform integration)
2024-06-21T20:42:10.384+07:00  INFO 24928 --- [bookService] [restartedMain] j.LocalContainerEntityManagerFactoryBean : Initialized JPA EntityManagerFactory for persistence unit 'default'
2024-06-21T20:42:11.246+07:00  INFO 24928 --- [bookService] [restartedMain] o.s.d.j.r.query.QueryEnhancerFactory     : Hibernate is in classpath; If applicable, HQL parser will be used.
2024-06-21T20:42:12.659+07:00  WARN 24928 --- [bookService] [restartedMain] JpaBaseConfiguration$JpaWebConfiguration : spring.jpa.open-in-view is enabled by default. Therefore, database queries may be performed during view rendering. Explicitly configure spring.jpa.open-in-view to disable this warning
2024-06-21T20:42:14.495+07:00  WARN 24928 --- [bookService] [restartedMain] o.s.b.d.a.OptionalLiveReloadServer       : Unable to start LiveReload server
2024-06-21T20:42:15.552+07:00  INFO 24928 --- [bookService] [restartedMain] o.s.cloud.commons.util.InetUtils         : Cannot determine local hostname
2024-06-21T20:42:15.742+07:00  INFO 24928 --- [bookService] [restartedMain] o.s.b.w.embedded.tomcat.TomcatWebServer  : Tomcat started on port 5511 (http) with context path '/'
2024-06-21T20:42:16.765+07:00  INFO 24928 --- [bookService] [restartedMain] o.s.cloud.commons.util.InetUtils         : Cannot determine local hostname
2024-06-21T20:42:16.791+07:00  INFO 24928 --- [bookService] [restartedMain] devc.work.BookServiceApplication         : Started BookServiceApplication in 24.122 seconds (process running for 25.598)
2024-06-21T20:42:31.010+07:00  INFO 24928 --- [bookService] [http-nio-5511-exec-2] o.a.c.c.C.[Tomcat].[localhost].[/]       : Initializing Spring DispatcherServlet 'dispatcherServlet'
2024-06-21T20:42:31.011+07:00  INFO 24928 --- [bookService] [http-nio-5511-exec-2] o.s.web.servlet.DispatcherServlet        : Initializing Servlet 'dispatcherServlet'
2024-06-21T20:42:31.014+07:00  INFO 24928 --- [bookService] [http-nio-5511-exec-2] o.s.web.servlet.DispatcherServlet        : Completed initialization in 3 ms
2024-06-21T21:11:05.925+07:00  WARN 24928 --- [bookService] [http-nio-5511-exec-3] .w.s.m.s.DefaultHandlerExceptionResolver : Resolved [org.springframework.web.HttpRequestMethodNotSupportedException: Request method 'GET' is not supported]
2024-06-21T21:16:05.124+07:00  WARN 24928 --- [bookService] [http-nio-5511-exec-2] .w.s.m.s.DefaultHandlerExceptionResolver : Resolved [org.springframework.web.HttpRequestMethodNotSupportedException: Request method 'GET' is not supported]
