2024-06-21T14:36:57.210+07:00  INFO 1428 --- [userservice] [restartedMain] devc.work.UserserviceApplication         : Starting UserserviceApplication using Java 21.0.2 with PID 1428 (E:\OneDrive - buv.edu.vn\JavaLearn\LearnJavaSpringBoot\userservice\target\classes started by Admin in E:\OneDrive - buv.edu.vn\JavaLearn\LearnJavaSpringBoot\userservice)
2024-06-21T14:36:57.238+07:00  INFO 1428 --- [userservice] [restartedMain] devc.work.UserserviceApplication         : No active profile set, falling back to 1 default profile: "default"
2024-06-21T14:36:57.350+07:00  INFO 1428 --- [userservice] [restartedMain] .e.DevToolsPropertyDefaultsPostProcessor : Devtools property defaults active! Set 'spring.devtools.add-properties' to 'false' to disable
2024-06-21T14:36:57.351+07:00  INFO 1428 --- [userservice] [restartedMain] .e.DevToolsPropertyDefaultsPostProcessor : For additional web related logging consider setting the 'logging.level.web' property to 'DEBUG'
2024-06-21T14:36:58.913+07:00  INFO 1428 --- [userservice] [restartedMain] .s.d.r.c.RepositoryConfigurationDelegate : Bootstrapping Spring Data JPA repositories in DEFAULT mode.
2024-06-21T14:36:59.014+07:00  INFO 1428 --- [userservice] [restartedMain] .s.d.r.c.RepositoryConfigurationDelegate : Finished Spring Data repository scanning in 88 ms. Found 2 JPA repository interfaces.
2024-06-21T14:36:59.441+07:00  INFO 1428 --- [userservice] [restartedMain] o.s.cloud.context.scope.GenericScope     : BeanFactory id=ffaf1866-95b7-3e8e-b388-4433dec4950d
2024-06-21T14:37:00.535+07:00  INFO 1428 --- [userservice] [restartedMain] o.s.b.w.embedded.tomcat.TomcatWebServer  : Tomcat initialized with port 5513 (http)
2024-06-21T14:37:00.567+07:00  INFO 1428 --- [userservice] [restartedMain] o.apache.catalina.core.StandardService   : Starting service [Tomcat]
2024-06-21T14:37:00.567+07:00  INFO 1428 --- [userservice] [restartedMain] o.apache.catalina.core.StandardEngine    : Starting Servlet engine: [Apache Tomcat/10.1.24]
2024-06-21T14:37:00.681+07:00  INFO 1428 --- [userservice] [restartedMain] o.a.c.c.C.[Tomcat].[localhost].[/]       : Initializing Spring embedded WebApplicationContext
2024-06-21T14:37:00.681+07:00  INFO 1428 --- [userservice] [restartedMain] w.s.c.ServletWebServerApplicationContext : Root WebApplicationContext: initialization completed in 3328 ms
2024-06-21T14:37:01.073+07:00  INFO 1428 --- [userservice] [restartedMain] o.hibernate.jpa.internal.util.LogHelper  : HHH000204: Processing PersistenceUnitInfo [name: default]
2024-06-21T14:37:01.285+07:00  INFO 1428 --- [userservice] [restartedMain] org.hibernate.Version                    : HHH000412: Hibernate ORM core version 6.5.2.Final
2024-06-21T14:37:01.388+07:00  INFO 1428 --- [userservice] [restartedMain] o.h.c.internal.RegionFactoryInitiator    : HHH000026: Second-level cache disabled
2024-06-21T14:37:02.063+07:00  INFO 1428 --- [userservice] [restartedMain] o.s.o.j.p.SpringPersistenceUnitInfo      : No LoadTimeWeaver setup: ignoring JPA class transformer
2024-06-21T14:37:02.110+07:00  INFO 1428 --- [userservice] [restartedMain] com.zaxxer.hikari.HikariDataSource       : HikariPool-1 - Starting...
2024-06-21T14:37:02.733+07:00  INFO 1428 --- [userservice] [restartedMain] com.zaxxer.hikari.pool.HikariPool        : HikariPool-1 - Added connection com.mysql.cj.jdbc.ConnectionImpl@69476e3e
2024-06-21T14:37:02.737+07:00  INFO 1428 --- [userservice] [restartedMain] com.zaxxer.hikari.HikariDataSource       : HikariPool-1 - Start completed.
2024-06-21T14:37:02.844+07:00  WARN 1428 --- [userservice] [restartedMain] org.hibernate.orm.deprecation            : HHH90000025: MySQLDialect does not need to be specified explicitly using 'hibernate.dialect' (remove the property setting and it will be selected by default)
2024-06-21T14:37:04.153+07:00  INFO 1428 --- [userservice] [restartedMain] o.h.e.t.j.p.i.JtaPlatformInitiator       : HHH000489: No JTA platform available (set 'hibernate.transaction.jta.platform' to enable JTA platform integration)
2024-06-21T14:37:04.281+07:00  INFO 1428 --- [userservice] [restartedMain] j.LocalContainerEntityManagerFactoryBean : Initialized JPA EntityManagerFactory for persistence unit 'default'
2024-06-21T14:37:04.807+07:00  INFO 1428 --- [userservice] [restartedMain] o.s.d.j.r.query.QueryEnhancerFactory     : Hibernate is in classpath; If applicable, HQL parser will be used.
2024-06-21T14:37:05.521+07:00  WARN 1428 --- [userservice] [restartedMain] r$InitializeUserDetailsManagerConfigurer : Global AuthenticationManager configured with an AuthenticationProvider bean. UserDetailsService beans will not be used for username/password login. Consider removing the AuthenticationProvider bean. Alternatively, consider using the UserDetailsService in a manually instantiated DaoAuthenticationProvider.
2024-06-21T14:37:05.566+07:00  WARN 1428 --- [userservice] [restartedMain] JpaBaseConfiguration$JpaWebConfiguration : spring.jpa.open-in-view is enabled by default. Therefore, database queries may be performed during view rendering. Explicitly configure spring.jpa.open-in-view to disable this warning
2024-06-21T14:37:06.041+07:00  INFO 1428 --- [userservice] [restartedMain] o.s.s.web.DefaultSecurityFilterChain     : Will secure any request with [org.springframework.security.web.session.DisableEncodeUrlFilter@73aed870, org.springframework.security.web.context.request.async.WebAsyncManagerIntegrationFilter@10ed10fc, org.springframework.security.web.context.SecurityContextHolderFilter@4dcadde1, org.springframework.security.web.header.HeaderWriterFilter@51c9221d, org.springframework.web.filter.CorsFilter@7ff9f2d1, org.springframework.security.web.authentication.logout.LogoutFilter@67ae3c9f, org.springframework.security.web.authentication.www.BasicAuthenticationFilter@63d01e1f, org.springframework.security.web.savedrequest.RequestCacheAwareFilter@534e921d, org.springframework.security.web.servletapi.SecurityContextHolderAwareRequestFilter@3ec0e112, org.springframework.security.web.authentication.AnonymousAuthenticationFilter@2519e35f, org.springframework.security.web.session.SessionManagementFilter@1119cee2, org.springframework.security.web.access.ExceptionTranslationFilter@1e960fc1, org.springframework.security.web.access.intercept.FilterSecurityInterceptor@44ef5410]
2024-06-21T14:37:06.398+07:00  INFO 1428 --- [userservice] [restartedMain] o.s.b.d.a.OptionalLiveReloadServer       : LiveReload server is running on port 35729
2024-06-21T14:37:07.431+07:00  INFO 1428 --- [userservice] [restartedMain] o.s.cloud.commons.util.InetUtils         : Cannot determine local hostname
2024-06-21T14:37:07.500+07:00  INFO 1428 --- [userservice] [restartedMain] o.s.b.w.embedded.tomcat.TomcatWebServer  : Tomcat started on port 5513 (http) with context path '/'
2024-06-21T14:37:08.513+07:00  INFO 1428 --- [userservice] [restartedMain] o.s.cloud.commons.util.InetUtils         : Cannot determine local hostname
2024-06-21T14:37:08.525+07:00  INFO 1428 --- [userservice] [restartedMain] devc.work.UserserviceApplication         : Started UserserviceApplication in 13.03 seconds (process running for 13.958)
2024-06-21T14:43:27.613+07:00  INFO 1428 --- [userservice] [http-nio-5513-exec-2] o.a.c.c.C.[Tomcat].[localhost].[/]       : Initializing Spring DispatcherServlet 'dispatcherServlet'
2024-06-21T14:43:27.613+07:00  INFO 1428 --- [userservice] [http-nio-5513-exec-2] o.s.web.servlet.DispatcherServlet        : Initializing Servlet 'dispatcherServlet'
2024-06-21T14:43:27.615+07:00  INFO 1428 --- [userservice] [http-nio-5513-exec-2] o.s.web.servlet.DispatcherServlet        : Completed initialization in 2 ms
2024-06-21T15:49:11.604+07:00  INFO 26848 --- [userservice] [restartedMain] devc.work.UserserviceApplication         : Starting UserserviceApplication using Java 21.0.2 with PID 26848 (E:\OneDrive - buv.edu.vn\JavaLearn\LearnJavaSpringBoot\userservice\target\classes started by Admin in E:\OneDrive - buv.edu.vn\JavaLearn\LearnJavaSpringBoot\userservice)
2024-06-21T15:49:11.610+07:00  INFO 26848 --- [userservice] [restartedMain] devc.work.UserserviceApplication         : No active profile set, falling back to 1 default profile: "default"
2024-06-21T15:49:11.740+07:00  INFO 26848 --- [userservice] [restartedMain] .e.DevToolsPropertyDefaultsPostProcessor : Devtools property defaults active! Set 'spring.devtools.add-properties' to 'false' to disable
2024-06-21T15:49:11.741+07:00  INFO 26848 --- [userservice] [restartedMain] .e.DevToolsPropertyDefaultsPostProcessor : For additional web related logging consider setting the 'logging.level.web' property to 'DEBUG'
2024-06-21T15:49:14.326+07:00  INFO 26848 --- [userservice] [restartedMain] .s.d.r.c.RepositoryConfigurationDelegate : Bootstrapping Spring Data JPA repositories in DEFAULT mode.
2024-06-21T15:49:14.550+07:00  INFO 26848 --- [userservice] [restartedMain] .s.d.r.c.RepositoryConfigurationDelegate : Finished Spring Data repository scanning in 199 ms. Found 2 JPA repository interfaces.
2024-06-21T15:49:15.312+07:00  INFO 26848 --- [userservice] [restartedMain] o.s.cloud.context.scope.GenericScope     : BeanFactory id=ffaf1866-95b7-3e8e-b388-4433dec4950d
2024-06-21T15:49:17.755+07:00  INFO 26848 --- [userservice] [restartedMain] o.s.b.w.embedded.tomcat.TomcatWebServer  : Tomcat initialized with port 5513 (http)
2024-06-21T15:49:17.780+07:00  INFO 26848 --- [userservice] [restartedMain] o.apache.catalina.core.StandardService   : Starting service [Tomcat]
2024-06-21T15:49:17.781+07:00  INFO 26848 --- [userservice] [restartedMain] o.apache.catalina.core.StandardEngine    : Starting Servlet engine: [Apache Tomcat/10.1.24]
2024-06-21T15:49:17.885+07:00  INFO 26848 --- [userservice] [restartedMain] o.a.c.c.C.[Tomcat].[localhost].[/]       : Initializing Spring embedded WebApplicationContext
2024-06-21T15:49:17.886+07:00  INFO 26848 --- [userservice] [restartedMain] w.s.c.ServletWebServerApplicationContext : Root WebApplicationContext: initialization completed in 6143 ms
2024-06-21T15:49:18.273+07:00  INFO 26848 --- [userservice] [restartedMain] o.hibernate.jpa.internal.util.LogHelper  : HHH000204: Processing PersistenceUnitInfo [name: default]
2024-06-21T15:49:18.540+07:00  INFO 26848 --- [userservice] [restartedMain] org.hibernate.Version                    : HHH000412: Hibernate ORM core version 6.5.2.Final
2024-06-21T15:49:18.694+07:00  INFO 26848 --- [userservice] [restartedMain] o.h.c.internal.RegionFactoryInitiator    : HHH000026: Second-level cache disabled
2024-06-21T15:49:19.448+07:00  INFO 26848 --- [userservice] [restartedMain] o.s.o.j.p.SpringPersistenceUnitInfo      : No LoadTimeWeaver setup: ignoring JPA class transformer
2024-06-21T15:49:19.510+07:00  INFO 26848 --- [userservice] [restartedMain] com.zaxxer.hikari.HikariDataSource       : HikariPool-1 - Starting...
2024-06-21T15:49:20.028+07:00  INFO 26848 --- [userservice] [restartedMain] com.zaxxer.hikari.pool.HikariPool        : HikariPool-1 - Added connection com.mysql.cj.jdbc.ConnectionImpl@4a59ad45
2024-06-21T15:49:20.032+07:00  INFO 26848 --- [userservice] [restartedMain] com.zaxxer.hikari.HikariDataSource       : HikariPool-1 - Start completed.
2024-06-21T15:49:20.116+07:00  WARN 26848 --- [userservice] [restartedMain] org.hibernate.orm.deprecation            : HHH90000025: MySQLDialect does not need to be specified explicitly using 'hibernate.dialect' (remove the property setting and it will be selected by default)
2024-06-21T15:49:22.095+07:00  INFO 26848 --- [userservice] [restartedMain] o.h.e.t.j.p.i.JtaPlatformInitiator       : HHH000489: No JTA platform available (set 'hibernate.transaction.jta.platform' to enable JTA platform integration)
2024-06-21T15:49:22.253+07:00  INFO 26848 --- [userservice] [restartedMain] j.LocalContainerEntityManagerFactoryBean : Initialized JPA EntityManagerFactory for persistence unit 'default'
2024-06-21T15:49:22.837+07:00  INFO 26848 --- [userservice] [restartedMain] o.s.d.j.r.query.QueryEnhancerFactory     : Hibernate is in classpath; If applicable, HQL parser will be used.
2024-06-21T15:49:23.705+07:00  WARN 26848 --- [userservice] [restartedMain] r$InitializeUserDetailsManagerConfigurer : Global AuthenticationManager configured with an AuthenticationProvider bean. UserDetailsService beans will not be used for username/password login. Consider removing the AuthenticationProvider bean. Alternatively, consider using the UserDetailsService in a manually instantiated DaoAuthenticationProvider.
2024-06-21T15:49:23.788+07:00  WARN 26848 --- [userservice] [restartedMain] JpaBaseConfiguration$JpaWebConfiguration : spring.jpa.open-in-view is enabled by default. Therefore, database queries may be performed during view rendering. Explicitly configure spring.jpa.open-in-view to disable this warning
2024-06-21T15:49:24.413+07:00  INFO 26848 --- [userservice] [restartedMain] o.s.s.web.DefaultSecurityFilterChain     : Will secure any request with [org.springframework.security.web.session.DisableEncodeUrlFilter@3672fb6a, org.springframework.security.web.context.request.async.WebAsyncManagerIntegrationFilter@674b3266, org.springframework.security.web.context.SecurityContextHolderFilter@416a4f30, org.springframework.security.web.header.HeaderWriterFilter@4cd010c4, org.springframework.web.filter.CorsFilter@6ffe0ced, org.springframework.security.web.authentication.logout.LogoutFilter@5df0adbe, org.springframework.security.web.authentication.www.BasicAuthenticationFilter@4d138f65, org.springframework.security.web.savedrequest.RequestCacheAwareFilter@7663305f, org.springframework.security.web.servletapi.SecurityContextHolderAwareRequestFilter@49510873, org.springframework.security.web.authentication.AnonymousAuthenticationFilter@6e291ce6, org.springframework.security.web.session.SessionManagementFilter@316256d2, org.springframework.security.web.access.ExceptionTranslationFilter@1516f38a, org.springframework.security.web.access.intercept.FilterSecurityInterceptor@66405911]
2024-06-21T15:49:24.741+07:00  WARN 26848 --- [userservice] [restartedMain] o.s.b.d.a.OptionalLiveReloadServer       : Unable to start LiveReload server
2024-06-21T15:49:25.779+07:00  INFO 26848 --- [userservice] [restartedMain] o.s.cloud.commons.util.InetUtils         : Cannot determine local hostname
2024-06-21T15:49:25.861+07:00  INFO 26848 --- [userservice] [restartedMain] o.s.b.w.embedded.tomcat.TomcatWebServer  : Tomcat started on port 5513 (http) with context path '/'
2024-06-21T15:49:26.882+07:00  INFO 26848 --- [userservice] [restartedMain] o.s.cloud.commons.util.InetUtils         : Cannot determine local hostname
2024-06-21T15:49:26.892+07:00  INFO 26848 --- [userservice] [restartedMain] devc.work.UserserviceApplication         : Started UserserviceApplication in 17.773 seconds (process running for 18.695)
2024-06-21T15:54:21.557+07:00  INFO 26848 --- [userservice] [http-nio-5513-exec-2] o.a.c.c.C.[Tomcat].[localhost].[/]       : Initializing Spring DispatcherServlet 'dispatcherServlet'
2024-06-21T15:54:21.558+07:00  INFO 26848 --- [userservice] [http-nio-5513-exec-2] o.s.web.servlet.DispatcherServlet        : Initializing Servlet 'dispatcherServlet'
2024-06-21T15:54:21.560+07:00  INFO 26848 --- [userservice] [http-nio-5513-exec-2] o.s.web.servlet.DispatcherServlet        : Completed initialization in 1 ms
2024-06-21T15:55:50.179+07:00  INFO 26848 --- [userservice] [File Watcher] rtingClassPathChangeChangedEventListener : Restarting due to 1 class path change (0 additions, 0 deletions, 1 modification)
2024-06-21T15:55:50.194+07:00  INFO 26848 --- [userservice] [Thread-1] j.LocalContainerEntityManagerFactoryBean : Closing JPA EntityManagerFactory for persistence unit 'default'
2024-06-21T15:55:50.198+07:00  INFO 26848 --- [userservice] [Thread-1] com.zaxxer.hikari.HikariDataSource       : HikariPool-1 - Shutdown initiated...
2024-06-21T15:55:50.207+07:00  INFO 26848 --- [userservice] [Thread-1] com.zaxxer.hikari.HikariDataSource       : HikariPool-1 - Shutdown completed.
2024-06-21T15:55:51.344+07:00  INFO 26848 --- [userservice] [restartedMain] devc.work.UserserviceApplication         : Starting UserserviceApplication using Java 21.0.2 with PID 26848 (E:\OneDrive - buv.edu.vn\JavaLearn\LearnJavaSpringBoot\userservice\target\classes started by Admin in E:\OneDrive - buv.edu.vn\JavaLearn\LearnJavaSpringBoot\userservice)
2024-06-21T15:55:51.345+07:00  INFO 26848 --- [userservice] [restartedMain] devc.work.UserserviceApplication         : No active profile set, falling back to 1 default profile: "default"
2024-06-21T15:55:51.738+07:00  INFO 26848 --- [userservice] [restartedMain] .s.d.r.c.RepositoryConfigurationDelegate : Bootstrapping Spring Data JPA repositories in DEFAULT mode.
2024-06-21T15:55:51.755+07:00  INFO 26848 --- [userservice] [restartedMain] .s.d.r.c.RepositoryConfigurationDelegate : Finished Spring Data repository scanning in 16 ms. Found 2 JPA repository interfaces.
2024-06-21T15:55:51.866+07:00  INFO 26848 --- [userservice] [restartedMain] o.s.cloud.context.scope.GenericScope     : BeanFactory id=ffaf1866-95b7-3e8e-b388-4433dec4950d
2024-06-21T15:55:51.951+07:00  INFO 26848 --- [userservice] [restartedMain] o.s.b.w.embedded.tomcat.TomcatWebServer  : Tomcat initialized with port 5513 (http)
2024-06-21T15:55:51.952+07:00  INFO 26848 --- [userservice] [restartedMain] o.apache.catalina.core.StandardService   : Starting service [Tomcat]
2024-06-21T15:55:51.952+07:00  INFO 26848 --- [userservice] [restartedMain] o.apache.catalina.core.StandardEngine    : Starting Servlet engine: [Apache Tomcat/10.1.24]
2024-06-21T15:55:51.983+07:00  INFO 26848 --- [userservice] [restartedMain] o.a.c.c.C.[Tomcat].[localhost].[/]       : Initializing Spring embedded WebApplicationContext
2024-06-21T15:55:51.983+07:00  INFO 26848 --- [userservice] [restartedMain] w.s.c.ServletWebServerApplicationContext : Root WebApplicationContext: initialization completed in 635 ms
2024-06-21T15:55:52.032+07:00  INFO 26848 --- [userservice] [restartedMain] o.hibernate.jpa.internal.util.LogHelper  : HHH000204: Processing PersistenceUnitInfo [name: default]
2024-06-21T15:55:52.036+07:00  INFO 26848 --- [userservice] [restartedMain] o.h.c.internal.RegionFactoryInitiator    : HHH000026: Second-level cache disabled
2024-06-21T15:55:52.051+07:00  INFO 26848 --- [userservice] [restartedMain] o.s.o.j.p.SpringPersistenceUnitInfo      : No LoadTimeWeaver setup: ignoring JPA class transformer
2024-06-21T15:55:52.053+07:00  INFO 26848 --- [userservice] [restartedMain] com.zaxxer.hikari.HikariDataSource       : HikariPool-2 - Starting...
2024-06-21T15:55:52.097+07:00  INFO 26848 --- [userservice] [restartedMain] com.zaxxer.hikari.pool.HikariPool        : HikariPool-2 - Added connection com.mysql.cj.jdbc.ConnectionImpl@3ae9a53b
2024-06-21T15:55:52.098+07:00  INFO 26848 --- [userservice] [restartedMain] com.zaxxer.hikari.HikariDataSource       : HikariPool-2 - Start completed.
2024-06-21T15:55:52.100+07:00  WARN 26848 --- [userservice] [restartedMain] org.hibernate.orm.deprecation            : HHH90000025: MySQLDialect does not need to be specified explicitly using 'hibernate.dialect' (remove the property setting and it will be selected by default)
2024-06-21T15:55:52.177+07:00  INFO 26848 --- [userservice] [restartedMain] o.h.e.t.j.p.i.JtaPlatformInitiator       : HHH000489: No JTA platform available (set 'hibernate.transaction.jta.platform' to enable JTA platform integration)
2024-06-21T15:55:52.209+07:00  INFO 26848 --- [userservice] [restartedMain] j.LocalContainerEntityManagerFactoryBean : Initialized JPA EntityManagerFactory for persistence unit 'default'
2024-06-21T15:55:52.302+07:00  WARN 26848 --- [userservice] [restartedMain] r$InitializeUserDetailsManagerConfigurer : Global AuthenticationManager configured with an AuthenticationProvider bean. UserDetailsService beans will not be used for username/password login. Consider removing the AuthenticationProvider bean. Alternatively, consider using the UserDetailsService in a manually instantiated DaoAuthenticationProvider.
2024-06-21T15:55:52.314+07:00  WARN 26848 --- [userservice] [restartedMain] JpaBaseConfiguration$JpaWebConfiguration : spring.jpa.open-in-view is enabled by default. Therefore, database queries may be performed during view rendering. Explicitly configure spring.jpa.open-in-view to disable this warning
2024-06-21T15:55:52.380+07:00  INFO 26848 --- [userservice] [restartedMain] o.s.s.web.DefaultSecurityFilterChain     : Will secure any request with [org.springframework.security.web.session.DisableEncodeUrlFilter@18d0fd87, org.springframework.security.web.context.request.async.WebAsyncManagerIntegrationFilter@25d03e0, org.springframework.security.web.context.SecurityContextHolderFilter@6b711fb8, org.springframework.security.web.header.HeaderWriterFilter@122a366b, org.springframework.web.filter.CorsFilter@2a02bd87, org.springframework.security.web.authentication.logout.LogoutFilter@46466b9d, org.springframework.security.web.authentication.www.BasicAuthenticationFilter@9136009, org.springframework.security.web.savedrequest.RequestCacheAwareFilter@5dbde532, org.springframework.security.web.servletapi.SecurityContextHolderAwareRequestFilter@1ee70980, org.springframework.security.web.authentication.AnonymousAuthenticationFilter@388393e6, org.springframework.security.web.session.SessionManagementFilter@656bd3c0, org.springframework.security.web.access.ExceptionTranslationFilter@1855d5f9, org.springframework.security.web.access.intercept.FilterSecurityInterceptor@6bf871f5]
2024-06-21T15:55:52.452+07:00  WARN 26848 --- [userservice] [restartedMain] o.s.b.d.a.OptionalLiveReloadServer       : Unable to start LiveReload server
2024-06-21T15:55:53.485+07:00  INFO 26848 --- [userservice] [restartedMain] o.s.cloud.commons.util.InetUtils         : Cannot determine local hostname
2024-06-21T15:55:53.504+07:00  INFO 26848 --- [userservice] [restartedMain] o.s.b.w.embedded.tomcat.TomcatWebServer  : Tomcat started on port 5513 (http) with context path '/'
2024-06-21T15:55:54.531+07:00  INFO 26848 --- [userservice] [restartedMain] o.s.cloud.commons.util.InetUtils         : Cannot determine local hostname
2024-06-21T15:55:54.535+07:00  INFO 26848 --- [userservice] [restartedMain] devc.work.UserserviceApplication         : Started UserserviceApplication in 4.266 seconds (process running for 406.338)
2024-06-21T15:55:54.537+07:00  INFO 26848 --- [userservice] [restartedMain] .ConditionEvaluationDeltaLoggingListener : Condition evaluation unchanged
2024-06-21T16:03:44.069+07:00  INFO 26848 --- [userservice] [http-nio-5513-exec-1] o.a.c.c.C.[Tomcat].[localhost].[/]       : Initializing Spring DispatcherServlet 'dispatcherServlet'
2024-06-21T16:03:44.070+07:00  INFO 26848 --- [userservice] [http-nio-5513-exec-1] o.s.web.servlet.DispatcherServlet        : Initializing Servlet 'dispatcherServlet'
2024-06-21T16:03:44.072+07:00  INFO 26848 --- [userservice] [http-nio-5513-exec-1] o.s.web.servlet.DispatcherServlet        : Completed initialization in 2 ms
2024-06-21T16:20:13.364+07:00  WARN 26848 --- [userservice] [http-nio-5513-exec-7] .w.s.m.s.DefaultHandlerExceptionResolver : Resolved [org.springframework.web.HttpRequestMethodNotSupportedException: Request method 'GET' is not supported]
2024-06-21T16:20:31.783+07:00  WARN 26848 --- [userservice] [http-nio-5513-exec-8] .w.s.m.s.DefaultHandlerExceptionResolver : Resolved [org.springframework.web.HttpRequestMethodNotSupportedException: Request method 'GET' is not supported]
2024-06-21T16:21:02.257+07:00  WARN 26848 --- [userservice] [http-nio-5513-exec-10] .w.s.m.s.DefaultHandlerExceptionResolver : Resolved [org.springframework.web.HttpRequestMethodNotSupportedException: Request method 'GET' is not supported]
2024-06-21T16:21:08.776+07:00  WARN 26848 --- [userservice] [http-nio-5513-exec-1] .w.s.m.s.DefaultHandlerExceptionResolver : Resolved [org.springframework.web.HttpRequestMethodNotSupportedException: Request method 'GET' is not supported]
2024-06-21T16:22:40.075+07:00  WARN 26848 --- [userservice] [http-nio-5513-exec-4] .w.s.m.s.DefaultHandlerExceptionResolver : Resolved [org.springframework.web.HttpRequestMethodNotSupportedException: Request method 'GET' is not supported]
2024-06-21T16:23:49.081+07:00  WARN 26848 --- [userservice] [http-nio-5513-exec-9] .w.s.m.s.DefaultHandlerExceptionResolver : Resolved [org.springframework.web.HttpRequestMethodNotSupportedException: Request method 'GET' is not supported]
2024-06-21T16:25:41.482+07:00  WARN 26848 --- [userservice] [http-nio-5513-exec-3] .w.s.m.s.DefaultHandlerExceptionResolver : Resolved [org.springframework.web.HttpRequestMethodNotSupportedException: Request method 'GET' is not supported]
2024-06-21T16:26:13.339+07:00  INFO 26192 --- [userservice] [restartedMain] devc.work.UserserviceApplication         : Starting UserserviceApplication using Java 21.0.2 with PID 26192 (E:\OneDrive - buv.edu.vn\JavaLearn\LearnJavaSpringBoot\userservice\target\classes started by Admin in E:\OneDrive - buv.edu.vn\JavaLearn\LearnJavaSpringBoot\userservice)
2024-06-21T16:26:13.345+07:00  INFO 26192 --- [userservice] [restartedMain] devc.work.UserserviceApplication         : No active profile set, falling back to 1 default profile: "default"
2024-06-21T16:26:13.487+07:00  INFO 26192 --- [userservice] [restartedMain] .e.DevToolsPropertyDefaultsPostProcessor : Devtools property defaults active! Set 'spring.devtools.add-properties' to 'false' to disable
2024-06-21T16:26:13.488+07:00  INFO 26192 --- [userservice] [restartedMain] .e.DevToolsPropertyDefaultsPostProcessor : For additional web related logging consider setting the 'logging.level.web' property to 'DEBUG'
2024-06-21T16:26:15.114+07:00  INFO 26192 --- [userservice] [restartedMain] .s.d.r.c.RepositoryConfigurationDelegate : Bootstrapping Spring Data JPA repositories in DEFAULT mode.
2024-06-21T16:26:15.227+07:00  INFO 26192 --- [userservice] [restartedMain] .s.d.r.c.RepositoryConfigurationDelegate : Finished Spring Data repository scanning in 97 ms. Found 2 JPA repository interfaces.
2024-06-21T16:26:15.990+07:00  INFO 26192 --- [userservice] [restartedMain] o.s.cloud.context.scope.GenericScope     : BeanFactory id=ffaf1866-95b7-3e8e-b388-4433dec4950d
2024-06-21T16:26:17.745+07:00  INFO 26192 --- [userservice] [restartedMain] o.s.b.w.embedded.tomcat.TomcatWebServer  : Tomcat initialized with port 5513 (http)
2024-06-21T16:26:17.771+07:00  INFO 26192 --- [userservice] [restartedMain] o.apache.catalina.core.StandardService   : Starting service [Tomcat]
2024-06-21T16:26:17.772+07:00  INFO 26192 --- [userservice] [restartedMain] o.apache.catalina.core.StandardEngine    : Starting Servlet engine: [Apache Tomcat/10.1.24]
2024-06-21T16:26:17.884+07:00  INFO 26192 --- [userservice] [restartedMain] o.a.c.c.C.[Tomcat].[localhost].[/]       : Initializing Spring embedded WebApplicationContext
2024-06-21T16:26:17.885+07:00  INFO 26192 --- [userservice] [restartedMain] w.s.c.ServletWebServerApplicationContext : Root WebApplicationContext: initialization completed in 4394 ms
2024-06-21T16:26:18.442+07:00  INFO 26192 --- [userservice] [restartedMain] o.hibernate.jpa.internal.util.LogHelper  : HHH000204: Processing PersistenceUnitInfo [name: default]
2024-06-21T16:26:18.589+07:00  INFO 26192 --- [userservice] [restartedMain] org.hibernate.Version                    : HHH000412: Hibernate ORM core version 6.5.2.Final
2024-06-21T16:26:18.679+07:00  INFO 26192 --- [userservice] [restartedMain] o.h.c.internal.RegionFactoryInitiator    : HHH000026: Second-level cache disabled
2024-06-21T16:26:19.505+07:00  INFO 26192 --- [userservice] [restartedMain] o.s.o.j.p.SpringPersistenceUnitInfo      : No LoadTimeWeaver setup: ignoring JPA class transformer
2024-06-21T16:26:19.570+07:00  INFO 26192 --- [userservice] [restartedMain] com.zaxxer.hikari.HikariDataSource       : HikariPool-1 - Starting...
2024-06-21T16:26:20.329+07:00  INFO 26192 --- [userservice] [restartedMain] com.zaxxer.hikari.pool.HikariPool        : HikariPool-1 - Added connection com.mysql.cj.jdbc.ConnectionImpl@5b3f64c4
2024-06-21T16:26:20.332+07:00  INFO 26192 --- [userservice] [restartedMain] com.zaxxer.hikari.HikariDataSource       : HikariPool-1 - Start completed.
2024-06-21T16:26:20.447+07:00  WARN 26192 --- [userservice] [restartedMain] org.hibernate.orm.deprecation            : HHH90000025: MySQLDialect does not need to be specified explicitly using 'hibernate.dialect' (remove the property setting and it will be selected by default)
2024-06-21T16:26:22.634+07:00  INFO 26192 --- [userservice] [restartedMain] o.h.e.t.j.p.i.JtaPlatformInitiator       : HHH000489: No JTA platform available (set 'hibernate.transaction.jta.platform' to enable JTA platform integration)
2024-06-21T16:26:22.807+07:00  INFO 26192 --- [userservice] [restartedMain] j.LocalContainerEntityManagerFactoryBean : Initialized JPA EntityManagerFactory for persistence unit 'default'
2024-06-21T16:26:23.403+07:00  INFO 26192 --- [userservice] [restartedMain] o.s.d.j.r.query.QueryEnhancerFactory     : Hibernate is in classpath; If applicable, HQL parser will be used.
2024-06-21T16:26:24.314+07:00  WARN 26192 --- [userservice] [restartedMain] r$InitializeUserDetailsManagerConfigurer : Global AuthenticationManager configured with an AuthenticationProvider bean. UserDetailsService beans will not be used for username/password login. Consider removing the AuthenticationProvider bean. Alternatively, consider using the UserDetailsService in a manually instantiated DaoAuthenticationProvider.
2024-06-21T16:26:24.415+07:00  WARN 26192 --- [userservice] [restartedMain] JpaBaseConfiguration$JpaWebConfiguration : spring.jpa.open-in-view is enabled by default. Therefore, database queries may be performed during view rendering. Explicitly configure spring.jpa.open-in-view to disable this warning
2024-06-21T16:26:25.571+07:00  INFO 26192 --- [userservice] [restartedMain] o.s.s.web.DefaultSecurityFilterChain     : Will secure any request with [org.springframework.security.web.session.DisableEncodeUrlFilter@7b025d39, org.springframework.security.web.context.request.async.WebAsyncManagerIntegrationFilter@1ca3b16c, org.springframework.security.web.context.SecurityContextHolderFilter@548c90a2, org.springframework.security.web.header.HeaderWriterFilter@7c08cb27, org.springframework.web.filter.CorsFilter@2babe396, org.springframework.security.web.authentication.logout.LogoutFilter@3b408c7f, org.springframework.security.web.authentication.www.BasicAuthenticationFilter@166e3500, org.springframework.security.web.savedrequest.RequestCacheAwareFilter@49b31d01, org.springframework.security.web.servletapi.SecurityContextHolderAwareRequestFilter@18b10390, org.springframework.security.web.authentication.AnonymousAuthenticationFilter@177c68f, org.springframework.security.web.session.SessionManagementFilter@2da4fc4f, org.springframework.security.web.access.ExceptionTranslationFilter@7f759c02, org.springframework.security.web.access.intercept.FilterSecurityInterceptor@7403dad9]
2024-06-21T16:26:26.511+07:00  INFO 26192 --- [userservice] [restartedMain] o.s.b.d.a.OptionalLiveReloadServer       : LiveReload server is running on port 35729
2024-06-21T16:26:27.563+07:00  INFO 26192 --- [userservice] [restartedMain] o.s.cloud.commons.util.InetUtils         : Cannot determine local hostname
2024-06-21T16:26:27.666+07:00  INFO 26192 --- [userservice] [restartedMain] o.s.b.w.embedded.tomcat.TomcatWebServer  : Tomcat started on port 5513 (http) with context path '/'
2024-06-21T16:26:28.690+07:00  INFO 26192 --- [userservice] [restartedMain] o.s.cloud.commons.util.InetUtils         : Cannot determine local hostname
2024-06-21T16:26:28.707+07:00  INFO 26192 --- [userservice] [restartedMain] devc.work.UserserviceApplication         : Started UserserviceApplication in 17.185 seconds (process running for 17.805)
2024-06-21T16:26:46.348+07:00  INFO 26192 --- [userservice] [http-nio-5513-exec-3] o.a.c.c.C.[Tomcat].[localhost].[/]       : Initializing Spring DispatcherServlet 'dispatcherServlet'
2024-06-21T16:26:46.348+07:00  INFO 26192 --- [userservice] [http-nio-5513-exec-3] o.s.web.servlet.DispatcherServlet        : Initializing Servlet 'dispatcherServlet'
2024-06-21T16:26:46.349+07:00  INFO 26192 --- [userservice] [http-nio-5513-exec-3] o.s.web.servlet.DispatcherServlet        : Completed initialization in 0 ms
2024-06-21T16:26:51.330+07:00  WARN 26192 --- [userservice] [http-nio-5513-exec-4] .w.s.m.s.DefaultHandlerExceptionResolver : Resolved [org.springframework.web.HttpRequestMethodNotSupportedException: Request method 'GET' is not supported]
2024-06-21T16:28:02.458+07:00  WARN 26192 --- [userservice] [http-nio-5513-exec-9] .w.s.m.s.DefaultHandlerExceptionResolver : Resolved [org.springframework.web.HttpRequestMethodNotSupportedException: Request method 'GET' is not supported]
2024-06-21T16:31:23.128+07:00  WARN 26192 --- [userservice] [http-nio-5513-exec-5] .w.s.m.s.DefaultHandlerExceptionResolver : Resolved [org.springframework.web.HttpRequestMethodNotSupportedException: Request method 'GET' is not supported]
2024-06-21T16:31:56.626+07:00  WARN 26192 --- [userservice] [http-nio-5513-exec-3] .w.s.m.s.DefaultHandlerExceptionResolver : Resolved [org.springframework.web.HttpRequestMethodNotSupportedException: Request method 'GET' is not supported]
2024-06-21T16:34:35.944+07:00  WARN 26192 --- [userservice] [http-nio-5513-exec-9] .w.s.m.s.DefaultHandlerExceptionResolver : Resolved [org.springframework.web.HttpRequestMethodNotSupportedException: Request method 'GET' is not supported]
2024-06-21T16:40:50.735+07:00  WARN 26192 --- [userservice] [http-nio-5513-exec-5] .w.s.m.s.DefaultHandlerExceptionResolver : Resolved [org.springframework.web.HttpRequestMethodNotSupportedException: Request method 'GET' is not supported]
2024-06-21T16:45:42.079+07:00  WARN 26192 --- [userservice] [http-nio-5513-exec-6] .w.s.m.s.DefaultHandlerExceptionResolver : Resolved [org.springframework.web.HttpRequestMethodNotSupportedException: Request method 'GET' is not supported]
2024-06-21T16:45:51.443+07:00  WARN 26192 --- [userservice] [http-nio-5513-exec-9] .w.s.m.s.DefaultHandlerExceptionResolver : Resolved [org.springframework.web.HttpRequestMethodNotSupportedException: Request method 'GET' is not supported]
2024-06-21T16:51:23.211+07:00  WARN 26192 --- [userservice] [http-nio-5513-exec-5] .w.s.m.s.DefaultHandlerExceptionResolver : Resolved [org.springframework.web.HttpRequestMethodNotSupportedException: Request method 'GET' is not supported]
2024-06-21T16:51:37.046+07:00  INFO 26164 --- [userservice] [restartedMain] devc.work.UserserviceApplication         : Starting UserserviceApplication using Java 21.0.2 with PID 26164 (E:\OneDrive - buv.edu.vn\JavaLearn\LearnJavaSpringBoot\userservice\target\classes started by Admin in E:\OneDrive - buv.edu.vn\JavaLearn\LearnJavaSpringBoot\userservice)
2024-06-21T16:51:37.050+07:00  INFO 26164 --- [userservice] [restartedMain] devc.work.UserserviceApplication         : No active profile set, falling back to 1 default profile: "default"
2024-06-21T16:51:37.136+07:00  INFO 26164 --- [userservice] [restartedMain] .e.DevToolsPropertyDefaultsPostProcessor : Devtools property defaults active! Set 'spring.devtools.add-properties' to 'false' to disable
2024-06-21T16:51:37.137+07:00  INFO 26164 --- [userservice] [restartedMain] .e.DevToolsPropertyDefaultsPostProcessor : For additional web related logging consider setting the 'logging.level.web' property to 'DEBUG'
2024-06-21T16:51:38.431+07:00  INFO 26164 --- [userservice] [restartedMain] .s.d.r.c.RepositoryConfigurationDelegate : Bootstrapping Spring Data JPA repositories in DEFAULT mode.
2024-06-21T16:51:38.529+07:00  INFO 26164 --- [userservice] [restartedMain] .s.d.r.c.RepositoryConfigurationDelegate : Finished Spring Data repository scanning in 86 ms. Found 2 JPA repository interfaces.
2024-06-21T16:51:38.862+07:00  INFO 26164 --- [userservice] [restartedMain] o.s.cloud.context.scope.GenericScope     : BeanFactory id=ffaf1866-95b7-3e8e-b388-4433dec4950d
2024-06-21T16:51:39.836+07:00  INFO 26164 --- [userservice] [restartedMain] o.s.b.w.embedded.tomcat.TomcatWebServer  : Tomcat initialized with port 5513 (http)
2024-06-21T16:51:39.856+07:00  INFO 26164 --- [userservice] [restartedMain] o.apache.catalina.core.StandardService   : Starting service [Tomcat]
2024-06-21T16:51:39.857+07:00  INFO 26164 --- [userservice] [restartedMain] o.apache.catalina.core.StandardEngine    : Starting Servlet engine: [Apache Tomcat/10.1.24]
2024-06-21T16:51:39.937+07:00  INFO 26164 --- [userservice] [restartedMain] o.a.c.c.C.[Tomcat].[localhost].[/]       : Initializing Spring embedded WebApplicationContext
2024-06-21T16:51:39.937+07:00  INFO 26164 --- [userservice] [restartedMain] w.s.c.ServletWebServerApplicationContext : Root WebApplicationContext: initialization completed in 2799 ms
2024-06-21T16:51:40.199+07:00  INFO 26164 --- [userservice] [restartedMain] o.hibernate.jpa.internal.util.LogHelper  : HHH000204: Processing PersistenceUnitInfo [name: default]
2024-06-21T16:51:40.334+07:00  INFO 26164 --- [userservice] [restartedMain] org.hibernate.Version                    : HHH000412: Hibernate ORM core version 6.5.2.Final
2024-06-21T16:51:40.404+07:00  INFO 26164 --- [userservice] [restartedMain] o.h.c.internal.RegionFactoryInitiator    : HHH000026: Second-level cache disabled
2024-06-21T16:51:40.859+07:00  INFO 26164 --- [userservice] [restartedMain] o.s.o.j.p.SpringPersistenceUnitInfo      : No LoadTimeWeaver setup: ignoring JPA class transformer
2024-06-21T16:51:40.898+07:00  INFO 26164 --- [userservice] [restartedMain] com.zaxxer.hikari.HikariDataSource       : HikariPool-1 - Starting...
2024-06-21T16:51:41.237+07:00  INFO 26164 --- [userservice] [restartedMain] com.zaxxer.hikari.pool.HikariPool        : HikariPool-1 - Added connection com.mysql.cj.jdbc.ConnectionImpl@69aed26d
2024-06-21T16:51:41.240+07:00  INFO 26164 --- [userservice] [restartedMain] com.zaxxer.hikari.HikariDataSource       : HikariPool-1 - Start completed.
2024-06-21T16:51:41.314+07:00  WARN 26164 --- [userservice] [restartedMain] org.hibernate.orm.deprecation            : HHH90000025: MySQLDialect does not need to be specified explicitly using 'hibernate.dialect' (remove the property setting and it will be selected by default)
2024-06-21T16:51:42.579+07:00  INFO 26164 --- [userservice] [restartedMain] o.h.e.t.j.p.i.JtaPlatformInitiator       : HHH000489: No JTA platform available (set 'hibernate.transaction.jta.platform' to enable JTA platform integration)
2024-06-21T16:51:42.698+07:00  INFO 26164 --- [userservice] [restartedMain] j.LocalContainerEntityManagerFactoryBean : Initialized JPA EntityManagerFactory for persistence unit 'default'
2024-06-21T16:51:43.075+07:00  INFO 26164 --- [userservice] [restartedMain] o.s.d.j.r.query.QueryEnhancerFactory     : Hibernate is in classpath; If applicable, HQL parser will be used.
2024-06-21T16:51:43.616+07:00  WARN 26164 --- [userservice] [restartedMain] r$InitializeUserDetailsManagerConfigurer : Global AuthenticationManager configured with an AuthenticationProvider bean. UserDetailsService beans will not be used for username/password login. Consider removing the AuthenticationProvider bean. Alternatively, consider using the UserDetailsService in a manually instantiated DaoAuthenticationProvider.
2024-06-21T16:51:43.650+07:00  WARN 26164 --- [userservice] [restartedMain] JpaBaseConfiguration$JpaWebConfiguration : spring.jpa.open-in-view is enabled by default. Therefore, database queries may be performed during view rendering. Explicitly configure spring.jpa.open-in-view to disable this warning
2024-06-21T16:51:44.045+07:00  INFO 26164 --- [userservice] [restartedMain] o.s.s.web.DefaultSecurityFilterChain     : Will secure any request with [org.springframework.security.web.session.DisableEncodeUrlFilter@aa88b21, org.springframework.security.web.context.request.async.WebAsyncManagerIntegrationFilter@21d97005, org.springframework.security.web.context.SecurityContextHolderFilter@7ee1a228, org.springframework.security.web.header.HeaderWriterFilter@245a6e89, org.springframework.web.filter.CorsFilter@721bcc2f, org.springframework.security.web.authentication.logout.LogoutFilter@547009b, org.springframework.security.web.authentication.www.BasicAuthenticationFilter@6e98a851, org.springframework.security.web.savedrequest.RequestCacheAwareFilter@5210ae68, org.springframework.security.web.servletapi.SecurityContextHolderAwareRequestFilter@1da3d6e6, org.springframework.security.web.authentication.AnonymousAuthenticationFilter@7a589ffa, org.springframework.security.web.session.SessionManagementFilter@227a5d10, org.springframework.security.web.access.ExceptionTranslationFilter@b04fb22, org.springframework.security.web.access.intercept.FilterSecurityInterceptor@24d754d4]
2024-06-21T16:51:44.310+07:00  INFO 26164 --- [userservice] [restartedMain] o.s.b.d.a.OptionalLiveReloadServer       : LiveReload server is running on port 35729
2024-06-21T16:51:45.344+07:00  INFO 26164 --- [userservice] [restartedMain] o.s.cloud.commons.util.InetUtils         : Cannot determine local hostname
2024-06-21T16:51:45.406+07:00  INFO 26164 --- [userservice] [restartedMain] o.s.b.w.embedded.tomcat.TomcatWebServer  : Tomcat started on port 5513 (http) with context path '/'
2024-06-21T16:51:46.428+07:00  INFO 26164 --- [userservice] [restartedMain] o.s.cloud.commons.util.InetUtils         : Cannot determine local hostname
2024-06-21T16:51:46.437+07:00  INFO 26164 --- [userservice] [restartedMain] devc.work.UserserviceApplication         : Started UserserviceApplication in 11.032 seconds (process running for 11.685)
2024-06-21T16:52:00.742+07:00  INFO 26164 --- [userservice] [http-nio-5513-exec-2] o.a.c.c.C.[Tomcat].[localhost].[/]       : Initializing Spring DispatcherServlet 'dispatcherServlet'
2024-06-21T16:52:00.742+07:00  INFO 26164 --- [userservice] [http-nio-5513-exec-2] o.s.web.servlet.DispatcherServlet        : Initializing Servlet 'dispatcherServlet'
2024-06-21T16:52:00.744+07:00  INFO 26164 --- [userservice] [http-nio-5513-exec-2] o.s.web.servlet.DispatcherServlet        : Completed initialization in 2 ms
2024-06-21T16:52:03.384+07:00  WARN 26164 --- [userservice] [http-nio-5513-exec-3] .w.s.m.s.DefaultHandlerExceptionResolver : Resolved [org.springframework.web.HttpRequestMethodNotSupportedException: Request method 'GET' is not supported]
2024-06-21T16:52:08.638+07:00  WARN 26164 --- [userservice] [http-nio-5513-exec-1] .w.s.m.s.DefaultHandlerExceptionResolver : Resolved [org.springframework.web.HttpRequestMethodNotSupportedException: Request method 'GET' is not supported]
2024-06-21T16:52:11.516+07:00  WARN 26164 --- [userservice] [http-nio-5513-exec-4] .w.s.m.s.DefaultHandlerExceptionResolver : Resolved [org.springframework.web.HttpRequestMethodNotSupportedException: Request method 'GET' is not supported]
2024-06-21T16:55:24.850+07:00  INFO 27088 --- [userservice] [restartedMain] devc.work.UserserviceApplication         : Starting UserserviceApplication using Java 21.0.2 with PID 27088 (E:\OneDrive - buv.edu.vn\JavaLearn\LearnJavaSpringBoot\userservice\target\classes started by Admin in E:\OneDrive - buv.edu.vn\JavaLearn\LearnJavaSpringBoot\userservice)
2024-06-21T16:55:24.855+07:00  INFO 27088 --- [userservice] [restartedMain] devc.work.UserserviceApplication         : No active profile set, falling back to 1 default profile: "default"
2024-06-21T16:55:24.968+07:00  INFO 27088 --- [userservice] [restartedMain] .e.DevToolsPropertyDefaultsPostProcessor : Devtools property defaults active! Set 'spring.devtools.add-properties' to 'false' to disable
2024-06-21T16:55:24.968+07:00  INFO 27088 --- [userservice] [restartedMain] .e.DevToolsPropertyDefaultsPostProcessor : For additional web related logging consider setting the 'logging.level.web' property to 'DEBUG'
2024-06-21T16:55:26.444+07:00  INFO 27088 --- [userservice] [restartedMain] .s.d.r.c.RepositoryConfigurationDelegate : Bootstrapping Spring Data JPA repositories in DEFAULT mode.
2024-06-21T16:55:26.534+07:00  INFO 27088 --- [userservice] [restartedMain] .s.d.r.c.RepositoryConfigurationDelegate : Finished Spring Data repository scanning in 76 ms. Found 2 JPA repository interfaces.
2024-06-21T16:55:26.990+07:00  INFO 27088 --- [userservice] [restartedMain] o.s.cloud.context.scope.GenericScope     : BeanFactory id=ffaf1866-95b7-3e8e-b388-4433dec4950d
2024-06-21T16:55:28.922+07:00  INFO 27088 --- [userservice] [restartedMain] o.s.b.w.embedded.tomcat.TomcatWebServer  : Tomcat initialized with port 5513 (http)
2024-06-21T16:55:28.961+07:00  INFO 27088 --- [userservice] [restartedMain] o.apache.catalina.core.StandardService   : Starting service [Tomcat]
2024-06-21T16:55:28.962+07:00  INFO 27088 --- [userservice] [restartedMain] o.apache.catalina.core.StandardEngine    : Starting Servlet engine: [Apache Tomcat/10.1.24]
2024-06-21T16:55:29.101+07:00  INFO 27088 --- [userservice] [restartedMain] o.a.c.c.C.[Tomcat].[localhost].[/]       : Initializing Spring embedded WebApplicationContext
2024-06-21T16:55:29.103+07:00  INFO 27088 --- [userservice] [restartedMain] w.s.c.ServletWebServerApplicationContext : Root WebApplicationContext: initialization completed in 4133 ms
2024-06-21T16:55:29.566+07:00  INFO 27088 --- [userservice] [restartedMain] o.hibernate.jpa.internal.util.LogHelper  : HHH000204: Processing PersistenceUnitInfo [name: default]
2024-06-21T16:55:29.738+07:00  INFO 27088 --- [userservice] [restartedMain] org.hibernate.Version                    : HHH000412: Hibernate ORM core version 6.5.2.Final
2024-06-21T16:55:29.828+07:00  INFO 27088 --- [userservice] [restartedMain] o.h.c.internal.RegionFactoryInitiator    : HHH000026: Second-level cache disabled
2024-06-21T16:55:30.469+07:00  INFO 27088 --- [userservice] [restartedMain] o.s.o.j.p.SpringPersistenceUnitInfo      : No LoadTimeWeaver setup: ignoring JPA class transformer
2024-06-21T16:55:30.547+07:00  INFO 27088 --- [userservice] [restartedMain] com.zaxxer.hikari.HikariDataSource       : HikariPool-1 - Starting...
2024-06-21T16:55:31.601+07:00  INFO 27088 --- [userservice] [restartedMain] com.zaxxer.hikari.pool.HikariPool        : HikariPool-1 - Added connection com.mysql.cj.jdbc.ConnectionImpl@4c26ca6e
2024-06-21T16:55:31.608+07:00  INFO 27088 --- [userservice] [restartedMain] com.zaxxer.hikari.HikariDataSource       : HikariPool-1 - Start completed.
2024-06-21T16:55:31.804+07:00  WARN 27088 --- [userservice] [restartedMain] org.hibernate.orm.deprecation            : HHH90000025: MySQLDialect does not need to be specified explicitly using 'hibernate.dialect' (remove the property setting and it will be selected by default)
2024-06-21T16:55:34.114+07:00  INFO 27088 --- [userservice] [restartedMain] o.h.e.t.j.p.i.JtaPlatformInitiator       : HHH000489: No JTA platform available (set 'hibernate.transaction.jta.platform' to enable JTA platform integration)
2024-06-21T16:55:34.241+07:00  INFO 27088 --- [userservice] [restartedMain] j.LocalContainerEntityManagerFactoryBean : Initialized JPA EntityManagerFactory for persistence unit 'default'
2024-06-21T16:55:34.917+07:00  INFO 27088 --- [userservice] [restartedMain] o.s.d.j.r.query.QueryEnhancerFactory     : Hibernate is in classpath; If applicable, HQL parser will be used.
2024-06-21T16:55:35.849+07:00  WARN 27088 --- [userservice] [restartedMain] r$InitializeUserDetailsManagerConfigurer : Global AuthenticationManager configured with an AuthenticationProvider bean. UserDetailsService beans will not be used for username/password login. Consider removing the AuthenticationProvider bean. Alternatively, consider using the UserDetailsService in a manually instantiated DaoAuthenticationProvider.
2024-06-21T16:55:35.916+07:00  WARN 27088 --- [userservice] [restartedMain] JpaBaseConfiguration$JpaWebConfiguration : spring.jpa.open-in-view is enabled by default. Therefore, database queries may be performed during view rendering. Explicitly configure spring.jpa.open-in-view to disable this warning
2024-06-21T16:55:36.552+07:00  INFO 27088 --- [userservice] [restartedMain] o.s.s.web.DefaultSecurityFilterChain     : Will secure any request with [org.springframework.security.web.session.DisableEncodeUrlFilter@bcab390, org.springframework.security.web.context.request.async.WebAsyncManagerIntegrationFilter@6824258e, org.springframework.security.web.context.SecurityContextHolderFilter@3a8504ac, org.springframework.security.web.header.HeaderWriterFilter@225a14fd, org.springframework.web.filter.CorsFilter@166e3500, org.springframework.security.web.authentication.logout.LogoutFilter@150c73a4, org.springframework.security.web.authentication.www.BasicAuthenticationFilter@109e626d, org.springframework.security.web.savedrequest.RequestCacheAwareFilter@2da4fc4f, org.springframework.security.web.servletapi.SecurityContextHolderAwareRequestFilter@362238f3, org.springframework.security.web.authentication.AnonymousAuthenticationFilter@6c4b7e90, org.springframework.security.web.session.SessionManagementFilter@759fd5a2, org.springframework.security.web.access.ExceptionTranslationFilter@4a762228, org.springframework.security.web.access.intercept.FilterSecurityInterceptor@4b221ef2]
2024-06-21T16:55:36.998+07:00  INFO 27088 --- [userservice] [restartedMain] o.s.b.d.a.OptionalLiveReloadServer       : LiveReload server is running on port 35729
2024-06-21T16:55:38.044+07:00  INFO 27088 --- [userservice] [restartedMain] o.s.cloud.commons.util.InetUtils         : Cannot determine local hostname
2024-06-21T16:55:38.210+07:00  INFO 27088 --- [userservice] [restartedMain] o.s.b.w.embedded.tomcat.TomcatWebServer  : Tomcat started on port 5513 (http) with context path '/'
2024-06-21T16:55:39.253+07:00  INFO 27088 --- [userservice] [restartedMain] o.s.cloud.commons.util.InetUtils         : Cannot determine local hostname
2024-06-21T16:55:39.267+07:00  INFO 27088 --- [userservice] [restartedMain] devc.work.UserserviceApplication         : Started UserserviceApplication in 16.27 seconds (process running for 17.002)
2024-06-21T16:56:36.256+07:00  INFO 27088 --- [userservice] [http-nio-5513-exec-1] o.a.c.c.C.[Tomcat].[localhost].[/]       : Initializing Spring DispatcherServlet 'dispatcherServlet'
2024-06-21T16:56:36.257+07:00  INFO 27088 --- [userservice] [http-nio-5513-exec-1] o.s.web.servlet.DispatcherServlet        : Initializing Servlet 'dispatcherServlet'
2024-06-21T16:56:36.259+07:00  INFO 27088 --- [userservice] [http-nio-5513-exec-1] o.s.web.servlet.DispatcherServlet        : Completed initialization in 2 ms
2024-06-21T16:56:40.433+07:00  WARN 27088 --- [userservice] [http-nio-5513-exec-3] .w.s.m.s.DefaultHandlerExceptionResolver : Resolved [org.springframework.web.HttpRequestMethodNotSupportedException: Request method 'GET' is not supported]
2024-06-21T16:57:22.242+07:00  WARN 27088 --- [userservice] [http-nio-5513-exec-2] .w.s.m.s.DefaultHandlerExceptionResolver : Resolved [org.springframework.web.HttpRequestMethodNotSupportedException: Request method 'GET' is not supported]
2024-06-21T16:58:14.625+07:00  WARN 27088 --- [userservice] [http-nio-5513-exec-6] .w.s.m.s.DefaultHandlerExceptionResolver : Resolved [org.springframework.web.HttpRequestMethodNotSupportedException: Request method 'GET' is not supported]
2024-06-21T17:00:45.908+07:00  INFO 24240 --- [userservice] [restartedMain] devc.work.UserserviceApplication         : Starting UserserviceApplication using Java 21.0.2 with PID 24240 (E:\OneDrive - buv.edu.vn\JavaLearn\LearnJavaSpringBoot\userservice\target\classes started by Admin in E:\OneDrive - buv.edu.vn\JavaLearn\LearnJavaSpringBoot\userservice)
2024-06-21T17:00:45.916+07:00  INFO 24240 --- [userservice] [restartedMain] devc.work.UserserviceApplication         : No active profile set, falling back to 1 default profile: "default"
2024-06-21T17:00:46.118+07:00  INFO 24240 --- [userservice] [restartedMain] .e.DevToolsPropertyDefaultsPostProcessor : Devtools property defaults active! Set 'spring.devtools.add-properties' to 'false' to disable
2024-06-21T17:00:46.118+07:00  INFO 24240 --- [userservice] [restartedMain] .e.DevToolsPropertyDefaultsPostProcessor : For additional web related logging consider setting the 'logging.level.web' property to 'DEBUG'
2024-06-21T17:00:48.890+07:00  INFO 24240 --- [userservice] [restartedMain] .s.d.r.c.RepositoryConfigurationDelegate : Bootstrapping Spring Data JPA repositories in DEFAULT mode.
2024-06-21T17:00:49.082+07:00  INFO 24240 --- [userservice] [restartedMain] .s.d.r.c.RepositoryConfigurationDelegate : Finished Spring Data repository scanning in 169 ms. Found 2 JPA repository interfaces.
2024-06-21T17:00:49.776+07:00  INFO 24240 --- [userservice] [restartedMain] o.s.cloud.context.scope.GenericScope     : BeanFactory id=ffaf1866-95b7-3e8e-b388-4433dec4950d
2024-06-21T17:00:51.834+07:00  INFO 24240 --- [userservice] [restartedMain] o.s.b.w.embedded.tomcat.TomcatWebServer  : Tomcat initialized with port 5513 (http)
2024-06-21T17:00:51.868+07:00  INFO 24240 --- [userservice] [restartedMain] o.apache.catalina.core.StandardService   : Starting service [Tomcat]
2024-06-21T17:00:51.872+07:00  INFO 24240 --- [userservice] [restartedMain] o.apache.catalina.core.StandardEngine    : Starting Servlet engine: [Apache Tomcat/10.1.24]
2024-06-21T17:00:52.077+07:00  INFO 24240 --- [userservice] [restartedMain] o.a.c.c.C.[Tomcat].[localhost].[/]       : Initializing Spring embedded WebApplicationContext
2024-06-21T17:00:52.078+07:00  INFO 24240 --- [userservice] [restartedMain] w.s.c.ServletWebServerApplicationContext : Root WebApplicationContext: initialization completed in 5957 ms
2024-06-21T17:00:52.527+07:00  INFO 24240 --- [userservice] [restartedMain] o.hibernate.jpa.internal.util.LogHelper  : HHH000204: Processing PersistenceUnitInfo [name: default]
2024-06-21T17:00:52.670+07:00  INFO 24240 --- [userservice] [restartedMain] org.hibernate.Version                    : HHH000412: Hibernate ORM core version 6.5.2.Final
2024-06-21T17:00:52.773+07:00  INFO 24240 --- [userservice] [restartedMain] o.h.c.internal.RegionFactoryInitiator    : HHH000026: Second-level cache disabled
2024-06-21T17:00:53.504+07:00  INFO 24240 --- [userservice] [restartedMain] o.s.o.j.p.SpringPersistenceUnitInfo      : No LoadTimeWeaver setup: ignoring JPA class transformer
2024-06-21T17:00:53.555+07:00  INFO 24240 --- [userservice] [restartedMain] com.zaxxer.hikari.HikariDataSource       : HikariPool-1 - Starting...
2024-06-21T17:00:54.203+07:00  INFO 24240 --- [userservice] [restartedMain] com.zaxxer.hikari.pool.HikariPool        : HikariPool-1 - Added connection com.mysql.cj.jdbc.ConnectionImpl@57302dff
2024-06-21T17:00:54.208+07:00  INFO 24240 --- [userservice] [restartedMain] com.zaxxer.hikari.HikariDataSource       : HikariPool-1 - Start completed.
2024-06-21T17:00:54.311+07:00  WARN 24240 --- [userservice] [restartedMain] org.hibernate.orm.deprecation            : HHH90000025: MySQLDialect does not need to be specified explicitly using 'hibernate.dialect' (remove the property setting and it will be selected by default)
2024-06-21T17:00:56.281+07:00  INFO 24240 --- [userservice] [restartedMain] o.h.e.t.j.p.i.JtaPlatformInitiator       : HHH000489: No JTA platform available (set 'hibernate.transaction.jta.platform' to enable JTA platform integration)
2024-06-21T17:00:56.400+07:00  INFO 24240 --- [userservice] [restartedMain] j.LocalContainerEntityManagerFactoryBean : Initialized JPA EntityManagerFactory for persistence unit 'default'
2024-06-21T17:00:57.061+07:00  INFO 24240 --- [userservice] [restartedMain] o.s.d.j.r.query.QueryEnhancerFactory     : Hibernate is in classpath; If applicable, HQL parser will be used.
2024-06-21T17:00:57.841+07:00  WARN 24240 --- [userservice] [restartedMain] r$InitializeUserDetailsManagerConfigurer : Global AuthenticationManager configured with an AuthenticationProvider bean. UserDetailsService beans will not be used for username/password login. Consider removing the AuthenticationProvider bean. Alternatively, consider using the UserDetailsService in a manually instantiated DaoAuthenticationProvider.
2024-06-21T17:00:57.902+07:00  WARN 24240 --- [userservice] [restartedMain] JpaBaseConfiguration$JpaWebConfiguration : spring.jpa.open-in-view is enabled by default. Therefore, database queries may be performed during view rendering. Explicitly configure spring.jpa.open-in-view to disable this warning
2024-06-21T17:00:58.455+07:00  INFO 24240 --- [userservice] [restartedMain] o.s.s.web.DefaultSecurityFilterChain     : Will secure any request with [org.springframework.security.web.session.DisableEncodeUrlFilter@21aa8e77, org.springframework.security.web.context.request.async.WebAsyncManagerIntegrationFilter@2933cbb7, org.springframework.security.web.context.SecurityContextHolderFilter@42b96d37, org.springframework.security.web.header.HeaderWriterFilter@711979d0, org.springframework.web.filter.CorsFilter@3218fbf9, org.springframework.security.web.authentication.logout.LogoutFilter@59923cc5, org.springframework.security.web.authentication.www.BasicAuthenticationFilter@f50f825, org.springframework.security.web.savedrequest.RequestCacheAwareFilter@13899ad0, org.springframework.security.web.servletapi.SecurityContextHolderAwareRequestFilter@79c8c900, org.springframework.security.web.authentication.AnonymousAuthenticationFilter@948f755, org.springframework.security.web.session.SessionManagementFilter@5720948d, org.springframework.security.web.access.ExceptionTranslationFilter@5d5d3f3f, org.springframework.security.web.access.intercept.FilterSecurityInterceptor@6fa76067]
2024-06-21T17:00:59.185+07:00  WARN 24240 --- [userservice] [restartedMain] o.s.b.d.a.OptionalLiveReloadServer       : Unable to start LiveReload server
2024-06-21T17:01:00.238+07:00  INFO 24240 --- [userservice] [restartedMain] o.s.cloud.commons.util.InetUtils         : Cannot determine local hostname
2024-06-21T17:01:00.351+07:00  INFO 24240 --- [userservice] [restartedMain] o.s.b.w.embedded.tomcat.TomcatWebServer  : Tomcat started on port 5513 (http) with context path '/'
2024-06-21T17:01:01.382+07:00  INFO 24240 --- [userservice] [restartedMain] o.s.cloud.commons.util.InetUtils         : Cannot determine local hostname
2024-06-21T17:01:01.392+07:00  INFO 24240 --- [userservice] [restartedMain] devc.work.UserserviceApplication         : Started UserserviceApplication in 18.254 seconds (process running for 19.409)
2024-06-21T17:01:04.481+07:00  INFO 24240 --- [userservice] [http-nio-5513-exec-3] o.a.c.c.C.[Tomcat].[localhost].[/]       : Initializing Spring DispatcherServlet 'dispatcherServlet'
2024-06-21T17:01:04.482+07:00  INFO 24240 --- [userservice] [http-nio-5513-exec-3] o.s.web.servlet.DispatcherServlet        : Initializing Servlet 'dispatcherServlet'
2024-06-21T17:01:04.483+07:00  INFO 24240 --- [userservice] [http-nio-5513-exec-3] o.s.web.servlet.DispatcherServlet        : Completed initialization in 1 ms
2024-06-21T17:47:28.983+07:00  INFO 21264 --- [userservice] [restartedMain] devc.work.UserserviceApplication         : Starting UserserviceApplication using Java 21.0.2 with PID 21264 (E:\OneDrive - buv.edu.vn\JavaLearn\LearnJavaSpringBoot\userservice\target\classes started by Admin in E:\OneDrive - buv.edu.vn\JavaLearn\LearnJavaSpringBoot\userservice)
2024-06-21T17:47:28.988+07:00  INFO 21264 --- [userservice] [restartedMain] devc.work.UserserviceApplication         : No active profile set, falling back to 1 default profile: "default"
2024-06-21T17:47:29.110+07:00  INFO 21264 --- [userservice] [restartedMain] .e.DevToolsPropertyDefaultsPostProcessor : Devtools property defaults active! Set 'spring.devtools.add-properties' to 'false' to disable
2024-06-21T17:47:29.111+07:00  INFO 21264 --- [userservice] [restartedMain] .e.DevToolsPropertyDefaultsPostProcessor : For additional web related logging consider setting the 'logging.level.web' property to 'DEBUG'
2024-06-21T17:47:30.833+07:00  INFO 21264 --- [userservice] [restartedMain] .s.d.r.c.RepositoryConfigurationDelegate : Bootstrapping Spring Data JPA repositories in DEFAULT mode.
2024-06-21T17:47:30.942+07:00  INFO 21264 --- [userservice] [restartedMain] .s.d.r.c.RepositoryConfigurationDelegate : Finished Spring Data repository scanning in 93 ms. Found 2 JPA repository interfaces.
2024-06-21T17:47:31.383+07:00  INFO 21264 --- [userservice] [restartedMain] o.s.cloud.context.scope.GenericScope     : BeanFactory id=ffaf1866-95b7-3e8e-b388-4433dec4950d
2024-06-21T17:47:32.523+07:00  INFO 21264 --- [userservice] [restartedMain] o.s.b.w.embedded.tomcat.TomcatWebServer  : Tomcat initialized with port 5513 (http)
2024-06-21T17:47:32.547+07:00  INFO 21264 --- [userservice] [restartedMain] o.apache.catalina.core.StandardService   : Starting service [Tomcat]
2024-06-21T17:47:32.548+07:00  INFO 21264 --- [userservice] [restartedMain] o.apache.catalina.core.StandardEngine    : Starting Servlet engine: [Apache Tomcat/10.1.24]
2024-06-21T17:47:32.636+07:00  INFO 21264 --- [userservice] [restartedMain] o.a.c.c.C.[Tomcat].[localhost].[/]       : Initializing Spring embedded WebApplicationContext
2024-06-21T17:47:32.637+07:00  INFO 21264 --- [userservice] [restartedMain] w.s.c.ServletWebServerApplicationContext : Root WebApplicationContext: initialization completed in 3523 ms
2024-06-21T17:47:32.933+07:00  INFO 21264 --- [userservice] [restartedMain] o.hibernate.jpa.internal.util.LogHelper  : HHH000204: Processing PersistenceUnitInfo [name: default]
2024-06-21T17:47:33.048+07:00  INFO 21264 --- [userservice] [restartedMain] org.hibernate.Version                    : HHH000412: Hibernate ORM core version 6.5.2.Final
2024-06-21T17:47:33.105+07:00  INFO 21264 --- [userservice] [restartedMain] o.h.c.internal.RegionFactoryInitiator    : HHH000026: Second-level cache disabled
2024-06-21T17:47:33.544+07:00  INFO 21264 --- [userservice] [restartedMain] o.s.o.j.p.SpringPersistenceUnitInfo      : No LoadTimeWeaver setup: ignoring JPA class transformer
2024-06-21T17:47:33.591+07:00  INFO 21264 --- [userservice] [restartedMain] com.zaxxer.hikari.HikariDataSource       : HikariPool-1 - Starting...
2024-06-21T17:47:34.025+07:00  INFO 21264 --- [userservice] [restartedMain] com.zaxxer.hikari.pool.HikariPool        : HikariPool-1 - Added connection com.mysql.cj.jdbc.ConnectionImpl@1f4eaa56
2024-06-21T17:47:34.029+07:00  INFO 21264 --- [userservice] [restartedMain] com.zaxxer.hikari.HikariDataSource       : HikariPool-1 - Start completed.
2024-06-21T17:47:34.117+07:00  WARN 21264 --- [userservice] [restartedMain] org.hibernate.orm.deprecation            : HHH90000025: MySQLDialect does not need to be specified explicitly using 'hibernate.dialect' (remove the property setting and it will be selected by default)
2024-06-21T17:47:35.447+07:00  INFO 21264 --- [userservice] [restartedMain] o.h.e.t.j.p.i.JtaPlatformInitiator       : HHH000489: No JTA platform available (set 'hibernate.transaction.jta.platform' to enable JTA platform integration)
2024-06-21T17:47:35.537+07:00  INFO 21264 --- [userservice] [restartedMain] j.LocalContainerEntityManagerFactoryBean : Initialized JPA EntityManagerFactory for persistence unit 'default'
2024-06-21T17:47:36.137+07:00  INFO 21264 --- [userservice] [restartedMain] o.s.d.j.r.query.QueryEnhancerFactory     : Hibernate is in classpath; If applicable, HQL parser will be used.
2024-06-21T17:47:36.971+07:00  WARN 21264 --- [userservice] [restartedMain] r$InitializeUserDetailsManagerConfigurer : Global AuthenticationManager configured with an AuthenticationProvider bean. UserDetailsService beans will not be used for username/password login. Consider removing the AuthenticationProvider bean. Alternatively, consider using the UserDetailsService in a manually instantiated DaoAuthenticationProvider.
2024-06-21T17:47:37.034+07:00  WARN 21264 --- [userservice] [restartedMain] JpaBaseConfiguration$JpaWebConfiguration : spring.jpa.open-in-view is enabled by default. Therefore, database queries may be performed during view rendering. Explicitly configure spring.jpa.open-in-view to disable this warning
2024-06-21T17:47:37.562+07:00  INFO 21264 --- [userservice] [restartedMain] o.s.s.web.DefaultSecurityFilterChain     : Will secure any request with [org.springframework.security.web.session.DisableEncodeUrlFilter@5c8daec6, org.springframework.security.web.context.request.async.WebAsyncManagerIntegrationFilter@118b9eb3, org.springframework.security.web.context.SecurityContextHolderFilter@2c6e24ec, org.springframework.security.web.header.HeaderWriterFilter@6a00c70a, org.springframework.web.filter.CorsFilter@61a99882, org.springframework.security.web.authentication.logout.LogoutFilter@41aa6747, org.springframework.security.web.authentication.www.BasicAuthenticationFilter@13cbc004, org.springframework.security.web.savedrequest.RequestCacheAwareFilter@1f0e7b1e, org.springframework.security.web.servletapi.SecurityContextHolderAwareRequestFilter@2a60ec40, org.springframework.security.web.authentication.AnonymousAuthenticationFilter@32e1cf26, org.springframework.security.web.session.SessionManagementFilter@951910c, org.springframework.security.web.access.ExceptionTranslationFilter@5a61e27d, org.springframework.security.web.access.intercept.FilterSecurityInterceptor@47e7528c]
2024-06-21T17:47:37.954+07:00  INFO 21264 --- [userservice] [restartedMain] o.s.b.d.a.OptionalLiveReloadServer       : LiveReload server is running on port 35729
2024-06-21T17:47:38.088+07:00  INFO 21264 --- [userservice] [restartedMain] o.s.b.w.embedded.tomcat.TomcatWebServer  : Tomcat started on port 5513 (http) with context path '/'
2024-06-21T17:47:38.123+07:00  INFO 21264 --- [userservice] [restartedMain] devc.work.UserserviceApplication         : Started UserserviceApplication in 10.111 seconds (process running for 11.074)
2024-06-21T17:48:26.447+07:00  INFO 21264 --- [userservice] [http-nio-5513-exec-1] o.a.c.c.C.[Tomcat].[localhost].[/]       : Initializing Spring DispatcherServlet 'dispatcherServlet'
2024-06-21T17:48:26.448+07:00  INFO 21264 --- [userservice] [http-nio-5513-exec-1] o.s.web.servlet.DispatcherServlet        : Initializing Servlet 'dispatcherServlet'
2024-06-21T17:48:26.456+07:00  INFO 21264 --- [userservice] [http-nio-5513-exec-1] o.s.web.servlet.DispatcherServlet        : Completed initialization in 7 ms
2024-06-21T18:52:43.479+07:00  INFO 16844 --- [userservice] [restartedMain] devc.work.UserserviceApplication         : Starting UserserviceApplication using Java 21.0.2 with PID 16844 (E:\OneDrive - buv.edu.vn\JavaLearn\LearnJavaSpringBoot\userservice\target\classes started by Admin in E:\OneDrive - buv.edu.vn\JavaLearn\LearnJavaSpringBoot\userservice)
2024-06-21T18:52:43.515+07:00  INFO 16844 --- [userservice] [restartedMain] devc.work.UserserviceApplication         : No active profile set, falling back to 1 default profile: "default"
2024-06-21T18:52:43.875+07:00  INFO 16844 --- [userservice] [restartedMain] .e.DevToolsPropertyDefaultsPostProcessor : Devtools property defaults active! Set 'spring.devtools.add-properties' to 'false' to disable
2024-06-21T18:52:43.878+07:00  INFO 16844 --- [userservice] [restartedMain] .e.DevToolsPropertyDefaultsPostProcessor : For additional web related logging consider setting the 'logging.level.web' property to 'DEBUG'
2024-06-21T18:52:47.627+07:00  INFO 16844 --- [userservice] [restartedMain] .s.d.r.c.RepositoryConfigurationDelegate : Bootstrapping Spring Data JPA repositories in DEFAULT mode.
2024-06-21T18:52:47.865+07:00  INFO 16844 --- [userservice] [restartedMain] .s.d.r.c.RepositoryConfigurationDelegate : Finished Spring Data repository scanning in 206 ms. Found 2 JPA repository interfaces.
2024-06-21T18:52:48.864+07:00  INFO 16844 --- [userservice] [restartedMain] o.s.cloud.context.scope.GenericScope     : BeanFactory id=ffaf1866-95b7-3e8e-b388-4433dec4950d
2024-06-21T18:52:51.289+07:00  INFO 16844 --- [userservice] [restartedMain] o.s.b.w.embedded.tomcat.TomcatWebServer  : Tomcat initialized with port 5513 (http)
2024-06-21T18:52:51.346+07:00  INFO 16844 --- [userservice] [restartedMain] o.apache.catalina.core.StandardService   : Starting service [Tomcat]
2024-06-21T18:52:51.348+07:00  INFO 16844 --- [userservice] [restartedMain] o.apache.catalina.core.StandardEngine    : Starting Servlet engine: [Apache Tomcat/10.1.24]
2024-06-21T18:52:51.678+07:00  INFO 16844 --- [userservice] [restartedMain] o.a.c.c.C.[Tomcat].[localhost].[/]       : Initializing Spring embedded WebApplicationContext
2024-06-21T18:52:51.679+07:00  INFO 16844 --- [userservice] [restartedMain] w.s.c.ServletWebServerApplicationContext : Root WebApplicationContext: initialization completed in 7798 ms
2024-06-21T18:52:52.468+07:00  INFO 16844 --- [userservice] [restartedMain] o.hibernate.jpa.internal.util.LogHelper  : HHH000204: Processing PersistenceUnitInfo [name: default]
2024-06-21T18:52:52.783+07:00  INFO 16844 --- [userservice] [restartedMain] org.hibernate.Version                    : HHH000412: Hibernate ORM core version 6.5.2.Final
2024-06-21T18:52:52.942+07:00  INFO 16844 --- [userservice] [restartedMain] o.h.c.internal.RegionFactoryInitiator    : HHH000026: Second-level cache disabled
2024-06-21T18:52:54.445+07:00  INFO 16844 --- [userservice] [restartedMain] o.s.o.j.p.SpringPersistenceUnitInfo      : No LoadTimeWeaver setup: ignoring JPA class transformer
2024-06-21T18:52:54.572+07:00  INFO 16844 --- [userservice] [restartedMain] com.zaxxer.hikari.HikariDataSource       : HikariPool-1 - Starting...
2024-06-21T18:52:55.943+07:00  INFO 16844 --- [userservice] [restartedMain] com.zaxxer.hikari.pool.HikariPool        : HikariPool-1 - Added connection com.mysql.cj.jdbc.ConnectionImpl@309d37e1
2024-06-21T18:52:55.950+07:00  INFO 16844 --- [userservice] [restartedMain] com.zaxxer.hikari.HikariDataSource       : HikariPool-1 - Start completed.
2024-06-21T18:52:56.238+07:00  WARN 16844 --- [userservice] [restartedMain] org.hibernate.orm.deprecation            : HHH90000025: MySQLDialect does not need to be specified explicitly using 'hibernate.dialect' (remove the property setting and it will be selected by default)
2024-06-21T18:52:59.323+07:00  INFO 16844 --- [userservice] [restartedMain] o.h.e.t.j.p.i.JtaPlatformInitiator       : HHH000489: No JTA platform available (set 'hibernate.transaction.jta.platform' to enable JTA platform integration)
2024-06-21T18:52:59.526+07:00  INFO 16844 --- [userservice] [restartedMain] j.LocalContainerEntityManagerFactoryBean : Initialized JPA EntityManagerFactory for persistence unit 'default'
2024-06-21T18:53:00.518+07:00  INFO 16844 --- [userservice] [restartedMain] o.s.d.j.r.query.QueryEnhancerFactory     : Hibernate is in classpath; If applicable, HQL parser will be used.
2024-06-21T18:53:01.952+07:00  WARN 16844 --- [userservice] [restartedMain] r$InitializeUserDetailsManagerConfigurer : Global AuthenticationManager configured with an AuthenticationProvider bean. UserDetailsService beans will not be used for username/password login. Consider removing the AuthenticationProvider bean. Alternatively, consider using the UserDetailsService in a manually instantiated DaoAuthenticationProvider.
2024-06-21T18:53:02.044+07:00  WARN 16844 --- [userservice] [restartedMain] JpaBaseConfiguration$JpaWebConfiguration : spring.jpa.open-in-view is enabled by default. Therefore, database queries may be performed during view rendering. Explicitly configure spring.jpa.open-in-view to disable this warning
2024-06-21T18:53:03.091+07:00  INFO 16844 --- [userservice] [restartedMain] o.s.s.web.DefaultSecurityFilterChain     : Will secure any request with [org.springframework.security.web.session.DisableEncodeUrlFilter@7905fb2e, org.springframework.security.web.context.request.async.WebAsyncManagerIntegrationFilter@7194f162, org.springframework.security.web.context.SecurityContextHolderFilter@15e63368, org.springframework.security.web.header.HeaderWriterFilter@176f7afd, org.springframework.web.filter.CorsFilter@602a727f, org.springframework.security.web.authentication.logout.LogoutFilter@60df990b, org.springframework.security.web.authentication.www.BasicAuthenticationFilter@787e1cf0, org.springframework.security.web.savedrequest.RequestCacheAwareFilter@6594f8c1, org.springframework.security.web.servletapi.SecurityContextHolderAwareRequestFilter@a4d508, org.springframework.security.web.authentication.AnonymousAuthenticationFilter@285c4ae8, org.springframework.security.web.session.SessionManagementFilter@2f25ef9e, org.springframework.security.web.access.ExceptionTranslationFilter@3df9a639, org.springframework.security.web.access.intercept.FilterSecurityInterceptor@664d5cd6]
2024-06-21T18:53:03.822+07:00  WARN 16844 --- [userservice] [restartedMain] o.s.b.d.a.OptionalLiveReloadServer       : Unable to start LiveReload server
2024-06-21T18:53:04.920+07:00  INFO 16844 --- [userservice] [restartedMain] o.s.cloud.commons.util.InetUtils         : Cannot determine local hostname
2024-06-21T18:53:05.094+07:00  INFO 16844 --- [userservice] [restartedMain] o.s.b.w.embedded.tomcat.TomcatWebServer  : Tomcat started on port 5513 (http) with context path '/'
2024-06-21T18:53:06.122+07:00  INFO 16844 --- [userservice] [restartedMain] o.s.cloud.commons.util.InetUtils         : Cannot determine local hostname
2024-06-21T18:53:06.142+07:00  INFO 16844 --- [userservice] [restartedMain] devc.work.UserserviceApplication         : Started UserserviceApplication in 25.674 seconds (process running for 27.27)
2024-06-21T19:00:12.948+07:00  INFO 15988 --- [userservice] [restartedMain] devc.work.UserserviceApplication         : Starting UserserviceApplication using Java 21.0.2 with PID 15988 (E:\OneDrive - buv.edu.vn\JavaLearn\LearnJavaSpringBoot\userservice\target\classes started by Admin in E:\OneDrive - buv.edu.vn\JavaLearn\LearnJavaSpringBoot\userservice)
2024-06-21T19:00:12.953+07:00  INFO 15988 --- [userservice] [restartedMain] devc.work.UserserviceApplication         : No active profile set, falling back to 1 default profile: "default"
2024-06-21T19:00:13.046+07:00  INFO 15988 --- [userservice] [restartedMain] .e.DevToolsPropertyDefaultsPostProcessor : Devtools property defaults active! Set 'spring.devtools.add-properties' to 'false' to disable
2024-06-21T19:00:13.046+07:00  INFO 15988 --- [userservice] [restartedMain] .e.DevToolsPropertyDefaultsPostProcessor : For additional web related logging consider setting the 'logging.level.web' property to 'DEBUG'
2024-06-21T19:00:14.381+07:00  INFO 15988 --- [userservice] [restartedMain] .s.d.r.c.RepositoryConfigurationDelegate : Bootstrapping Spring Data JPA repositories in DEFAULT mode.
2024-06-21T19:00:14.466+07:00  INFO 15988 --- [userservice] [restartedMain] .s.d.r.c.RepositoryConfigurationDelegate : Finished Spring Data repository scanning in 73 ms. Found 2 JPA repository interfaces.
2024-06-21T19:00:14.810+07:00  INFO 15988 --- [userservice] [restartedMain] o.s.cloud.context.scope.GenericScope     : BeanFactory id=ffaf1866-95b7-3e8e-b388-4433dec4950d
2024-06-21T19:00:15.762+07:00  INFO 15988 --- [userservice] [restartedMain] o.s.b.w.embedded.tomcat.TomcatWebServer  : Tomcat initialized with port 5513 (http)
2024-06-21T19:00:15.783+07:00  INFO 15988 --- [userservice] [restartedMain] o.apache.catalina.core.StandardService   : Starting service [Tomcat]
2024-06-21T19:00:15.784+07:00  INFO 15988 --- [userservice] [restartedMain] o.apache.catalina.core.StandardEngine    : Starting Servlet engine: [Apache Tomcat/10.1.24]
2024-06-21T19:00:15.869+07:00  INFO 15988 --- [userservice] [restartedMain] o.a.c.c.C.[Tomcat].[localhost].[/]       : Initializing Spring embedded WebApplicationContext
2024-06-21T19:00:15.870+07:00  INFO 15988 --- [userservice] [restartedMain] w.s.c.ServletWebServerApplicationContext : Root WebApplicationContext: initialization completed in 2823 ms
2024-06-21T19:00:16.110+07:00  INFO 15988 --- [userservice] [restartedMain] o.hibernate.jpa.internal.util.LogHelper  : HHH000204: Processing PersistenceUnitInfo [name: default]
2024-06-21T19:00:16.244+07:00  INFO 15988 --- [userservice] [restartedMain] org.hibernate.Version                    : HHH000412: Hibernate ORM core version 6.5.2.Final
2024-06-21T19:00:16.315+07:00  INFO 15988 --- [userservice] [restartedMain] o.h.c.internal.RegionFactoryInitiator    : HHH000026: Second-level cache disabled
2024-06-21T19:00:16.841+07:00  INFO 15988 --- [userservice] [restartedMain] o.s.o.j.p.SpringPersistenceUnitInfo      : No LoadTimeWeaver setup: ignoring JPA class transformer
2024-06-21T19:00:16.877+07:00  INFO 15988 --- [userservice] [restartedMain] com.zaxxer.hikari.HikariDataSource       : HikariPool-1 - Starting...
2024-06-21T19:00:17.204+07:00  INFO 15988 --- [userservice] [restartedMain] com.zaxxer.hikari.pool.HikariPool        : HikariPool-1 - Added connection com.mysql.cj.jdbc.ConnectionImpl@5df48f5a
2024-06-21T19:00:17.207+07:00  INFO 15988 --- [userservice] [restartedMain] com.zaxxer.hikari.HikariDataSource       : HikariPool-1 - Start completed.
2024-06-21T19:00:17.286+07:00  WARN 15988 --- [userservice] [restartedMain] org.hibernate.orm.deprecation            : HHH90000025: MySQLDialect does not need to be specified explicitly using 'hibernate.dialect' (remove the property setting and it will be selected by default)
2024-06-21T19:00:18.527+07:00  INFO 15988 --- [userservice] [restartedMain] o.h.e.t.j.p.i.JtaPlatformInitiator       : HHH000489: No JTA platform available (set 'hibernate.transaction.jta.platform' to enable JTA platform integration)
2024-06-21T19:00:18.650+07:00  INFO 15988 --- [userservice] [restartedMain] j.LocalContainerEntityManagerFactoryBean : Initialized JPA EntityManagerFactory for persistence unit 'default'
2024-06-21T19:00:19.049+07:00  INFO 15988 --- [userservice] [restartedMain] o.s.d.j.r.query.QueryEnhancerFactory     : Hibernate is in classpath; If applicable, HQL parser will be used.
2024-06-21T19:00:19.621+07:00  WARN 15988 --- [userservice] [restartedMain] r$InitializeUserDetailsManagerConfigurer : Global AuthenticationManager configured with an AuthenticationProvider bean. UserDetailsService beans will not be used for username/password login. Consider removing the AuthenticationProvider bean. Alternatively, consider using the UserDetailsService in a manually instantiated DaoAuthenticationProvider.
2024-06-21T19:00:19.657+07:00  WARN 15988 --- [userservice] [restartedMain] JpaBaseConfiguration$JpaWebConfiguration : spring.jpa.open-in-view is enabled by default. Therefore, database queries may be performed during view rendering. Explicitly configure spring.jpa.open-in-view to disable this warning
2024-06-21T19:00:20.061+07:00  INFO 15988 --- [userservice] [restartedMain] o.s.s.web.DefaultSecurityFilterChain     : Will secure any request with [org.springframework.security.web.session.DisableEncodeUrlFilter@50fdcec5, org.springframework.security.web.context.request.async.WebAsyncManagerIntegrationFilter@4dac12cf, org.springframework.security.web.context.SecurityContextHolderFilter@756975a3, org.springframework.security.web.header.HeaderWriterFilter@7fe6c09f, org.springframework.web.filter.CorsFilter@95bf030, org.springframework.security.web.authentication.logout.LogoutFilter@29c4f660, org.springframework.security.web.authentication.www.BasicAuthenticationFilter@5ed8729f, org.springframework.security.web.savedrequest.RequestCacheAwareFilter@2b1b3a43, org.springframework.security.web.servletapi.SecurityContextHolderAwareRequestFilter@328af16d, org.springframework.security.web.authentication.AnonymousAuthenticationFilter@35ff9b12, org.springframework.security.web.session.SessionManagementFilter@37957fe2, org.springframework.security.web.access.ExceptionTranslationFilter@12079c7e, org.springframework.security.web.access.intercept.FilterSecurityInterceptor@6fdff44a]
2024-06-21T19:00:20.335+07:00  WARN 15988 --- [userservice] [restartedMain] o.s.b.d.a.OptionalLiveReloadServer       : Unable to start LiveReload server
2024-06-21T19:00:21.363+07:00  INFO 15988 --- [userservice] [restartedMain] o.s.cloud.commons.util.InetUtils         : Cannot determine local hostname
2024-06-21T19:00:21.439+07:00  INFO 15988 --- [userservice] [restartedMain] o.s.b.w.embedded.tomcat.TomcatWebServer  : Tomcat started on port 5513 (http) with context path '/'
2024-06-21T19:00:22.461+07:00  INFO 15988 --- [userservice] [restartedMain] o.s.cloud.commons.util.InetUtils         : Cannot determine local hostname
2024-06-21T19:00:22.470+07:00  INFO 15988 --- [userservice] [restartedMain] devc.work.UserserviceApplication         : Started UserserviceApplication in 11.231 seconds (process running for 11.889)
2024-06-21T19:00:28.283+07:00  INFO 15988 --- [userservice] [http-nio-5513-exec-1] o.a.c.c.C.[Tomcat].[localhost].[/]       : Initializing Spring DispatcherServlet 'dispatcherServlet'
2024-06-21T19:00:28.283+07:00  INFO 15988 --- [userservice] [http-nio-5513-exec-1] o.s.web.servlet.DispatcherServlet        : Initializing Servlet 'dispatcherServlet'
2024-06-21T19:00:28.286+07:00  INFO 15988 --- [userservice] [http-nio-5513-exec-1] o.s.web.servlet.DispatcherServlet        : Completed initialization in 3 ms
2024-06-21T19:03:17.306+07:00  INFO 24888 --- [userservice] [restartedMain] devc.work.UserserviceApplication         : Starting UserserviceApplication using Java 21.0.2 with PID 24888 (E:\OneDrive - buv.edu.vn\JavaLearn\LearnJavaSpringBoot\userservice\target\classes started by Admin in E:\OneDrive - buv.edu.vn\JavaLearn\LearnJavaSpringBoot\userservice)
2024-06-21T19:03:17.309+07:00  INFO 24888 --- [userservice] [restartedMain] devc.work.UserserviceApplication         : No active profile set, falling back to 1 default profile: "default"
2024-06-21T19:03:17.385+07:00  INFO 24888 --- [userservice] [restartedMain] .e.DevToolsPropertyDefaultsPostProcessor : Devtools property defaults active! Set 'spring.devtools.add-properties' to 'false' to disable
2024-06-21T19:03:17.385+07:00  INFO 24888 --- [userservice] [restartedMain] .e.DevToolsPropertyDefaultsPostProcessor : For additional web related logging consider setting the 'logging.level.web' property to 'DEBUG'
2024-06-21T19:03:18.565+07:00  INFO 24888 --- [userservice] [restartedMain] .s.d.r.c.RepositoryConfigurationDelegate : Bootstrapping Spring Data JPA repositories in DEFAULT mode.
2024-06-21T19:03:18.659+07:00  INFO 24888 --- [userservice] [restartedMain] .s.d.r.c.RepositoryConfigurationDelegate : Finished Spring Data repository scanning in 83 ms. Found 2 JPA repository interfaces.
2024-06-21T19:03:19.010+07:00  INFO 24888 --- [userservice] [restartedMain] o.s.cloud.context.scope.GenericScope     : BeanFactory id=ffaf1866-95b7-3e8e-b388-4433dec4950d
2024-06-21T19:03:19.914+07:00  INFO 24888 --- [userservice] [restartedMain] o.s.b.w.embedded.tomcat.TomcatWebServer  : Tomcat initialized with port 5513 (http)
2024-06-21T19:03:19.935+07:00  INFO 24888 --- [userservice] [restartedMain] o.apache.catalina.core.StandardService   : Starting service [Tomcat]
2024-06-21T19:03:19.936+07:00  INFO 24888 --- [userservice] [restartedMain] o.apache.catalina.core.StandardEngine    : Starting Servlet engine: [Apache Tomcat/10.1.24]
2024-06-21T19:03:20.011+07:00  INFO 24888 --- [userservice] [restartedMain] o.a.c.c.C.[Tomcat].[localhost].[/]       : Initializing Spring embedded WebApplicationContext
2024-06-21T19:03:20.011+07:00  INFO 24888 --- [userservice] [restartedMain] w.s.c.ServletWebServerApplicationContext : Root WebApplicationContext: initialization completed in 2625 ms
2024-06-21T19:03:20.299+07:00  INFO 24888 --- [userservice] [restartedMain] o.hibernate.jpa.internal.util.LogHelper  : HHH000204: Processing PersistenceUnitInfo [name: default]
2024-06-21T19:03:20.452+07:00  INFO 24888 --- [userservice] [restartedMain] org.hibernate.Version                    : HHH000412: Hibernate ORM core version 6.5.2.Final
2024-06-21T19:03:20.546+07:00  INFO 24888 --- [userservice] [restartedMain] o.h.c.internal.RegionFactoryInitiator    : HHH000026: Second-level cache disabled
2024-06-21T19:03:21.047+07:00  INFO 24888 --- [userservice] [restartedMain] o.s.o.j.p.SpringPersistenceUnitInfo      : No LoadTimeWeaver setup: ignoring JPA class transformer
2024-06-21T19:03:21.083+07:00  INFO 24888 --- [userservice] [restartedMain] com.zaxxer.hikari.HikariDataSource       : HikariPool-1 - Starting...
2024-06-21T19:03:21.433+07:00  INFO 24888 --- [userservice] [restartedMain] com.zaxxer.hikari.pool.HikariPool        : HikariPool-1 - Added connection com.mysql.cj.jdbc.ConnectionImpl@1e92953a
2024-06-21T19:03:21.437+07:00  INFO 24888 --- [userservice] [restartedMain] com.zaxxer.hikari.HikariDataSource       : HikariPool-1 - Start completed.
2024-06-21T19:03:21.537+07:00  WARN 24888 --- [userservice] [restartedMain] org.hibernate.orm.deprecation            : HHH90000025: MySQLDialect does not need to be specified explicitly using 'hibernate.dialect' (remove the property setting and it will be selected by default)
2024-06-21T19:03:22.832+07:00  INFO 24888 --- [userservice] [restartedMain] o.h.e.t.j.p.i.JtaPlatformInitiator       : HHH000489: No JTA platform available (set 'hibernate.transaction.jta.platform' to enable JTA platform integration)
2024-06-21T19:03:22.925+07:00  INFO 24888 --- [userservice] [restartedMain] j.LocalContainerEntityManagerFactoryBean : Initialized JPA EntityManagerFactory for persistence unit 'default'
2024-06-21T19:03:23.310+07:00  INFO 24888 --- [userservice] [restartedMain] o.s.d.j.r.query.QueryEnhancerFactory     : Hibernate is in classpath; If applicable, HQL parser will be used.
2024-06-21T19:03:23.922+07:00  WARN 24888 --- [userservice] [restartedMain] r$InitializeUserDetailsManagerConfigurer : Global AuthenticationManager configured with an AuthenticationProvider bean. UserDetailsService beans will not be used for username/password login. Consider removing the AuthenticationProvider bean. Alternatively, consider using the UserDetailsService in a manually instantiated DaoAuthenticationProvider.
2024-06-21T19:03:23.969+07:00  WARN 24888 --- [userservice] [restartedMain] JpaBaseConfiguration$JpaWebConfiguration : spring.jpa.open-in-view is enabled by default. Therefore, database queries may be performed during view rendering. Explicitly configure spring.jpa.open-in-view to disable this warning
2024-06-21T19:03:24.369+07:00  INFO 24888 --- [userservice] [restartedMain] o.s.s.web.DefaultSecurityFilterChain     : Will secure any request with [org.springframework.security.web.session.DisableEncodeUrlFilter@393a6193, org.springframework.security.web.context.request.async.WebAsyncManagerIntegrationFilter@62b45b70, org.springframework.security.web.context.SecurityContextHolderFilter@22c28618, org.springframework.security.web.header.HeaderWriterFilter@34a97f2c, org.springframework.web.filter.CorsFilter@1fca373c, org.springframework.security.web.authentication.logout.LogoutFilter@10cce852, org.springframework.security.web.authentication.www.BasicAuthenticationFilter@5b1008ac, org.springframework.security.web.savedrequest.RequestCacheAwareFilter@5d8a9b7f, org.springframework.security.web.servletapi.SecurityContextHolderAwareRequestFilter@61819057, org.springframework.security.web.authentication.AnonymousAuthenticationFilter@7917004c, org.springframework.security.web.session.SessionManagementFilter@21ecd25b, org.springframework.security.web.access.ExceptionTranslationFilter@52201133, org.springframework.security.web.access.intercept.FilterSecurityInterceptor@21d97005]
2024-06-21T19:03:24.697+07:00  WARN 24888 --- [userservice] [restartedMain] o.s.b.d.a.OptionalLiveReloadServer       : Unable to start LiveReload server
2024-06-21T19:03:25.735+07:00  INFO 24888 --- [userservice] [restartedMain] o.s.cloud.commons.util.InetUtils         : Cannot determine local hostname
2024-06-21T19:03:25.792+07:00  INFO 24888 --- [userservice] [restartedMain] o.s.b.w.embedded.tomcat.TomcatWebServer  : Tomcat started on port 5513 (http) with context path '/'
2024-06-21T19:03:26.809+07:00  INFO 24888 --- [userservice] [restartedMain] o.s.cloud.commons.util.InetUtils         : Cannot determine local hostname
2024-06-21T19:03:26.820+07:00  INFO 24888 --- [userservice] [restartedMain] devc.work.UserserviceApplication         : Started UserserviceApplication in 11.103 seconds (process running for 11.666)
2024-06-21T20:41:53.489+07:00  INFO 25220 --- [userservice] [restartedMain] devc.work.UserserviceApplication         : Starting UserserviceApplication using Java 21.0.2 with PID 25220 (E:\OneDrive - buv.edu.vn\JavaLearn\LearnJavaSpringBoot\userservice\target\classes started by Admin in E:\OneDrive - buv.edu.vn\JavaLearn\LearnJavaSpringBoot\userservice)
2024-06-21T20:41:53.496+07:00  INFO 25220 --- [userservice] [restartedMain] devc.work.UserserviceApplication         : No active profile set, falling back to 1 default profile: "default"
2024-06-21T20:41:53.840+07:00  INFO 25220 --- [userservice] [restartedMain] .e.DevToolsPropertyDefaultsPostProcessor : Devtools property defaults active! Set 'spring.devtools.add-properties' to 'false' to disable
2024-06-21T20:41:53.845+07:00  INFO 25220 --- [userservice] [restartedMain] .e.DevToolsPropertyDefaultsPostProcessor : For additional web related logging consider setting the 'logging.level.web' property to 'DEBUG'
2024-06-21T20:41:58.659+07:00  INFO 25220 --- [userservice] [restartedMain] .s.d.r.c.RepositoryConfigurationDelegate : Bootstrapping Spring Data JPA repositories in DEFAULT mode.
2024-06-21T20:41:58.982+07:00  INFO 25220 --- [userservice] [restartedMain] .s.d.r.c.RepositoryConfigurationDelegate : Finished Spring Data repository scanning in 289 ms. Found 2 JPA repository interfaces.
2024-06-21T20:42:00.148+07:00  INFO 25220 --- [userservice] [restartedMain] o.s.cloud.context.scope.GenericScope     : BeanFactory id=ffaf1866-95b7-3e8e-b388-4433dec4950d
2024-06-21T20:42:02.723+07:00  INFO 25220 --- [userservice] [restartedMain] o.s.b.w.embedded.tomcat.TomcatWebServer  : Tomcat initialized with port 5513 (http)
2024-06-21T20:42:02.773+07:00  INFO 25220 --- [userservice] [restartedMain] o.apache.catalina.core.StandardService   : Starting service [Tomcat]
2024-06-21T20:42:02.775+07:00  INFO 25220 --- [userservice] [restartedMain] o.apache.catalina.core.StandardEngine    : Starting Servlet engine: [Apache Tomcat/10.1.24]
2024-06-21T20:42:02.999+07:00  INFO 25220 --- [userservice] [restartedMain] o.a.c.c.C.[Tomcat].[localhost].[/]       : Initializing Spring embedded WebApplicationContext
2024-06-21T20:42:03.000+07:00  INFO 25220 --- [userservice] [restartedMain] w.s.c.ServletWebServerApplicationContext : Root WebApplicationContext: initialization completed in 9153 ms
2024-06-21T20:42:03.725+07:00  INFO 25220 --- [userservice] [restartedMain] o.hibernate.jpa.internal.util.LogHelper  : HHH000204: Processing PersistenceUnitInfo [name: default]
2024-06-21T20:42:04.094+07:00  INFO 25220 --- [userservice] [restartedMain] org.hibernate.Version                    : HHH000412: Hibernate ORM core version 6.5.2.Final
2024-06-21T20:42:04.264+07:00  INFO 25220 --- [userservice] [restartedMain] o.h.c.internal.RegionFactoryInitiator    : HHH000026: Second-level cache disabled
2024-06-21T20:42:05.590+07:00  INFO 25220 --- [userservice] [restartedMain] o.s.o.j.p.SpringPersistenceUnitInfo      : No LoadTimeWeaver setup: ignoring JPA class transformer
2024-06-21T20:42:05.706+07:00  INFO 25220 --- [userservice] [restartedMain] com.zaxxer.hikari.HikariDataSource       : HikariPool-1 - Starting...
2024-06-21T20:42:07.043+07:00  INFO 25220 --- [userservice] [restartedMain] com.zaxxer.hikari.pool.HikariPool        : HikariPool-1 - Added connection com.mysql.cj.jdbc.ConnectionImpl@59a5235f
2024-06-21T20:42:07.048+07:00  INFO 25220 --- [userservice] [restartedMain] com.zaxxer.hikari.HikariDataSource       : HikariPool-1 - Start completed.
2024-06-21T20:42:07.319+07:00  WARN 25220 --- [userservice] [restartedMain] org.hibernate.orm.deprecation            : HHH90000025: MySQLDialect does not need to be specified explicitly using 'hibernate.dialect' (remove the property setting and it will be selected by default)
2024-06-21T20:42:10.146+07:00  INFO 25220 --- [userservice] [restartedMain] o.h.e.t.j.p.i.JtaPlatformInitiator       : HHH000489: No JTA platform available (set 'hibernate.transaction.jta.platform' to enable JTA platform integration)
2024-06-21T20:42:10.392+07:00  INFO 25220 --- [userservice] [restartedMain] j.LocalContainerEntityManagerFactoryBean : Initialized JPA EntityManagerFactory for persistence unit 'default'
2024-06-21T20:42:11.200+07:00  INFO 25220 --- [userservice] [restartedMain] o.s.d.j.r.query.QueryEnhancerFactory     : Hibernate is in classpath; If applicable, HQL parser will be used.
2024-06-21T20:42:12.451+07:00  WARN 25220 --- [userservice] [restartedMain] r$InitializeUserDetailsManagerConfigurer : Global AuthenticationManager configured with an AuthenticationProvider bean. UserDetailsService beans will not be used for username/password login. Consider removing the AuthenticationProvider bean. Alternatively, consider using the UserDetailsService in a manually instantiated DaoAuthenticationProvider.
2024-06-21T20:42:12.533+07:00  WARN 25220 --- [userservice] [restartedMain] JpaBaseConfiguration$JpaWebConfiguration : spring.jpa.open-in-view is enabled by default. Therefore, database queries may be performed during view rendering. Explicitly configure spring.jpa.open-in-view to disable this warning
2024-06-21T20:42:13.461+07:00  INFO 25220 --- [userservice] [restartedMain] o.s.s.web.DefaultSecurityFilterChain     : Will secure any request with [org.springframework.security.web.session.DisableEncodeUrlFilter@430369a, org.springframework.security.web.context.request.async.WebAsyncManagerIntegrationFilter@6bb508e1, org.springframework.security.web.context.SecurityContextHolderFilter@34a20e3d, org.springframework.security.web.header.HeaderWriterFilter@2f7e7d32, org.springframework.web.filter.CorsFilter@5bad3a58, org.springframework.security.web.authentication.logout.LogoutFilter@1801b63b, org.springframework.security.web.authentication.www.BasicAuthenticationFilter@178f1ca9, org.springframework.security.web.savedrequest.RequestCacheAwareFilter@51807447, org.springframework.security.web.servletapi.SecurityContextHolderAwareRequestFilter@7f7a1f41, org.springframework.security.web.authentication.AnonymousAuthenticationFilter@72ba6d2d, org.springframework.security.web.session.SessionManagementFilter@14f3c9a, org.springframework.security.web.access.ExceptionTranslationFilter@4af4ab66, org.springframework.security.web.access.intercept.FilterSecurityInterceptor@3ff26e01]
2024-06-21T20:42:14.075+07:00  WARN 25220 --- [userservice] [restartedMain] o.s.b.d.a.OptionalLiveReloadServer       : Unable to start LiveReload server
2024-06-21T20:42:15.147+07:00  INFO 25220 --- [userservice] [restartedMain] o.s.cloud.commons.util.InetUtils         : Cannot determine local hostname
2024-06-21T20:42:15.272+07:00  INFO 25220 --- [userservice] [restartedMain] o.s.b.w.embedded.tomcat.TomcatWebServer  : Tomcat started on port 5513 (http) with context path '/'
2024-06-21T20:42:16.312+07:00  INFO 25220 --- [userservice] [restartedMain] o.s.cloud.commons.util.InetUtils         : Cannot determine local hostname
2024-06-21T20:42:16.330+07:00  INFO 25220 --- [userservice] [restartedMain] devc.work.UserserviceApplication         : Started UserserviceApplication in 25.74 seconds (process running for 28.113)
2024-06-21T20:42:29.848+07:00  INFO 25220 --- [userservice] [http-nio-5513-exec-1] o.a.c.c.C.[Tomcat].[localhost].[/]       : Initializing Spring DispatcherServlet 'dispatcherServlet'
2024-06-21T20:42:29.849+07:00  INFO 25220 --- [userservice] [http-nio-5513-exec-1] o.s.web.servlet.DispatcherServlet        : Initializing Servlet 'dispatcherServlet'
2024-06-21T20:42:29.852+07:00  INFO 25220 --- [userservice] [http-nio-5513-exec-1] o.s.web.servlet.DispatcherServlet        : Completed initialization in 3 ms
